2026-01-25 00:29:02,614 - __main__ - INFO - === –ë–æ—Ç –∑–∞–ø—É—â–µ–Ω —Å –ª–æ–≥–∏—Ä–æ–≤–∞–Ω–∏–µ–º –ø–ª–∞—Ç–µ–∂–µ–π ===
2026-01-25 00:30:07,528 - __main__ - INFO - === –ë–æ—Ç –∑–∞–ø—É—â–µ–Ω —Å –ª–æ–≥–∏—Ä–æ–≤–∞–Ω–∏–µ–º –ø–ª–∞—Ç–µ–∂–µ–π ===
2026-01-25 00:38:56,076 - __main__ - INFO - === –ë–æ—Ç –∑–∞–ø—É—â–µ–Ω —Å –ª–æ–≥–∏—Ä–æ–≤–∞–Ω–∏–µ–º –ø–ª–∞—Ç–µ–∂–µ–π ===
2026-01-25 00:43:36,961 - __main__ - INFO - === –ë–æ—Ç –∑–∞–ø—É—â–µ–Ω —Å –ª–æ–≥–∏—Ä–æ–≤–∞–Ω–∏–µ–º –ø–ª–∞—Ç–µ–∂–µ–π ===
2026-01-25 00:50:37,176 - __main__ - INFO - === –ë–æ—Ç –∑–∞–ø—É—â–µ–Ω —Å –ª–æ–≥–∏—Ä–æ–≤–∞–Ω–∏–µ–º –ø–ª–∞—Ç–µ–∂–µ–π ===
2026-01-25 00:50:45,384 - __main__ - INFO - === –ë–æ—Ç –∑–∞–ø—É—â–µ–Ω —Å –ª–æ–≥–∏—Ä–æ–≤–∞–Ω–∏–µ–º –ø–ª–∞—Ç–µ–∂–µ–π ===
2026-01-25 00:51:36,471 - __main__ - INFO - === –ë–æ—Ç –∑–∞–ø—É—â–µ–Ω —Å –ª–æ–≥–∏—Ä–æ–≤–∞–Ω–∏–µ–º –ø–ª–∞—Ç–µ–∂–µ–π ===
2026-01-25 00:52:16,650 - __main__ - INFO - === –ë–æ—Ç –∑–∞–ø—É—â–µ–Ω —Å –ª–æ–≥–∏—Ä–æ–≤–∞–Ω–∏–µ–º –ø–ª–∞—Ç–µ–∂–µ–π ===
2026-01-25 00:59:14,740 - __main__ - INFO - === –ë–æ—Ç –∑–∞–ø—É—â–µ–Ω —Å –ª–æ–≥–∏—Ä–æ–≤–∞–Ω–∏–µ–º –ø–ª–∞—Ç–µ–∂–µ–π ===
2026-01-25 01:01:49,460 - __main__ - INFO - === –ë–æ—Ç –∑–∞–ø—É—â–µ–Ω —Å –ª–æ–≥–∏—Ä–æ–≤–∞–Ω–∏–µ–º –ø–ª–∞—Ç–µ–∂–µ–π ===
2026-01-25 01:02:35,702 - __main__ - INFO - === –ë–æ—Ç –∑–∞–ø—É—â–µ–Ω —Å –ª–æ–≥–∏—Ä–æ–≤–∞–Ω–∏–µ–º –ø–ª–∞—Ç–µ–∂–µ–π ===
2026-01-25 01:11:33,165 - __main__ - INFO - === –ë–æ—Ç –∑–∞–ø—É—â–µ–Ω —Å –ª–æ–≥–∏—Ä–æ–≤–∞–Ω–∏–µ–º –ø–ª–∞—Ç–µ–∂–µ–π ===
2026-01-25 01:15:24,769 - __main__ - INFO - === –ë–æ—Ç –∑–∞–ø—É—â–µ–Ω —Å –ª–æ–≥–∏—Ä–æ–≤–∞–Ω–∏–µ–º –ø–ª–∞—Ç–µ–∂–µ–π ===
2026-01-25 01:16:25,315 - __main__ - INFO - === –ë–æ—Ç –∑–∞–ø—É—â–µ–Ω —Å –ª–æ–≥–∏—Ä–æ–≤–∞–Ω–∏–µ–º –ø–ª–∞—Ç–µ–∂–µ–π ===
2026-01-25 01:24:12,412 - __main__ - INFO - === –ë–æ—Ç –∑–∞–ø—É—â–µ–Ω —Å –ª–æ–≥–∏—Ä–æ–≤–∞–Ω–∏–µ–º –ø–ª–∞—Ç–µ–∂–µ–π ===
2026-01-25 01:24:48,795 - __main__ - INFO - === –ë–æ—Ç –∑–∞–ø—É—â–µ–Ω —Å –ª–æ–≥–∏—Ä–æ–≤–∞–Ω–∏–µ–º –ø–ª–∞—Ç–µ–∂–µ–π ===
2026-01-25 01:27:26,688 - __main__ - INFO - === –ë–æ—Ç –∑–∞–ø—É—â–µ–Ω —Å –ª–æ–≥–∏—Ä–æ–≤–∞–Ω–∏–µ–º –ø–ª–∞—Ç–µ–∂–µ–π ===
2026-01-25 13:19:44,978 - __main__ - INFO - === –ë–æ—Ç –∑–∞–ø—É—â–µ–Ω —Å –ª–æ–≥–∏—Ä–æ–≤–∞–Ω–∏–µ–º –ø–ª–∞—Ç–µ–∂–µ–π ===
2026-01-25 13:21:38,579 - __main__ - ERROR - Exception while handling an update: No module named 'bot'
Traceback (most recent call last):
  File "C:\Users\–°–ê–®–ê–î–ê–®–ê\AppData\Local\Programs\Python\Python314\Lib\site-packages\telegram\ext\_application.py", line 1315, in process_update
    await coroutine
  File "C:\Users\–°–ê–®–ê–î–ê–®–ê\AppData\Local\Programs\Python\Python314\Lib\site-packages\telegram\ext\_handlers\basehandler.py", line 159, in handle_update
    return await self.callback(update, context)
           ^^^^^^^^^^^^^^^^^^^^^^^^^^^^^^^^^^^^
  File "C:\Users\–°–ê–®–ê–î–ê–®–ê\Desktop\marafon_bot\bot_marafon.py", line 348, in handle_buttons
    await unique_buttons[text](update, context)
  File "C:\Users\–°–ê–®–ê–î–ê–®–ê\Desktop\marafon_bot\bot_marafon.py", line 878, in my_assignments_menu
    missed_days = check_and_open_missed_days(user_id)
  File "C:\Users\–°–ê–®–ê–î–ê–®–ê\Desktop\marafon_bot\database.py", line 1507, in check_and_open_missed_days
    user_time = get_user_local_time(user_id)
  File "C:\Users\–°–ê–®–ê–î–ê–®–ê\Desktop\marafon_bot\database.py", line 49, in get_user_local_time
    from bot import get_moscow_time  # –ò–º–ø–æ—Ä—Ç–∏—Ä—É–µ–º –∏–∑ bot.py
    ^^^^^^^^^^^^^^^^^^^^^^^^^^^^^^^
ModuleNotFoundError: No module named 'bot'
2026-01-25 13:22:28,676 - __main__ - INFO - === –ë–æ—Ç –∑–∞–ø—É—â–µ–Ω —Å –ª–æ–≥–∏—Ä–æ–≤–∞–Ω–∏–µ–º –ø–ª–∞—Ç–µ–∂–µ–π ===
2026-01-25 13:23:39,379 - bot - INFO - === –ë–æ—Ç –∑–∞–ø—É—â–µ–Ω —Å –ª–æ–≥–∏—Ä–æ–≤–∞–Ω–∏–µ–º –ø–ª–∞—Ç–µ–∂–µ–π ===
2026-01-25 16:37:09,444 - __main__ - INFO - === –ë–æ—Ç –∑–∞–ø—É—â–µ–Ω —Å –ª–æ–≥–∏—Ä–æ–≤–∞–Ω–∏–µ–º –ø–ª–∞—Ç–µ–∂–µ–π ===
2026-01-25 16:37:10,662 - __main__ - ERROR - Exception while handling an update: Conflict: terminated by other getUpdates request; make sure that only one bot instance is running
Traceback (most recent call last):
  File "C:\Users\–°–ê–®–ê–î–ê–®–ê\AppData\Local\Programs\Python\Python314\Lib\site-packages\telegram\ext\_utils\networkloop.py", line 134, in network_retry_loop
    await do_action()
  File "C:\Users\–°–ê–®–ê–î–ê–®–ê\AppData\Local\Programs\Python\Python314\Lib\site-packages\telegram\ext\_utils\networkloop.py", line 127, in do_action
    action_cb_task.result()
    ~~~~~~~~~~~~~~~~~~~~~^^
  File "C:\Users\–°–ê–®–ê–î–ê–®–ê\AppData\Local\Programs\Python\Python314\Lib\site-packages\telegram\ext\_updater.py", line 340, in polling_action_cb
    updates = await self.bot.get_updates(
              ^^^^^^^^^^^^^^^^^^^^^^^^^^^
    ...<3 lines>...
    )
    ^
  File "C:\Users\–°–ê–®–ê–î–ê–®–ê\AppData\Local\Programs\Python\Python314\Lib\site-packages\telegram\ext\_extbot.py", line 676, in get_updates
    updates = await super().get_updates(
              ^^^^^^^^^^^^^^^^^^^^^^^^^^
    ...<9 lines>...
    )
    ^
  File "C:\Users\–°–ê–®–ê–î–ê–®–ê\AppData\Local\Programs\Python\Python314\Lib\site-packages\telegram\_bot.py", line 4780, in get_updates
    await self._post(
    ^^^^^^^^^^^^^^^^^
    ...<7 lines>...
    ),
    ^
  File "C:\Users\–°–ê–®–ê–î–ê–®–ê\AppData\Local\Programs\Python\Python314\Lib\site-packages\telegram\_bot.py", line 703, in _post
    return await self._do_post(
           ^^^^^^^^^^^^^^^^^^^^
    ...<6 lines>...
    )
    ^
  File "C:\Users\–°–ê–®–ê–î–ê–®–ê\AppData\Local\Programs\Python\Python314\Lib\site-packages\telegram\ext\_extbot.py", line 372, in _do_post
    return await super()._do_post(
           ^^^^^^^^^^^^^^^^^^^^^^^
    ...<6 lines>...
    )
    ^
  File "C:\Users\–°–ê–®–ê–î–ê–®–ê\AppData\Local\Programs\Python\Python314\Lib\site-packages\telegram\_bot.py", line 732, in _do_post
    result = await request.post(
             ^^^^^^^^^^^^^^^^^^^
    ...<6 lines>...
    )
    ^
  File "C:\Users\–°–ê–®–ê–î–ê–®–ê\AppData\Local\Programs\Python\Python314\Lib\site-packages\telegram\request\_baserequest.py", line 198, in post
    result = await self._request_wrapper(
             ^^^^^^^^^^^^^^^^^^^^^^^^^^^^
    ...<7 lines>...
    )
    ^
  File "C:\Users\–°–ê–®–ê–î–ê–®–ê\AppData\Local\Programs\Python\Python314\Lib\site-packages\telegram\request\_baserequest.py", line 375, in _request_wrapper
    raise exception
telegram.error.Conflict: Conflict: terminated by other getUpdates request; make sure that only one bot instance is running
2026-01-25 16:37:14,756 - __main__ - ERROR - Exception while handling an update: Conflict: terminated by other getUpdates request; make sure that only one bot instance is running
Traceback (most recent call last):
  File "C:\Users\–°–ê–®–ê–î–ê–®–ê\AppData\Local\Programs\Python\Python314\Lib\site-packages\telegram\ext\_utils\networkloop.py", line 134, in network_retry_loop
    await do_action()
  File "C:\Users\–°–ê–®–ê–î–ê–®–ê\AppData\Local\Programs\Python\Python314\Lib\site-packages\telegram\ext\_utils\networkloop.py", line 127, in do_action
    action_cb_task.result()
    ~~~~~~~~~~~~~~~~~~~~~^^
  File "C:\Users\–°–ê–®–ê–î–ê–®–ê\AppData\Local\Programs\Python\Python314\Lib\site-packages\telegram\ext\_updater.py", line 340, in polling_action_cb
    updates = await self.bot.get_updates(
              ^^^^^^^^^^^^^^^^^^^^^^^^^^^
    ...<3 lines>...
    )
    ^
  File "C:\Users\–°–ê–®–ê–î–ê–®–ê\AppData\Local\Programs\Python\Python314\Lib\site-packages\telegram\ext\_extbot.py", line 676, in get_updates
    updates = await super().get_updates(
              ^^^^^^^^^^^^^^^^^^^^^^^^^^
    ...<9 lines>...
    )
    ^
  File "C:\Users\–°–ê–®–ê–î–ê–®–ê\AppData\Local\Programs\Python\Python314\Lib\site-packages\telegram\_bot.py", line 4780, in get_updates
    await self._post(
    ^^^^^^^^^^^^^^^^^
    ...<7 lines>...
    ),
    ^
  File "C:\Users\–°–ê–®–ê–î–ê–®–ê\AppData\Local\Programs\Python\Python314\Lib\site-packages\telegram\_bot.py", line 703, in _post
    return await self._do_post(
           ^^^^^^^^^^^^^^^^^^^^
    ...<6 lines>...
    )
    ^
  File "C:\Users\–°–ê–®–ê–î–ê–®–ê\AppData\Local\Programs\Python\Python314\Lib\site-packages\telegram\ext\_extbot.py", line 372, in _do_post
    return await super()._do_post(
           ^^^^^^^^^^^^^^^^^^^^^^^
    ...<6 lines>...
    )
    ^
  File "C:\Users\–°–ê–®–ê–î–ê–®–ê\AppData\Local\Programs\Python\Python314\Lib\site-packages\telegram\_bot.py", line 732, in _do_post
    result = await request.post(
             ^^^^^^^^^^^^^^^^^^^
    ...<6 lines>...
    )
    ^
  File "C:\Users\–°–ê–®–ê–î–ê–®–ê\AppData\Local\Programs\Python\Python314\Lib\site-packages\telegram\request\_baserequest.py", line 198, in post
    result = await self._request_wrapper(
             ^^^^^^^^^^^^^^^^^^^^^^^^^^^^
    ...<7 lines>...
    )
    ^
  File "C:\Users\–°–ê–®–ê–î–ê–®–ê\AppData\Local\Programs\Python\Python314\Lib\site-packages\telegram\request\_baserequest.py", line 375, in _request_wrapper
    raise exception
telegram.error.Conflict: Conflict: terminated by other getUpdates request; make sure that only one bot instance is running
2026-01-25 16:37:15,842 - __main__ - ERROR - Exception while handling an update: Conflict: terminated by other getUpdates request; make sure that only one bot instance is running
Traceback (most recent call last):
  File "C:\Users\–°–ê–®–ê–î–ê–®–ê\AppData\Local\Programs\Python\Python314\Lib\site-packages\telegram\ext\_utils\networkloop.py", line 134, in network_retry_loop
    await do_action()
  File "C:\Users\–°–ê–®–ê–î–ê–®–ê\AppData\Local\Programs\Python\Python314\Lib\site-packages\telegram\ext\_utils\networkloop.py", line 127, in do_action
    action_cb_task.result()
    ~~~~~~~~~~~~~~~~~~~~~^^
  File "C:\Users\–°–ê–®–ê–î–ê–®–ê\AppData\Local\Programs\Python\Python314\Lib\site-packages\telegram\ext\_updater.py", line 340, in polling_action_cb
    updates = await self.bot.get_updates(
              ^^^^^^^^^^^^^^^^^^^^^^^^^^^
    ...<3 lines>...
    )
    ^
  File "C:\Users\–°–ê–®–ê–î–ê–®–ê\AppData\Local\Programs\Python\Python314\Lib\site-packages\telegram\ext\_extbot.py", line 676, in get_updates
    updates = await super().get_updates(
              ^^^^^^^^^^^^^^^^^^^^^^^^^^
    ...<9 lines>...
    )
    ^
  File "C:\Users\–°–ê–®–ê–î–ê–®–ê\AppData\Local\Programs\Python\Python314\Lib\site-packages\telegram\_bot.py", line 4780, in get_updates
    await self._post(
    ^^^^^^^^^^^^^^^^^
    ...<7 lines>...
    ),
    ^
  File "C:\Users\–°–ê–®–ê–î–ê–®–ê\AppData\Local\Programs\Python\Python314\Lib\site-packages\telegram\_bot.py", line 703, in _post
    return await self._do_post(
           ^^^^^^^^^^^^^^^^^^^^
    ...<6 lines>...
    )
    ^
  File "C:\Users\–°–ê–®–ê–î–ê–®–ê\AppData\Local\Programs\Python\Python314\Lib\site-packages\telegram\ext\_extbot.py", line 372, in _do_post
    return await super()._do_post(
           ^^^^^^^^^^^^^^^^^^^^^^^
    ...<6 lines>...
    )
    ^
  File "C:\Users\–°–ê–®–ê–î–ê–®–ê\AppData\Local\Programs\Python\Python314\Lib\site-packages\telegram\_bot.py", line 732, in _do_post
    result = await request.post(
             ^^^^^^^^^^^^^^^^^^^
    ...<6 lines>...
    )
    ^
  File "C:\Users\–°–ê–®–ê–î–ê–®–ê\AppData\Local\Programs\Python\Python314\Lib\site-packages\telegram\request\_baserequest.py", line 198, in post
    result = await self._request_wrapper(
             ^^^^^^^^^^^^^^^^^^^^^^^^^^^^
    ...<7 lines>...
    )
    ^
  File "C:\Users\–°–ê–®–ê–î–ê–®–ê\AppData\Local\Programs\Python\Python314\Lib\site-packages\telegram\request\_baserequest.py", line 375, in _request_wrapper
    raise exception
telegram.error.Conflict: Conflict: terminated by other getUpdates request; make sure that only one bot instance is running
2026-01-25 16:37:20,430 - __main__ - ERROR - Exception while handling an update: Conflict: terminated by other getUpdates request; make sure that only one bot instance is running
Traceback (most recent call last):
  File "C:\Users\–°–ê–®–ê–î–ê–®–ê\AppData\Local\Programs\Python\Python314\Lib\site-packages\telegram\ext\_utils\networkloop.py", line 134, in network_retry_loop
    await do_action()
  File "C:\Users\–°–ê–®–ê–î–ê–®–ê\AppData\Local\Programs\Python\Python314\Lib\site-packages\telegram\ext\_utils\networkloop.py", line 127, in do_action
    action_cb_task.result()
    ~~~~~~~~~~~~~~~~~~~~~^^
  File "C:\Users\–°–ê–®–ê–î–ê–®–ê\AppData\Local\Programs\Python\Python314\Lib\site-packages\telegram\ext\_updater.py", line 340, in polling_action_cb
    updates = await self.bot.get_updates(
              ^^^^^^^^^^^^^^^^^^^^^^^^^^^
    ...<3 lines>...
    )
    ^
  File "C:\Users\–°–ê–®–ê–î–ê–®–ê\AppData\Local\Programs\Python\Python314\Lib\site-packages\telegram\ext\_extbot.py", line 676, in get_updates
    updates = await super().get_updates(
              ^^^^^^^^^^^^^^^^^^^^^^^^^^
    ...<9 lines>...
    )
    ^
  File "C:\Users\–°–ê–®–ê–î–ê–®–ê\AppData\Local\Programs\Python\Python314\Lib\site-packages\telegram\_bot.py", line 4780, in get_updates
    await self._post(
    ^^^^^^^^^^^^^^^^^
    ...<7 lines>...
    ),
    ^
  File "C:\Users\–°–ê–®–ê–î–ê–®–ê\AppData\Local\Programs\Python\Python314\Lib\site-packages\telegram\_bot.py", line 703, in _post
    return await self._do_post(
           ^^^^^^^^^^^^^^^^^^^^
    ...<6 lines>...
    )
    ^
  File "C:\Users\–°–ê–®–ê–î–ê–®–ê\AppData\Local\Programs\Python\Python314\Lib\site-packages\telegram\ext\_extbot.py", line 372, in _do_post
    return await super()._do_post(
           ^^^^^^^^^^^^^^^^^^^^^^^
    ...<6 lines>...
    )
    ^
  File "C:\Users\–°–ê–®–ê–î–ê–®–ê\AppData\Local\Programs\Python\Python314\Lib\site-packages\telegram\_bot.py", line 732, in _do_post
    result = await request.post(
             ^^^^^^^^^^^^^^^^^^^
    ...<6 lines>...
    )
    ^
  File "C:\Users\–°–ê–®–ê–î–ê–®–ê\AppData\Local\Programs\Python\Python314\Lib\site-packages\telegram\request\_baserequest.py", line 198, in post
    result = await self._request_wrapper(
             ^^^^^^^^^^^^^^^^^^^^^^^^^^^^
    ...<7 lines>...
    )
    ^
  File "C:\Users\–°–ê–®–ê–î–ê–®–ê\AppData\Local\Programs\Python\Python314\Lib\site-packages\telegram\request\_baserequest.py", line 375, in _request_wrapper
    raise exception
telegram.error.Conflict: Conflict: terminated by other getUpdates request; make sure that only one bot instance is running
2026-01-25 16:37:22,027 - __main__ - ERROR - Exception while handling an update: Conflict: terminated by other getUpdates request; make sure that only one bot instance is running
Traceback (most recent call last):
  File "C:\Users\–°–ê–®–ê–î–ê–®–ê\AppData\Local\Programs\Python\Python314\Lib\site-packages\telegram\ext\_utils\networkloop.py", line 134, in network_retry_loop
    await do_action()
  File "C:\Users\–°–ê–®–ê–î–ê–®–ê\AppData\Local\Programs\Python\Python314\Lib\site-packages\telegram\ext\_utils\networkloop.py", line 127, in do_action
    action_cb_task.result()
    ~~~~~~~~~~~~~~~~~~~~~^^
  File "C:\Users\–°–ê–®–ê–î–ê–®–ê\AppData\Local\Programs\Python\Python314\Lib\site-packages\telegram\ext\_updater.py", line 340, in polling_action_cb
    updates = await self.bot.get_updates(
              ^^^^^^^^^^^^^^^^^^^^^^^^^^^
    ...<3 lines>...
    )
    ^
  File "C:\Users\–°–ê–®–ê–î–ê–®–ê\AppData\Local\Programs\Python\Python314\Lib\site-packages\telegram\ext\_extbot.py", line 676, in get_updates
    updates = await super().get_updates(
              ^^^^^^^^^^^^^^^^^^^^^^^^^^
    ...<9 lines>...
    )
    ^
  File "C:\Users\–°–ê–®–ê–î–ê–®–ê\AppData\Local\Programs\Python\Python314\Lib\site-packages\telegram\_bot.py", line 4780, in get_updates
    await self._post(
    ^^^^^^^^^^^^^^^^^
    ...<7 lines>...
    ),
    ^
  File "C:\Users\–°–ê–®–ê–î–ê–®–ê\AppData\Local\Programs\Python\Python314\Lib\site-packages\telegram\_bot.py", line 703, in _post
    return await self._do_post(
           ^^^^^^^^^^^^^^^^^^^^
    ...<6 lines>...
    )
    ^
  File "C:\Users\–°–ê–®–ê–î–ê–®–ê\AppData\Local\Programs\Python\Python314\Lib\site-packages\telegram\ext\_extbot.py", line 372, in _do_post
    return await super()._do_post(
           ^^^^^^^^^^^^^^^^^^^^^^^
    ...<6 lines>...
    )
    ^
  File "C:\Users\–°–ê–®–ê–î–ê–®–ê\AppData\Local\Programs\Python\Python314\Lib\site-packages\telegram\_bot.py", line 732, in _do_post
    result = await request.post(
             ^^^^^^^^^^^^^^^^^^^
    ...<6 lines>...
    )
    ^
  File "C:\Users\–°–ê–®–ê–î–ê–®–ê\AppData\Local\Programs\Python\Python314\Lib\site-packages\telegram\request\_baserequest.py", line 198, in post
    result = await self._request_wrapper(
             ^^^^^^^^^^^^^^^^^^^^^^^^^^^^
    ...<7 lines>...
    )
    ^
  File "C:\Users\–°–ê–®–ê–î–ê–®–ê\AppData\Local\Programs\Python\Python314\Lib\site-packages\telegram\request\_baserequest.py", line 375, in _request_wrapper
    raise exception
telegram.error.Conflict: Conflict: terminated by other getUpdates request; make sure that only one bot instance is running
2026-01-25 16:37:27,369 - __main__ - ERROR - Exception while handling an update: Conflict: terminated by other getUpdates request; make sure that only one bot instance is running
Traceback (most recent call last):
  File "C:\Users\–°–ê–®–ê–î–ê–®–ê\AppData\Local\Programs\Python\Python314\Lib\site-packages\telegram\ext\_utils\networkloop.py", line 134, in network_retry_loop
    await do_action()
  File "C:\Users\–°–ê–®–ê–î–ê–®–ê\AppData\Local\Programs\Python\Python314\Lib\site-packages\telegram\ext\_utils\networkloop.py", line 127, in do_action
    action_cb_task.result()
    ~~~~~~~~~~~~~~~~~~~~~^^
  File "C:\Users\–°–ê–®–ê–î–ê–®–ê\AppData\Local\Programs\Python\Python314\Lib\site-packages\telegram\ext\_updater.py", line 340, in polling_action_cb
    updates = await self.bot.get_updates(
              ^^^^^^^^^^^^^^^^^^^^^^^^^^^
    ...<3 lines>...
    )
    ^
  File "C:\Users\–°–ê–®–ê–î–ê–®–ê\AppData\Local\Programs\Python\Python314\Lib\site-packages\telegram\ext\_extbot.py", line 676, in get_updates
    updates = await super().get_updates(
              ^^^^^^^^^^^^^^^^^^^^^^^^^^
    ...<9 lines>...
    )
    ^
  File "C:\Users\–°–ê–®–ê–î–ê–®–ê\AppData\Local\Programs\Python\Python314\Lib\site-packages\telegram\_bot.py", line 4780, in get_updates
    await self._post(
    ^^^^^^^^^^^^^^^^^
    ...<7 lines>...
    ),
    ^
  File "C:\Users\–°–ê–®–ê–î–ê–®–ê\AppData\Local\Programs\Python\Python314\Lib\site-packages\telegram\_bot.py", line 703, in _post
    return await self._do_post(
           ^^^^^^^^^^^^^^^^^^^^
    ...<6 lines>...
    )
    ^
  File "C:\Users\–°–ê–®–ê–î–ê–®–ê\AppData\Local\Programs\Python\Python314\Lib\site-packages\telegram\ext\_extbot.py", line 372, in _do_post
    return await super()._do_post(
           ^^^^^^^^^^^^^^^^^^^^^^^
    ...<6 lines>...
    )
    ^
  File "C:\Users\–°–ê–®–ê–î–ê–®–ê\AppData\Local\Programs\Python\Python314\Lib\site-packages\telegram\_bot.py", line 732, in _do_post
    result = await request.post(
             ^^^^^^^^^^^^^^^^^^^
    ...<6 lines>...
    )
    ^
  File "C:\Users\–°–ê–®–ê–î–ê–®–ê\AppData\Local\Programs\Python\Python314\Lib\site-packages\telegram\request\_baserequest.py", line 198, in post
    result = await self._request_wrapper(
             ^^^^^^^^^^^^^^^^^^^^^^^^^^^^
    ...<7 lines>...
    )
    ^
  File "C:\Users\–°–ê–®–ê–î–ê–®–ê\AppData\Local\Programs\Python\Python314\Lib\site-packages\telegram\request\_baserequest.py", line 375, in _request_wrapper
    raise exception
telegram.error.Conflict: Conflict: terminated by other getUpdates request; make sure that only one bot instance is running
2026-01-25 16:37:49,987 - __main__ - INFO - === –ë–æ—Ç –∑–∞–ø—É—â–µ–Ω —Å –ª–æ–≥–∏—Ä–æ–≤–∞–Ω–∏–µ–º –ø–ª–∞—Ç–µ–∂–µ–π ===
2026-01-25 16:39:00,522 - bot - INFO - === –ë–æ—Ç –∑–∞–ø—É—â–µ–Ω —Å –ª–æ–≥–∏—Ä–æ–≤–∞–Ω–∏–µ–º –ø–ª–∞—Ç–µ–∂–µ–π ===
2026-01-25 18:43:44,337 - __main__ - INFO - === –ë–æ—Ç –∑–∞–ø—É—â–µ–Ω —Å –ª–æ–≥–∏—Ä–æ–≤–∞–Ω–∏–µ–º –ø–ª–∞—Ç–µ–∂–µ–π ===
2026-01-25 18:43:55,015 - bot - INFO - === –ë–æ—Ç –∑–∞–ø—É—â–µ–Ω —Å –ª–æ–≥–∏—Ä–æ–≤–∞–Ω–∏–µ–º –ø–ª–∞—Ç–µ–∂–µ–π ===
2026-01-25 18:44:00,377 - __main__ - ERROR - Exception while handling an update: cannot import name 'get_user_active_arcs' from 'database' (C:\Users\–°–ê–®–ê–î–ê–®–ê\Desktop\marafon_bot\database.py)
Traceback (most recent call last):
  File "C:\Users\–°–ê–®–ê–î–ê–®–ê\AppData\Local\Programs\Python\Python314\Lib\site-packages\telegram\ext\_application.py", line 1315, in process_update
    await coroutine
  File "C:\Users\–°–ê–®–ê–î–ê–®–ê\AppData\Local\Programs\Python\Python314\Lib\site-packages\telegram\ext\_handlers\basehandler.py", line 159, in handle_update
    return await self.callback(update, context)
           ^^^^^^^^^^^^^^^^^^^^^^^^^^^^^^^^^^^^
  File "C:\Users\–°–ê–®–ê–î–ê–®–ê\Desktop\marafon_bot\bot.py", line 348, in handle_buttons
    await unique_buttons[text](update, context)
  File "C:\Users\–°–ê–®–ê–î–ê–®–ê\Desktop\marafon_bot\bot.py", line 928, in show_available_assignments
    from database import get_user_active_arcs, get_current_arc_day
ImportError: cannot import name 'get_user_active_arcs' from 'database' (C:\Users\–°–ê–®–ê–î–ê–®–ê\Desktop\marafon_bot\database.py)
2026-01-25 18:46:13,403 - __main__ - INFO - === –ë–æ—Ç –∑–∞–ø—É—â–µ–Ω —Å –ª–æ–≥–∏—Ä–æ–≤–∞–Ω–∏–µ–º –ø–ª–∞—Ç–µ–∂–µ–π ===
2026-01-25 18:46:24,075 - bot - INFO - === –ë–æ—Ç –∑–∞–ø—É—â–µ–Ω —Å –ª–æ–≥–∏—Ä–æ–≤–∞–Ω–∏–µ–º –ø–ª–∞—Ç–µ–∂–µ–π ===
2026-01-25 18:46:52,460 - __main__ - ERROR - Exception while handling an update: name 'current_arc' is not defined
Traceback (most recent call last):
  File "C:\Users\–°–ê–®–ê–î–ê–®–ê\AppData\Local\Programs\Python\Python314\Lib\site-packages\telegram\ext\_application.py", line 1315, in process_update
    await coroutine
  File "C:\Users\–°–ê–®–ê–î–ê–®–ê\AppData\Local\Programs\Python\Python314\Lib\site-packages\telegram\ext\_handlers\basehandler.py", line 159, in handle_update
    return await self.callback(update, context)
           ^^^^^^^^^^^^^^^^^^^^^^^^^^^^^^^^^^^^
  File "C:\Users\–°–ê–®–ê–î–ê–®–ê\Desktop\marafon_bot\bot.py", line 348, in handle_buttons
    await unique_buttons[text](update, context)
  File "C:\Users\–°–ê–®–ê–î–ê–®–ê\Desktop\marafon_bot\bot.py", line 932, in show_available_assignments
    if not current_arc:
           ^^^^^^^^^^^
NameError: name 'current_arc' is not defined. Did you mean: 'get_current_arc'?
2026-01-25 18:59:12,995 - __main__ - INFO - === –ë–æ—Ç –∑–∞–ø—É—â–µ–Ω —Å –ª–æ–≥–∏—Ä–æ–≤–∞–Ω–∏–µ–º –ø–ª–∞—Ç–µ–∂–µ–π ===
2026-01-25 18:59:23,663 - bot - INFO - === –ë–æ—Ç –∑–∞–ø—É—â–µ–Ω —Å –ª–æ–≥–∏—Ä–æ–≤–∞–Ω–∏–µ–º –ø–ª–∞—Ç–µ–∂–µ–π ===
2026-01-25 18:59:25,082 - __main__ - ERROR - Exception while handling an update: name 'current_arc' is not defined
Traceback (most recent call last):
  File "C:\Users\–°–ê–®–ê–î–ê–®–ê\AppData\Local\Programs\Python\Python314\Lib\site-packages\telegram\ext\_application.py", line 1315, in process_update
    await coroutine
  File "C:\Users\–°–ê–®–ê–î–ê–®–ê\AppData\Local\Programs\Python\Python314\Lib\site-packages\telegram\ext\_handlers\basehandler.py", line 159, in handle_update
    return await self.callback(update, context)
           ^^^^^^^^^^^^^^^^^^^^^^^^^^^^^^^^^^^^
  File "C:\Users\–°–ê–®–ê–î–ê–®–ê\Desktop\marafon_bot\bot.py", line 348, in handle_buttons
    await unique_buttons[text](update, context)
  File "C:\Users\–°–ê–®–ê–î–ê–®–ê\Desktop\marafon_bot\bot.py", line 932, in show_available_assignments
    if not current_arc:
           ^^^^^^^^^^^
NameError: name 'current_arc' is not defined. Did you mean: 'get_current_arc'?
2026-01-25 19:08:17,867 - __main__ - INFO - === –ë–æ—Ç –∑–∞–ø—É—â–µ–Ω —Å –ª–æ–≥–∏—Ä–æ–≤–∞–Ω–∏–µ–º –ø–ª–∞—Ç–µ–∂–µ–π ===
2026-01-25 19:08:26,739 - __main__ - ERROR - Exception while handling an update: name 'current_arc' is not defined
Traceback (most recent call last):
  File "C:\Users\–°–ê–®–ê–î–ê–®–ê\AppData\Local\Programs\Python\Python314\Lib\site-packages\telegram\ext\_application.py", line 1315, in process_update
    await coroutine
  File "C:\Users\–°–ê–®–ê–î–ê–®–ê\AppData\Local\Programs\Python\Python314\Lib\site-packages\telegram\ext\_handlers\basehandler.py", line 159, in handle_update
    return await self.callback(update, context)
           ^^^^^^^^^^^^^^^^^^^^^^^^^^^^^^^^^^^^
  File "C:\Users\–°–ê–®–ê–î–ê–®–ê\Desktop\marafon_bot\bot.py", line 348, in handle_buttons
    await unique_buttons[text](update, context)
  File "C:\Users\–°–ê–®–ê–î–ê–®–ê\Desktop\marafon_bot\bot.py", line 932, in show_available_assignments
    if not current_arc:
           ^^^^^^^^^^^
NameError: name 'current_arc' is not defined. Did you mean: 'get_current_arc'?
2026-01-25 19:08:28,522 - bot - INFO - === –ë–æ—Ç –∑–∞–ø—É—â–µ–Ω —Å –ª–æ–≥–∏—Ä–æ–≤–∞–Ω–∏–µ–º –ø–ª–∞—Ç–µ–∂–µ–π ===
2026-01-25 19:14:36,098 - __main__ - INFO - === –ë–æ—Ç –∑–∞–ø—É—â–µ–Ω —Å –ª–æ–≥–∏—Ä–æ–≤–∞–Ω–∏–µ–º –ø–ª–∞—Ç–µ–∂–µ–π ===
2026-01-25 19:14:46,758 - bot - INFO - === –ë–æ—Ç –∑–∞–ø—É—â–µ–Ω —Å –ª–æ–≥–∏—Ä–æ–≤–∞–Ω–∏–µ–º –ø–ª–∞—Ç–µ–∂–µ–π ===
2026-01-25 21:27:44,177 - __main__ - INFO - === –ë–æ—Ç –∑–∞–ø—É—â–µ–Ω —Å –ª–æ–≥–∏—Ä–æ–≤–∞–Ω–∏–µ–º –ø–ª–∞—Ç–µ–∂–µ–π ===
2026-01-25 21:27:54,845 - bot - INFO - === –ë–æ—Ç –∑–∞–ø—É—â–µ–Ω —Å –ª–æ–≥–∏—Ä–æ–≤–∞–Ω–∏–µ–º –ø–ª–∞—Ç–µ–∂–µ–π ===
2026-01-25 21:28:19,422 - __main__ - INFO - üîç show_service_offer_agreement: —Å–æ—Ö—Ä–∞–Ω—è–µ–º arc 'üîÑ –ú–∞—Ä–∞—Ñ–æ–Ω |—Å—Ç–∞—Ä—Ç 22.01.25' –¥–ª—è user 918928334
2026-01-25 21:29:18,458 - __main__ - ERROR - Exception while handling an update: '<=' not supported between instances of 'NoneType' and 'datetime.date'
Traceback (most recent call last):
  File "C:\Users\–°–ê–®–ê–î–ê–®–ê\AppData\Local\Programs\Python\Python314\Lib\site-packages\telegram\ext\_application.py", line 1315, in process_update
    await coroutine
  File "C:\Users\–°–ê–®–ê–î–ê–®–ê\AppData\Local\Programs\Python\Python314\Lib\site-packages\telegram\ext\_handlers\basehandler.py", line 159, in handle_update
    return await self.callback(update, context)
           ^^^^^^^^^^^^^^^^^^^^^^^^^^^^^^^^^^^^
  File "C:\Users\–°–ê–®–ê–î–ê–®–ê\Desktop\marafon_bot\bot.py", line 349, in handle_buttons
    await unique_buttons[text](update, context)
  File "C:\Users\–°–ê–®–ê–î–ê–®–ê\Desktop\marafon_bot\bot.py", line 2819, in show_course_main
    if start_date <= today <= end_date:
       ^^^^^^^^^^^^^^^^^^^^^^^^^^^^^^^
TypeError: '<=' not supported between instances of 'NoneType' and 'datetime.date'
2026-01-25 21:31:55,977 - __main__ - INFO - === –ë–æ—Ç –∑–∞–ø—É—â–µ–Ω —Å –ª–æ–≥–∏—Ä–æ–≤–∞–Ω–∏–µ–º –ø–ª–∞—Ç–µ–∂–µ–π ===
2026-01-25 21:32:06,645 - bot - INFO - === –ë–æ—Ç –∑–∞–ø—É—â–µ–Ω —Å –ª–æ–≥–∏—Ä–æ–≤–∞–Ω–∏–µ–º –ø–ª–∞—Ç–µ–∂–µ–π ===
2026-01-25 21:33:14,666 - __main__ - ERROR - Exception while handling an update: '<=' not supported between instances of 'NoneType' and 'datetime.date'
Traceback (most recent call last):
  File "C:\Users\–°–ê–®–ê–î–ê–®–ê\AppData\Local\Programs\Python\Python314\Lib\site-packages\telegram\ext\_application.py", line 1315, in process_update
    await coroutine
  File "C:\Users\–°–ê–®–ê–î–ê–®–ê\AppData\Local\Programs\Python\Python314\Lib\site-packages\telegram\ext\_handlers\basehandler.py", line 159, in handle_update
    return await self.callback(update, context)
           ^^^^^^^^^^^^^^^^^^^^^^^^^^^^^^^^^^^^
  File "C:\Users\–°–ê–®–ê–î–ê–®–ê\Desktop\marafon_bot\bot.py", line 348, in handle_buttons
    await unique_buttons[text](update, context)
  File "C:\Users\–°–ê–®–ê–î–ê–®–ê\Desktop\marafon_bot\bot.py", line 2827, in show_course_main
    if start_date <= today <= end_date:
       ^^^^^^^^^^^^^^^^^^^^^^^^^^^^^^^
TypeError: '<=' not supported between instances of 'NoneType' and 'datetime.date'
2026-01-25 21:37:54,747 - __main__ - INFO - === –ë–æ—Ç –∑–∞–ø—É—â–µ–Ω —Å –ª–æ–≥–∏—Ä–æ–≤–∞–Ω–∏–µ–º –ø–ª–∞—Ç–µ–∂–µ–π ===
2026-01-25 21:38:05,434 - bot - INFO - === –ë–æ—Ç –∑–∞–ø—É—â–µ–Ω —Å –ª–æ–≥–∏—Ä–æ–≤–∞–Ω–∏–µ–º –ø–ª–∞—Ç–µ–∂–µ–π ===
2026-01-25 21:45:07,266 - apscheduler.executors.default - WARNING - Run time of job "send_scheduled_notifications (trigger: interval[0:01:00], next run at: 2026-01-25 16:46:05 UTC)" was missed by 0:00:01.987780
2026-01-25 22:03:21,057 - __main__ - ERROR - Exception while handling an update: name 'day_id' is not defined
Traceback (most recent call last):
  File "C:\Users\–°–ê–®–ê–î–ê–®–ê\AppData\Local\Programs\Python\Python314\Lib\site-packages\telegram\ext\_application.py", line 1315, in process_update
    await coroutine
  File "C:\Users\–°–ê–®–ê–î–ê–®–ê\AppData\Local\Programs\Python\Python314\Lib\site-packages\telegram\ext\_handlers\basehandler.py", line 159, in handle_update
    return await self.callback(update, context)
           ^^^^^^^^^^^^^^^^^^^^^^^^^^^^^^^^^^^^
  File "C:\Users\–°–ê–®–ê–î–ê–®–ê\Desktop\marafon_bot\bot.py", line 465, in handle_buttons
    await show_assignment_from_list(update, context)
  File "C:\Users\–°–ê–®–ê–î–ê–®–ê\Desktop\marafon_bot\bot.py", line 5318, in show_assignment_from_list
    if not day_id:
           ^^^^^^
NameError: name 'day_id' is not defined
2026-01-25 22:09:36,120 - __main__ - ERROR - Exception while handling an update: name 'day_id' is not defined
Traceback (most recent call last):
  File "C:\Users\–°–ê–®–ê–î–ê–®–ê\AppData\Local\Programs\Python\Python314\Lib\site-packages\telegram\ext\_application.py", line 1315, in process_update
    await coroutine
  File "C:\Users\–°–ê–®–ê–î–ê–®–ê\AppData\Local\Programs\Python\Python314\Lib\site-packages\telegram\ext\_handlers\basehandler.py", line 159, in handle_update
    return await self.callback(update, context)
           ^^^^^^^^^^^^^^^^^^^^^^^^^^^^^^^^^^^^
  File "C:\Users\–°–ê–®–ê–î–ê–®–ê\Desktop\marafon_bot\bot.py", line 465, in handle_buttons
    await show_assignment_from_list(update, context)
  File "C:\Users\–°–ê–®–ê–î–ê–®–ê\Desktop\marafon_bot\bot.py", line 5318, in show_assignment_from_list
    if not day_id:
           ^^^^^^
NameError: name 'day_id' is not defined
2026-01-25 22:19:43,323 - __main__ - INFO - === –ë–æ—Ç –∑–∞–ø—É—â–µ–Ω —Å –ª–æ–≥–∏—Ä–æ–≤–∞–Ω–∏–µ–º –ø–ª–∞—Ç–µ–∂–µ–π ===
2026-01-25 22:19:53,990 - bot - INFO - === –ë–æ—Ç –∑–∞–ø—É—â–µ–Ω —Å –ª–æ–≥–∏—Ä–æ–≤–∞–Ω–∏–µ–º –ø–ª–∞—Ç–µ–∂–µ–π ===
2026-01-25 22:20:38,645 - __main__ - ERROR - Exception while handling an update: '<=' not supported between instances of 'NoneType' and 'datetime.date'
Traceback (most recent call last):
  File "C:\Users\–°–ê–®–ê–î–ê–®–ê\AppData\Local\Programs\Python\Python314\Lib\site-packages\telegram\ext\_application.py", line 1315, in process_update
    await coroutine
  File "C:\Users\–°–ê–®–ê–î–ê–®–ê\AppData\Local\Programs\Python\Python314\Lib\site-packages\telegram\ext\_handlers\basehandler.py", line 159, in handle_update
    return await self.callback(update, context)
           ^^^^^^^^^^^^^^^^^^^^^^^^^^^^^^^^^^^^
  File "C:\Users\–°–ê–®–ê–î–ê–®–ê\Desktop\marafon_bot\bot.py", line 392, in handle_buttons
    await unique_buttons[text](update, context)
  File "C:\Users\–°–ê–®–ê–î–ê–®–ê\Desktop\marafon_bot\bot.py", line 2862, in show_course_main
    if start_date <= today <= end_date:
       ^^^^^^^^^^^^^^^^^^^^^^^^^^^^^^^
TypeError: '<=' not supported between instances of 'NoneType' and 'datetime.date'
2026-01-25 22:20:45,588 - __main__ - ERROR - Exception while handling an update: '<=' not supported between instances of 'NoneType' and 'datetime.date'
Traceback (most recent call last):
  File "C:\Users\–°–ê–®–ê–î–ê–®–ê\AppData\Local\Programs\Python\Python314\Lib\site-packages\telegram\ext\_application.py", line 1315, in process_update
    await coroutine
  File "C:\Users\–°–ê–®–ê–î–ê–®–ê\AppData\Local\Programs\Python\Python314\Lib\site-packages\telegram\ext\_handlers\basehandler.py", line 159, in handle_update
    return await self.callback(update, context)
           ^^^^^^^^^^^^^^^^^^^^^^^^^^^^^^^^^^^^
  File "C:\Users\–°–ê–®–ê–î–ê–®–ê\Desktop\marafon_bot\bot.py", line 392, in handle_buttons
    await unique_buttons[text](update, context)
  File "C:\Users\–°–ê–®–ê–î–ê–®–ê\Desktop\marafon_bot\bot.py", line 2862, in show_course_main
    if start_date <= today <= end_date:
       ^^^^^^^^^^^^^^^^^^^^^^^^^^^^^^^
TypeError: '<=' not supported between instances of 'NoneType' and 'datetime.date'
2026-01-25 22:26:52,122 - __main__ - INFO - === –ë–æ—Ç –∑–∞–ø—É—â–µ–Ω —Å –ª–æ–≥–∏—Ä–æ–≤–∞–Ω–∏–µ–º –ø–ª–∞—Ç–µ–∂–µ–π ===
2026-01-25 22:27:02,660 - bot - INFO - === –ë–æ—Ç –∑–∞–ø—É—â–µ–Ω —Å –ª–æ–≥–∏—Ä–æ–≤–∞–Ω–∏–µ–º –ø–ª–∞—Ç–µ–∂–µ–π ===
2026-01-25 22:37:18,624 - __main__ - INFO - === –ë–æ—Ç –∑–∞–ø—É—â–µ–Ω —Å –ª–æ–≥–∏—Ä–æ–≤–∞–Ω–∏–µ–º –ø–ª–∞—Ç–µ–∂–µ–π ===
2026-01-25 22:37:29,297 - bot - INFO - === –ë–æ—Ç –∑–∞–ø—É—â–µ–Ω —Å –ª–æ–≥–∏—Ä–æ–≤–∞–Ω–∏–µ–º –ø–ª–∞—Ç–µ–∂–µ–π ===
2026-01-25 22:39:00,414 - __main__ - ERROR - Exception while handling an update: '<=' not supported between instances of 'NoneType' and 'datetime.date'
Traceback (most recent call last):
  File "C:\Users\–°–ê–®–ê–î–ê–®–ê\AppData\Local\Programs\Python\Python314\Lib\site-packages\telegram\ext\_application.py", line 1315, in process_update
    await coroutine
  File "C:\Users\–°–ê–®–ê–î–ê–®–ê\AppData\Local\Programs\Python\Python314\Lib\site-packages\telegram\ext\_handlers\basehandler.py", line 159, in handle_update
    return await self.callback(update, context)
           ^^^^^^^^^^^^^^^^^^^^^^^^^^^^^^^^^^^^
  File "C:\Users\–°–ê–®–ê–î–ê–®–ê\Desktop\marafon_bot\bot.py", line 392, in handle_buttons
    await unique_buttons[text](update, context)
  File "C:\Users\–°–ê–®–ê–î–ê–®–ê\Desktop\marafon_bot\bot.py", line 2865, in show_course_main
    if start_date <= today <= end_date:
       ^^^^^^^^^^^^^^^^^^^^^^^^^^^^^^^
TypeError: '<=' not supported between instances of 'NoneType' and 'datetime.date'
2026-01-25 22:44:59,090 - __main__ - INFO - === –ë–æ—Ç –∑–∞–ø—É—â–µ–Ω —Å –ª–æ–≥–∏—Ä–æ–≤–∞–Ω–∏–µ–º –ø–ª–∞—Ç–µ–∂–µ–π ===
2026-01-25 22:45:09,614 - bot - INFO - === –ë–æ—Ç –∑–∞–ø—É—â–µ–Ω —Å –ª–æ–≥–∏—Ä–æ–≤–∞–Ω–∏–µ–º –ø–ª–∞—Ç–µ–∂–µ–π ===
2026-01-25 22:49:10,472 - __main__ - INFO - === –ë–æ—Ç –∑–∞–ø—É—â–µ–Ω —Å –ª–æ–≥–∏—Ä–æ–≤–∞–Ω–∏–µ–º –ø–ª–∞—Ç–µ–∂–µ–π ===
2026-01-25 22:49:21,160 - bot - INFO - === –ë–æ—Ç –∑–∞–ø—É—â–µ–Ω —Å –ª–æ–≥–∏—Ä–æ–≤–∞–Ω–∏–µ–º –ø–ª–∞—Ç–µ–∂–µ–π ===
2026-01-25 23:15:52,568 - __main__ - ERROR - Exception while handling an update: name 'day_id' is not defined
Traceback (most recent call last):
  File "C:\Users\–°–ê–®–ê–î–ê–®–ê\AppData\Local\Programs\Python\Python314\Lib\site-packages\telegram\ext\_application.py", line 1315, in process_update
    await coroutine
  File "C:\Users\–°–ê–®–ê–î–ê–®–ê\AppData\Local\Programs\Python\Python314\Lib\site-packages\telegram\ext\_handlers\basehandler.py", line 159, in handle_update
    return await self.callback(update, context)
           ^^^^^^^^^^^^^^^^^^^^^^^^^^^^^^^^^^^^
  File "C:\Users\–°–ê–®–ê–î–ê–®–ê\Desktop\marafon_bot\bot.py", line 495, in handle_buttons
    await show_assignment_from_list(update, context)
  File "C:\Users\–°–ê–®–ê–î–ê–®–ê\Desktop\marafon_bot\bot.py", line 5748, in show_assignment_from_list
    if not day_id:
           ^^^^^^
NameError: name 'day_id' is not defined
2026-01-25 23:16:25,648 - __main__ - ERROR - Exception while handling an update: name 'day_id' is not defined
Traceback (most recent call last):
  File "C:\Users\–°–ê–®–ê–î–ê–®–ê\AppData\Local\Programs\Python\Python314\Lib\site-packages\telegram\ext\_application.py", line 1315, in process_update
    await coroutine
  File "C:\Users\–°–ê–®–ê–î–ê–®–ê\AppData\Local\Programs\Python\Python314\Lib\site-packages\telegram\ext\_handlers\basehandler.py", line 159, in handle_update
    return await self.callback(update, context)
           ^^^^^^^^^^^^^^^^^^^^^^^^^^^^^^^^^^^^
  File "C:\Users\–°–ê–®–ê–î–ê–®–ê\Desktop\marafon_bot\bot.py", line 495, in handle_buttons
    await show_assignment_from_list(update, context)
  File "C:\Users\–°–ê–®–ê–î–ê–®–ê\Desktop\marafon_bot\bot.py", line 5748, in show_assignment_from_list
    if not day_id:
           ^^^^^^
NameError: name 'day_id' is not defined
2026-01-25 23:19:09,041 - __main__ - INFO - === –ë–æ—Ç –∑–∞–ø—É—â–µ–Ω —Å –ª–æ–≥–∏—Ä–æ–≤–∞–Ω–∏–µ–º –ø–ª–∞—Ç–µ–∂–µ–π ===
2026-01-26 08:10:54,164 - __main__ - INFO - === –ë–æ—Ç –∑–∞–ø—É—â–µ–Ω —Å –ª–æ–≥–∏—Ä–æ–≤–∞–Ω–∏–µ–º –ø–ª–∞—Ç–µ–∂–µ–π ===
2026-01-26 08:11:04,833 - bot - INFO - === –ë–æ—Ç –∑–∞–ø—É—â–µ–Ω —Å –ª–æ–≥–∏—Ä–æ–≤–∞–Ω–∏–µ–º –ø–ª–∞—Ç–µ–∂–µ–π ===
2026-01-26 08:58:30,083 - __main__ - INFO - === –ë–æ—Ç –∑–∞–ø—É—â–µ–Ω —Å –ª–æ–≥–∏—Ä–æ–≤–∞–Ω–∏–µ–º –ø–ª–∞—Ç–µ–∂–µ–π ===
2026-01-26 08:58:40,748 - bot - INFO - === –ë–æ—Ç –∑–∞–ø—É—â–µ–Ω —Å –ª–æ–≥–∏—Ä–æ–≤–∞–Ω–∏–µ–º –ø–ª–∞—Ç–µ–∂–µ–π ===
2026-01-26 08:59:26,071 - __main__ - ERROR - Exception while handling an update: unrecognized token: "#"
Traceback (most recent call last):
  File "C:\Users\–°–ê–®–ê–î–ê–®–ê\AppData\Local\Programs\Python\Python314\Lib\site-packages\telegram\ext\_application.py", line 1315, in process_update
    await coroutine
  File "C:\Users\–°–ê–®–ê–î–ê–®–ê\AppData\Local\Programs\Python\Python314\Lib\site-packages\telegram\ext\_handlers\basehandler.py", line 159, in handle_update
    return await self.callback(update, context)
           ^^^^^^^^^^^^^^^^^^^^^^^^^^^^^^^^^^^^
  File "C:\Users\–°–ê–®–ê–î–ê–®–ê\Desktop\marafon_bot\bot.py", line 470, in handle_buttons
    await show_feedback_list(update, context, viewed=1)
  File "C:\Users\–°–ê–®–ê–î–ê–®–ê\Desktop\marafon_bot\bot.py", line 5987, in show_feedback_list
    cursor.execute('''
    ~~~~~~~~~~~~~~^^^^
        SELECT a.title, d.title as day_title, d.order_num,
        ^^^^^^^^^^^^^^^^^^^^^^^^^^^^^^^^^^^^^^^^^^^^^^^^^^
    ...<8 lines>...
        ORDER BY d.order_num, a.assignment_id
        ^^^^^^^^^^^^^^^^^^^^^^^^^^^^^^^^^^^^^
    ''', (user_id, arc_id))
    ^^^^^^^^^^^^^^^^^^^^^^^
sqlite3.OperationalError: unrecognized token: "#"
2026-01-26 09:01:05,207 - __main__ - INFO - === –ë–æ—Ç –∑–∞–ø—É—â–µ–Ω —Å –ª–æ–≥–∏—Ä–æ–≤–∞–Ω–∏–µ–º –ø–ª–∞—Ç–µ–∂–µ–π ===
2026-01-26 09:02:15,774 - bot - INFO - === –ë–æ—Ç –∑–∞–ø—É—â–µ–Ω —Å –ª–æ–≥–∏—Ä–æ–≤–∞–Ω–∏–µ–º –ø–ª–∞—Ç–µ–∂–µ–π ===
2026-01-26 09:04:03,368 - __main__ - ERROR - Exception while handling an update: cannot import name 'save_assignment_answer_with_day_auto_approve' from 'database' (C:\Users\–°–ê–®–ê–î–ê–®–ê\Desktop\marafon_bot\database.py)
Traceback (most recent call last):
  File "C:\Users\–°–ê–®–ê–î–ê–®–ê\AppData\Local\Programs\Python\Python314\Lib\site-packages\telegram\ext\_application.py", line 1315, in process_update
    await coroutine
  File "C:\Users\–°–ê–®–ê–î–ê–®–ê\AppData\Local\Programs\Python\Python314\Lib\site-packages\telegram\ext\_handlers\basehandler.py", line 159, in handle_update
    return await self.callback(update, context)
           ^^^^^^^^^^^^^^^^^^^^^^^^^^^^^^^^^^^^
  File "C:\Users\–°–ê–®–ê–î–ê–®–ê\Desktop\marafon_bot\bot.py", line 392, in handle_buttons
    await unique_buttons[text](update, context)
  File "C:\Users\–°–ê–®–ê–î–ê–®–ê\Desktop\marafon_bot\bot.py", line 2185, in submit_assignment
    from database import save_assignment_answer_with_day_auto_approve
ImportError: cannot import name 'save_assignment_answer_with_day_auto_approve' from 'database' (C:\Users\–°–ê–®–ê–î–ê–®–ê\Desktop\marafon_bot\database.py). Did you mean: 'save_assignment_answer_with_day'?
2026-01-26 09:06:12,436 - __main__ - INFO - === –ë–æ—Ç –∑–∞–ø—É—â–µ–Ω —Å –ª–æ–≥–∏—Ä–æ–≤–∞–Ω–∏–µ–º –ø–ª–∞—Ç–µ–∂–µ–π ===
2026-01-26 09:06:20,766 - bot - INFO - === –ë–æ—Ç –∑–∞–ø—É—â–µ–Ω —Å –ª–æ–≥–∏—Ä–æ–≤–∞–Ω–∏–µ–º –ø–ª–∞—Ç–µ–∂–µ–π ===
2026-01-26 09:07:53,568 - __main__ - ERROR - Exception while handling an update: unrecognized token: "#"
Traceback (most recent call last):
  File "C:\Users\–°–ê–®–ê–î–ê–®–ê\AppData\Local\Programs\Python\Python314\Lib\site-packages\telegram\ext\_application.py", line 1315, in process_update
    await coroutine
  File "C:\Users\–°–ê–®–ê–î–ê–®–ê\AppData\Local\Programs\Python\Python314\Lib\site-packages\telegram\ext\_handlers\basehandler.py", line 159, in handle_update
    return await self.callback(update, context)
           ^^^^^^^^^^^^^^^^^^^^^^^^^^^^^^^^^^^^
  File "C:\Users\–°–ê–®–ê–î–ê–®–ê\Desktop\marafon_bot\bot.py", line 470, in handle_buttons
    await show_feedback_list(update, context, viewed=1)
  File "C:\Users\–°–ê–®–ê–î–ê–®–ê\Desktop\marafon_bot\bot.py", line 5952, in show_feedback_list
    cursor.execute('''
    ~~~~~~~~~~~~~~^^^^
        SELECT a.title, d.title as day_title, d.order_num,
        ^^^^^^^^^^^^^^^^^^^^^^^^^^^^^^^^^^^^^^^^^^^^^^^^^^
    ...<8 lines>...
        ORDER BY d.order_num, a.assignment_id
        ^^^^^^^^^^^^^^^^^^^^^^^^^^^^^^^^^^^^^
    ''', (user_id, arc_id))
    ^^^^^^^^^^^^^^^^^^^^^^^
sqlite3.OperationalError: unrecognized token: "#"
2026-01-26 09:13:56,242 - __main__ - INFO - === –ë–æ—Ç –∑–∞–ø—É—â–µ–Ω —Å –ª–æ–≥–∏—Ä–æ–≤–∞–Ω–∏–µ–º –ø–ª–∞—Ç–µ–∂–µ–π ===
2026-01-26 09:14:03,474 - bot - INFO - === –ë–æ—Ç –∑–∞–ø—É—â–µ–Ω —Å –ª–æ–≥–∏—Ä–æ–≤–∞–Ω–∏–µ–º –ø–ª–∞—Ç–µ–∂–µ–π ===
2026-01-27 00:20:26,586 - __main__ - INFO - === –ë–æ—Ç –∑–∞–ø—É—â–µ–Ω —Å –ª–æ–≥–∏—Ä–æ–≤–∞–Ω–∏–µ–º –ø–ª–∞—Ç–µ–∂–µ–π ===
2026-01-27 00:20:37,120 - bot - INFO - === –ë–æ—Ç –∑–∞–ø—É—â–µ–Ω —Å –ª–æ–≥–∏—Ä–æ–≤–∞–Ω–∏–µ–º –ø–ª–∞—Ç–µ–∂–µ–π ===
2026-01-27 05:09:57,855 - __main__ - ERROR - Exception while handling an update: httpx.ReadError: 
Traceback (most recent call last):
  File "C:\Users\–°–ê–®–ê–î–ê–®–ê\AppData\Local\Programs\Python\Python314\Lib\site-packages\httpx\_transports\default.py", line 101, in map_httpcore_exceptions
    yield
  File "C:\Users\–°–ê–®–ê–î–ê–®–ê\AppData\Local\Programs\Python\Python314\Lib\site-packages\httpx\_transports\default.py", line 394, in handle_async_request
    resp = await self._pool.handle_async_request(req)
           ^^^^^^^^^^^^^^^^^^^^^^^^^^^^^^^^^^^^^^^^^^
  File "C:\Users\–°–ê–®–ê–î–ê–®–ê\AppData\Local\Programs\Python\Python314\Lib\site-packages\httpcore\_async\connection_pool.py", line 256, in handle_async_request
    raise exc from None
  File "C:\Users\–°–ê–®–ê–î–ê–®–ê\AppData\Local\Programs\Python\Python314\Lib\site-packages\httpcore\_async\connection_pool.py", line 236, in handle_async_request
    response = await connection.handle_async_request(
               ^^^^^^^^^^^^^^^^^^^^^^^^^^^^^^^^^^^^^^
        pool_request.request
        ^^^^^^^^^^^^^^^^^^^^
    )
    ^
  File "C:\Users\–°–ê–®–ê–î–ê–®–ê\AppData\Local\Programs\Python\Python314\Lib\site-packages\httpcore\_async\connection.py", line 103, in handle_async_request
    return await self._connection.handle_async_request(request)
           ^^^^^^^^^^^^^^^^^^^^^^^^^^^^^^^^^^^^^^^^^^^^^^^^^^^^
  File "C:\Users\–°–ê–®–ê–î–ê–®–ê\AppData\Local\Programs\Python\Python314\Lib\site-packages\httpcore\_async\http11.py", line 136, in handle_async_request
    raise exc
  File "C:\Users\–°–ê–®–ê–î–ê–®–ê\AppData\Local\Programs\Python\Python314\Lib\site-packages\httpcore\_async\http11.py", line 106, in handle_async_request
    ) = await self._receive_response_headers(**kwargs)
        ^^^^^^^^^^^^^^^^^^^^^^^^^^^^^^^^^^^^^^^^^^^^^^
  File "C:\Users\–°–ê–®–ê–î–ê–®–ê\AppData\Local\Programs\Python\Python314\Lib\site-packages\httpcore\_async\http11.py", line 177, in _receive_response_headers
    event = await self._receive_event(timeout=timeout)
            ^^^^^^^^^^^^^^^^^^^^^^^^^^^^^^^^^^^^^^^^^^
  File "C:\Users\–°–ê–®–ê–î–ê–®–ê\AppData\Local\Programs\Python\Python314\Lib\site-packages\httpcore\_async\http11.py", line 217, in _receive_event
    data = await self._network_stream.read(
           ^^^^^^^^^^^^^^^^^^^^^^^^^^^^^^^^
        self.READ_NUM_BYTES, timeout=timeout
        ^^^^^^^^^^^^^^^^^^^^^^^^^^^^^^^^^^^^
    )
    ^
  File "C:\Users\–°–ê–®–ê–î–ê–®–ê\AppData\Local\Programs\Python\Python314\Lib\site-packages\httpcore\_backends\anyio.py", line 32, in read
    with map_exceptions(exc_map):
         ~~~~~~~~~~~~~~^^^^^^^^^
  File "C:\Users\–°–ê–®–ê–î–ê–®–ê\AppData\Local\Programs\Python\Python314\Lib\contextlib.py", line 162, in __exit__
    self.gen.throw(value)
    ~~~~~~~~~~~~~~^^^^^^^
  File "C:\Users\–°–ê–®–ê–î–ê–®–ê\AppData\Local\Programs\Python\Python314\Lib\site-packages\httpcore\_exceptions.py", line 14, in map_exceptions
    raise to_exc(exc) from exc
httpcore.ReadError

The above exception was the direct cause of the following exception:

Traceback (most recent call last):
  File "C:\Users\–°–ê–®–ê–î–ê–®–ê\AppData\Local\Programs\Python\Python314\Lib\site-packages\telegram\request\_httpxrequest.py", line 279, in do_request
    res = await self._client.request(
          ^^^^^^^^^^^^^^^^^^^^^^^^^^^
    ...<6 lines>...
    )
    ^
  File "C:\Users\–°–ê–®–ê–î–ê–®–ê\AppData\Local\Programs\Python\Python314\Lib\site-packages\httpx\_client.py", line 1540, in request
    return await self.send(request, auth=auth, follow_redirects=follow_redirects)
           ^^^^^^^^^^^^^^^^^^^^^^^^^^^^^^^^^^^^^^^^^^^^^^^^^^^^^^^^^^^^^^^^^^^^^^
  File "C:\Users\–°–ê–®–ê–î–ê–®–ê\AppData\Local\Programs\Python\Python314\Lib\site-packages\httpx\_client.py", line 1629, in send
    response = await self._send_handling_auth(
               ^^^^^^^^^^^^^^^^^^^^^^^^^^^^^^^
    ...<4 lines>...
    )
    ^
  File "C:\Users\–°–ê–®–ê–î–ê–®–ê\AppData\Local\Programs\Python\Python314\Lib\site-packages\httpx\_client.py", line 1657, in _send_handling_auth
    response = await self._send_handling_redirects(
               ^^^^^^^^^^^^^^^^^^^^^^^^^^^^^^^^^^^^
    ...<3 lines>...
    )
    ^
  File "C:\Users\–°–ê–®–ê–î–ê–®–ê\AppData\Local\Programs\Python\Python314\Lib\site-packages\httpx\_client.py", line 1694, in _send_handling_redirects
    response = await self._send_single_request(request)
               ^^^^^^^^^^^^^^^^^^^^^^^^^^^^^^^^^^^^^^^^
  File "C:\Users\–°–ê–®–ê–î–ê–®–ê\AppData\Local\Programs\Python\Python314\Lib\site-packages\httpx\_client.py", line 1730, in _send_single_request
    response = await transport.handle_async_request(request)
               ^^^^^^^^^^^^^^^^^^^^^^^^^^^^^^^^^^^^^^^^^^^^^
  File "C:\Users\–°–ê–®–ê–î–ê–®–ê\AppData\Local\Programs\Python\Python314\Lib\site-packages\httpx\_transports\default.py", line 393, in handle_async_request
    with map_httpcore_exceptions():
         ~~~~~~~~~~~~~~~~~~~~~~~^^
  File "C:\Users\–°–ê–®–ê–î–ê–®–ê\AppData\Local\Programs\Python\Python314\Lib\contextlib.py", line 162, in __exit__
    self.gen.throw(value)
    ~~~~~~~~~~~~~~^^^^^^^
  File "C:\Users\–°–ê–®–ê–î–ê–®–ê\AppData\Local\Programs\Python\Python314\Lib\site-packages\httpx\_transports\default.py", line 118, in map_httpcore_exceptions
    raise mapped_exc(message) from exc
httpx.ReadError

The above exception was the direct cause of the following exception:

Traceback (most recent call last):
  File "C:\Users\–°–ê–®–ê–î–ê–®–ê\AppData\Local\Programs\Python\Python314\Lib\site-packages\telegram\ext\_utils\networkloop.py", line 134, in network_retry_loop
    await do_action()
  File "C:\Users\–°–ê–®–ê–î–ê–®–ê\AppData\Local\Programs\Python\Python314\Lib\site-packages\telegram\ext\_utils\networkloop.py", line 127, in do_action
    action_cb_task.result()
    ~~~~~~~~~~~~~~~~~~~~~^^
  File "C:\Users\–°–ê–®–ê–î–ê–®–ê\AppData\Local\Programs\Python\Python314\Lib\site-packages\telegram\ext\_updater.py", line 340, in polling_action_cb
    updates = await self.bot.get_updates(
              ^^^^^^^^^^^^^^^^^^^^^^^^^^^
    ...<3 lines>...
    )
    ^
  File "C:\Users\–°–ê–®–ê–î–ê–®–ê\AppData\Local\Programs\Python\Python314\Lib\site-packages\telegram\ext\_extbot.py", line 676, in get_updates
    updates = await super().get_updates(
              ^^^^^^^^^^^^^^^^^^^^^^^^^^
    ...<9 lines>...
    )
    ^
  File "C:\Users\–°–ê–®–ê–î–ê–®–ê\AppData\Local\Programs\Python\Python314\Lib\site-packages\telegram\_bot.py", line 4780, in get_updates
    await self._post(
    ^^^^^^^^^^^^^^^^^
    ...<7 lines>...
    ),
    ^
  File "C:\Users\–°–ê–®–ê–î–ê–®–ê\AppData\Local\Programs\Python\Python314\Lib\site-packages\telegram\_bot.py", line 703, in _post
    return await self._do_post(
           ^^^^^^^^^^^^^^^^^^^^
    ...<6 lines>...
    )
    ^
  File "C:\Users\–°–ê–®–ê–î–ê–®–ê\AppData\Local\Programs\Python\Python314\Lib\site-packages\telegram\ext\_extbot.py", line 372, in _do_post
    return await super()._do_post(
           ^^^^^^^^^^^^^^^^^^^^^^^
    ...<6 lines>...
    )
    ^
  File "C:\Users\–°–ê–®–ê–î–ê–®–ê\AppData\Local\Programs\Python\Python314\Lib\site-packages\telegram\_bot.py", line 732, in _do_post
    result = await request.post(
             ^^^^^^^^^^^^^^^^^^^
    ...<6 lines>...
    )
    ^
  File "C:\Users\–°–ê–®–ê–î–ê–®–ê\AppData\Local\Programs\Python\Python314\Lib\site-packages\telegram\request\_baserequest.py", line 198, in post
    result = await self._request_wrapper(
             ^^^^^^^^^^^^^^^^^^^^^^^^^^^^
    ...<7 lines>...
    )
    ^
  File "C:\Users\–°–ê–®–ê–î–ê–®–ê\AppData\Local\Programs\Python\Python314\Lib\site-packages\telegram\request\_baserequest.py", line 305, in _request_wrapper
    code, payload = await self.do_request(
                    ^^^^^^^^^^^^^^^^^^^^^^
    ...<7 lines>...
    )
    ^
  File "C:\Users\–°–ê–®–ê–î–ê–®–ê\AppData\Local\Programs\Python\Python314\Lib\site-packages\telegram\request\_httpxrequest.py", line 303, in do_request
    raise NetworkError(f"httpx.{err.__class__.__name__}: {err}") from err
telegram.error.NetworkError: httpx.ReadError: 
2026-01-27 05:10:50,201 - __main__ - INFO - === –ë–æ—Ç –∑–∞–ø—É—â–µ–Ω —Å –ª–æ–≥–∏—Ä–æ–≤–∞–Ω–∏–µ–º –ø–ª–∞—Ç–µ–∂–µ–π ===
2026-01-27 06:12:06,684 - __main__ - INFO - === –ë–æ—Ç –∑–∞–ø—É—â–µ–Ω —Å –ª–æ–≥–∏—Ä–æ–≤–∞–Ω–∏–µ–º –ø–ª–∞—Ç–µ–∂–µ–π ===
2026-01-27 06:13:17,407 - bot - INFO - === –ë–æ—Ç –∑–∞–ø—É—â–µ–Ω —Å –ª–æ–≥–∏—Ä–æ–≤–∞–Ω–∏–µ–º –ø–ª–∞—Ç–µ–∂–µ–π ===
2026-01-27 06:19:35,901 - __main__ - INFO - === –ë–æ—Ç –∑–∞–ø—É—â–µ–Ω —Å –ª–æ–≥–∏—Ä–æ–≤–∞–Ω–∏–µ–º –ø–ª–∞—Ç–µ–∂–µ–π ===
2026-01-27 06:19:46,422 - bot - INFO - === –ë–æ—Ç –∑–∞–ø—É—â–µ–Ω —Å –ª–æ–≥–∏—Ä–æ–≤–∞–Ω–∏–µ–º –ø–ª–∞—Ç–µ–∂–µ–π ===
2026-01-27 06:25:57,035 - __main__ - ERROR - Exception while handling an update: name 'media_data' is not defined
Traceback (most recent call last):
  File "C:\Users\–°–ê–®–ê–î–ê–®–ê\AppData\Local\Programs\Python\Python314\Lib\site-packages\telegram\ext\_application.py", line 1315, in process_update
    await coroutine
  File "C:\Users\–°–ê–®–ê–î–ê–®–ê\AppData\Local\Programs\Python\Python314\Lib\site-packages\telegram\ext\_handlers\basehandler.py", line 159, in handle_update
    return await self.callback(update, context)
           ^^^^^^^^^^^^^^^^^^^^^^^^^^^^^^^^^^^^
  File "C:\Users\–°–ê–®–ê–î–ê–®–ê\Desktop\marafon_bot\bot.py", line 477, in handle_buttons
    await show_assignment_from_list(update, context)
  File "C:\Users\–°–ê–®–ê–î–ê–®–ê\Desktop\marafon_bot\bot.py", line 5799, in show_assignment_from_list
    if media_data['photos']:
       ^^^^^^^^^^
NameError: name 'media_data' is not defined. Did you mean: 'verify_data'?
2026-01-27 06:27:08,759 - __main__ - INFO - === –ë–æ—Ç –∑–∞–ø—É—â–µ–Ω —Å –ª–æ–≥–∏—Ä–æ–≤–∞–Ω–∏–µ–º –ø–ª–∞—Ç–µ–∂–µ–π ===
2026-01-27 06:28:08,436 - bot - INFO - === –ë–æ—Ç –∑–∞–ø—É—â–µ–Ω —Å –ª–æ–≥–∏—Ä–æ–≤–∞–Ω–∏–µ–º –ø–ª–∞—Ç–µ–∂–µ–π ===
2026-01-27 06:28:12,766 - __main__ - ERROR - Exception while handling an update: name 'media_data' is not defined
Traceback (most recent call last):
  File "C:\Users\–°–ê–®–ê–î–ê–®–ê\AppData\Local\Programs\Python\Python314\Lib\site-packages\telegram\ext\_application.py", line 1315, in process_update
    await coroutine
  File "C:\Users\–°–ê–®–ê–î–ê–®–ê\AppData\Local\Programs\Python\Python314\Lib\site-packages\telegram\ext\_handlers\basehandler.py", line 159, in handle_update
    return await self.callback(update, context)
           ^^^^^^^^^^^^^^^^^^^^^^^^^^^^^^^^^^^^
  File "C:\Users\–°–ê–®–ê–î–ê–®–ê\Desktop\marafon_bot\bot.py", line 477, in handle_buttons
    await show_assignment_from_list(update, context)
  File "C:\Users\–°–ê–®–ê–î–ê–®–ê\Desktop\marafon_bot\bot.py", line 5799, in show_assignment_from_list
    if media_data['photos']:
       ^^^^^^^^^^
NameError: name 'media_data' is not defined. Did you mean: 'verify_data'?
2026-01-27 06:41:12,785 - __main__ - INFO - === –ë–æ—Ç –∑–∞–ø—É—â–µ–Ω —Å –ª–æ–≥–∏—Ä–æ–≤–∞–Ω–∏–µ–º –ø–ª–∞—Ç–µ–∂–µ–π ===
2026-01-27 06:41:19,943 - bot - INFO - === –ë–æ—Ç –∑–∞–ø—É—â–µ–Ω —Å –ª–æ–≥–∏—Ä–æ–≤–∞–Ω–∏–µ–º –ø–ª–∞—Ç–µ–∂–µ–π ===
2026-01-27 07:02:21,852 - __main__ - INFO - === –ë–æ—Ç –∑–∞–ø—É—â–µ–Ω —Å –ª–æ–≥–∏—Ä–æ–≤–∞–Ω–∏–µ–º –ø–ª–∞—Ç–µ–∂–µ–π ===
2026-01-27 07:02:32,551 - bot - INFO - === –ë–æ—Ç –∑–∞–ø—É—â–µ–Ω —Å –ª–æ–≥–∏—Ä–æ–≤–∞–Ω–∏–µ–º –ø–ª–∞—Ç–µ–∂–µ–π ===
2026-01-27 07:15:35,498 - __main__ - INFO - === –ë–æ—Ç –∑–∞–ø—É—â–µ–Ω —Å –ª–æ–≥–∏—Ä–æ–≤–∞–Ω–∏–µ–º –ø–ª–∞—Ç–µ–∂–µ–π ===
2026-01-27 07:15:46,169 - bot - INFO - === –ë–æ—Ç –∑–∞–ø—É—â–µ–Ω —Å –ª–æ–≥–∏—Ä–æ–≤–∞–Ω–∏–µ–º –ø–ª–∞—Ç–µ–∂–µ–π ===
2026-01-27 07:18:25,037 - __main__ - INFO - === –ë–æ—Ç –∑–∞–ø—É—â–µ–Ω —Å –ª–æ–≥–∏—Ä–æ–≤–∞–Ω–∏–µ–º –ø–ª–∞—Ç–µ–∂–µ–π ===
2026-01-27 07:18:30,733 - bot - INFO - === –ë–æ—Ç –∑–∞–ø—É—â–µ–Ω —Å –ª–æ–≥–∏—Ä–æ–≤–∞–Ω–∏–µ–º –ø–ª–∞—Ç–µ–∂–µ–π ===
2026-01-27 07:31:04,425 - __main__ - INFO - === –ë–æ—Ç –∑–∞–ø—É—â–µ–Ω —Å –ª–æ–≥–∏—Ä–æ–≤–∞–Ω–∏–µ–º –ø–ª–∞—Ç–µ–∂–µ–π ===
2026-01-27 07:31:11,279 - bot - INFO - === –ë–æ—Ç –∑–∞–ø—É—â–µ–Ω —Å –ª–æ–≥–∏—Ä–æ–≤–∞–Ω–∏–µ–º –ø–ª–∞—Ç–µ–∂–µ–π ===
2026-01-27 07:54:22,548 - __main__ - INFO - === –ë–æ—Ç –∑–∞–ø—É—â–µ–Ω —Å –ª–æ–≥–∏—Ä–æ–≤–∞–Ω–∏–µ–º –ø–ª–∞—Ç–µ–∂–µ–π ===
2026-01-27 07:54:33,222 - bot - INFO - === –ë–æ—Ç –∑–∞–ø—É—â–µ–Ω —Å –ª–æ–≥–∏—Ä–æ–≤–∞–Ω–∏–µ–º –ø–ª–∞—Ç–µ–∂–µ–π ===
2026-01-27 07:59:39,251 - __main__ - INFO - === –ë–æ—Ç –∑–∞–ø—É—â–µ–Ω —Å –ª–æ–≥–∏—Ä–æ–≤–∞–Ω–∏–µ–º –ø–ª–∞—Ç–µ–∂–µ–π ===
2026-01-27 07:59:49,926 - bot - INFO - === –ë–æ—Ç –∑–∞–ø—É—â–µ–Ω —Å –ª–æ–≥–∏—Ä–æ–≤–∞–Ω–∏–µ–º –ø–ª–∞—Ç–µ–∂–µ–π ===
2026-01-27 09:19:48,659 - __main__ - ERROR - Exception while handling an update: '<=' not supported between instances of 'NoneType' and 'datetime.date'
Traceback (most recent call last):
  File "C:\Users\–°–ê–®–ê–î–ê–®–ê\AppData\Local\Programs\Python\Python314\Lib\site-packages\telegram\ext\_application.py", line 1315, in process_update
    await coroutine
  File "C:\Users\–°–ê–®–ê–î–ê–®–ê\AppData\Local\Programs\Python\Python314\Lib\site-packages\telegram\ext\_handlers\basehandler.py", line 159, in handle_update
    return await self.callback(update, context)
           ^^^^^^^^^^^^^^^^^^^^^^^^^^^^^^^^^^^^
  File "C:\Users\–°–ê–®–ê–î–ê–®–ê\Desktop\marafon_bot\bot.py", line 392, in handle_buttons
    await unique_buttons[text](update, context)
  File "C:\Users\–°–ê–®–ê–î–ê–®–ê\Desktop\marafon_bot\bot.py", line 2894, in show_course_main
    if start_date <= today <= end_date:
       ^^^^^^^^^^^^^^^^^^^^^^^^^^^^^^^
TypeError: '<=' not supported between instances of 'NoneType' and 'datetime.date'
2026-01-27 09:29:13,674 - __main__ - ERROR - Exception while handling an update: '<=' not supported between instances of 'NoneType' and 'datetime.date'
Traceback (most recent call last):
  File "C:\Users\–°–ê–®–ê–î–ê–®–ê\AppData\Local\Programs\Python\Python314\Lib\site-packages\telegram\ext\_application.py", line 1315, in process_update
    await coroutine
  File "C:\Users\–°–ê–®–ê–î–ê–®–ê\AppData\Local\Programs\Python\Python314\Lib\site-packages\telegram\ext\_handlers\basehandler.py", line 159, in handle_update
    return await self.callback(update, context)
           ^^^^^^^^^^^^^^^^^^^^^^^^^^^^^^^^^^^^
  File "C:\Users\–°–ê–®–ê–î–ê–®–ê\Desktop\marafon_bot\bot.py", line 392, in handle_buttons
    await unique_buttons[text](update, context)
  File "C:\Users\–°–ê–®–ê–î–ê–®–ê\Desktop\marafon_bot\bot.py", line 2894, in show_course_main
    status = "—Ç–µ–∫—É—â–∞—è"
TypeError: '<=' not supported between instances of 'NoneType' and 'datetime.date'
2026-01-27 09:34:42,795 - __main__ - ERROR - Exception while handling an update: '<=' not supported between instances of 'NoneType' and 'datetime.date'
Traceback (most recent call last):
  File "C:\Users\–°–ê–®–ê–î–ê–®–ê\AppData\Local\Programs\Python\Python314\Lib\site-packages\telegram\ext\_application.py", line 1315, in process_update
    await coroutine
  File "C:\Users\–°–ê–®–ê–î–ê–®–ê\AppData\Local\Programs\Python\Python314\Lib\site-packages\telegram\ext\_handlers\basehandler.py", line 159, in handle_update
    return await self.callback(update, context)
           ^^^^^^^^^^^^^^^^^^^^^^^^^^^^^^^^^^^^
  File "C:\Users\–°–ê–®–ê–î–ê–®–ê\Desktop\marafon_bot\bot.py", line 392, in handle_buttons
    await unique_buttons[text](update, context)
  File "C:\Users\–°–ê–®–ê–î–ê–®–ê\Desktop\marafon_bot\bot.py", line 2894, in show_course_main
    status = "—Ç–µ–∫—É—â–∞—è"
TypeError: '<=' not supported between instances of 'NoneType' and 'datetime.date'
2026-01-27 09:36:14,875 - __main__ - ERROR - Exception while handling an update: '<=' not supported between instances of 'NoneType' and 'datetime.date'
Traceback (most recent call last):
  File "C:\Users\–°–ê–®–ê–î–ê–®–ê\AppData\Local\Programs\Python\Python314\Lib\site-packages\telegram\ext\_application.py", line 1315, in process_update
    await coroutine
  File "C:\Users\–°–ê–®–ê–î–ê–®–ê\AppData\Local\Programs\Python\Python314\Lib\site-packages\telegram\ext\_handlers\basehandler.py", line 159, in handle_update
    return await self.callback(update, context)
           ^^^^^^^^^^^^^^^^^^^^^^^^^^^^^^^^^^^^
  File "C:\Users\–°–ê–®–ê–î–ê–®–ê\Desktop\marafon_bot\bot.py", line 392, in handle_buttons
    await unique_buttons[text](update, context)
  File "C:\Users\–°–ê–®–ê–î–ê–®–ê\Desktop\marafon_bot\bot.py", line 2894, in show_course_main
    status = "—Ç–µ–∫—É—â–∞—è"
TypeError: '<=' not supported between instances of 'NoneType' and 'datetime.date'
2026-01-27 10:00:18,210 - __main__ - INFO - === –ë–æ—Ç –∑–∞–ø—É—â–µ–Ω —Å –ª–æ–≥–∏—Ä–æ–≤–∞–Ω–∏–µ–º –ø–ª–∞—Ç–µ–∂–µ–π ===
2026-01-27 10:00:28,893 - bot - INFO - === –ë–æ—Ç –∑–∞–ø—É—â–µ–Ω —Å –ª–æ–≥–∏—Ä–æ–≤–∞–Ω–∏–µ–º –ø–ª–∞—Ç–µ–∂–µ–π ===
2026-01-27 10:02:42,038 - __main__ - ERROR - Exception while handling an update: no such column: status
Traceback (most recent call last):
  File "C:\Users\–°–ê–®–ê–î–ê–®–ê\AppData\Local\Programs\Python\Python314\Lib\site-packages\telegram\ext\_application.py", line 1315, in process_update
    await coroutine
  File "C:\Users\–°–ê–®–ê–î–ê–®–ê\AppData\Local\Programs\Python\Python314\Lib\site-packages\telegram\ext\_handlers\basehandler.py", line 159, in handle_update
    return await self.callback(update, context)
           ^^^^^^^^^^^^^^^^^^^^^^^^^^^^^^^^^^^^
  File "C:\Users\–°–ê–®–ê–î–ê–®–ê\Desktop\marafon_bot\bot.py", line 392, in handle_buttons
    await unique_buttons[text](update, context)
  File "C:\Users\–°–ê–®–ê–î–ê–®–ê\Desktop\marafon_bot\bot.py", line 2923, in show_course_main
    cursor.execute('SELECT course_id, title FROM courses WHERE status = "active" LIMIT 1')
    ~~~~~~~~~~~~~~^^^^^^^^^^^^^^^^^^^^^^^^^^^^^^^^^^^^^^^^^^^^^^^^^^^^^^^^^^^^^^^^^^^^^^^^
sqlite3.OperationalError: no such column: status
2026-01-27 10:02:52,138 - __main__ - ERROR - Exception while handling an update: name 'keyboard' is not defined
Traceback (most recent call last):
  File "C:\Users\–°–ê–®–ê–î–ê–®–ê\AppData\Local\Programs\Python\Python314\Lib\site-packages\telegram\ext\_application.py", line 1315, in process_update
    await coroutine
  File "C:\Users\–°–ê–®–ê–î–ê–®–ê\AppData\Local\Programs\Python\Python314\Lib\site-packages\telegram\ext\_handlers\basehandler.py", line 159, in handle_update
    return await self.callback(update, context)
           ^^^^^^^^^^^^^^^^^^^^^^^^^^^^^^^^^^^^
  File "C:\Users\–°–ê–®–ê–î–ê–®–ê\Desktop\marafon_bot\bot.py", line 521, in handle_buttons
    await show_events(update, context)
  File "C:\Users\–°–ê–®–ê–î–ê–®–ê\Desktop\marafon_bot\bot.py", line 4594, in show_events
    keyboard.append(["üîô –ù–∞–∑–∞–¥ –∫ –æ–ø–∏—Å–∞–Ω–∏—é –º–∞—Ä–∞–∞—Ñ–æ–Ω–∞"])
    ^^^^^^^^
NameError: name 'keyboard' is not defined
2026-01-27 10:05:02,561 - __main__ - ERROR - Exception while handling an update: no such column: status
Traceback (most recent call last):
  File "C:\Users\–°–ê–®–ê–î–ê–®–ê\AppData\Local\Programs\Python\Python314\Lib\site-packages\telegram\ext\_application.py", line 1315, in process_update
    await coroutine
  File "C:\Users\–°–ê–®–ê–î–ê–®–ê\AppData\Local\Programs\Python\Python314\Lib\site-packages\telegram\ext\_handlers\basehandler.py", line 159, in handle_update
    return await self.callback(update, context)
           ^^^^^^^^^^^^^^^^^^^^^^^^^^^^^^^^^^^^
  File "C:\Users\–°–ê–®–ê–î–ê–®–ê\Desktop\marafon_bot\bot.py", line 392, in handle_buttons
    await unique_buttons[text](update, context)
  File "C:\Users\–°–ê–®–ê–î–ê–®–ê\Desktop\marafon_bot\bot.py", line 2923, in show_course_main
    cursor.execute('SELECT course_id, title FROM courses WHERE status = "active" LIMIT 1')
    ~~~~~~~~~~~~~~^^^^^^^^^^^^^^^^^^^^^^^^^^^^^^^^^^^^^^^^^^^^^^^^^^^^^^^^^^^^^^^^^^^^^^^^
sqlite3.OperationalError: no such column: status
2026-01-27 10:10:58,416 - __main__ - INFO - === –ë–æ—Ç –∑–∞–ø—É—â–µ–Ω —Å –ª–æ–≥–∏—Ä–æ–≤–∞–Ω–∏–µ–º –ø–ª–∞—Ç–µ–∂–µ–π ===
2026-01-27 10:11:03,978 - bot - INFO - === –ë–æ—Ç –∑–∞–ø—É—â–µ–Ω —Å –ª–æ–≥–∏—Ä–æ–≤–∞–Ω–∏–µ–º –ø–ª–∞—Ç–µ–∂–µ–π ===
2026-01-27 10:11:03,980 - __main__ - ERROR - Exception while handling an update: name 'feedback_button' is not defined
Traceback (most recent call last):
  File "C:\Users\–°–ê–®–ê–î–ê–®–ê\AppData\Local\Programs\Python\Python314\Lib\site-packages\telegram\ext\_application.py", line 1315, in process_update
    await coroutine
  File "C:\Users\–°–ê–®–ê–î–ê–®–ê\AppData\Local\Programs\Python\Python314\Lib\site-packages\telegram\ext\_handlers\basehandler.py", line 159, in handle_update
    return await self.callback(update, context)
           ^^^^^^^^^^^^^^^^^^^^^^^^^^^^^^^^^^^^
  File "C:\Users\–°–ê–®–ê–î–ê–®–ê\Desktop\marafon_bot\bot.py", line 392, in handle_buttons
    await unique_buttons[text](update, context)
  File "C:\Users\–°–ê–®–ê–î–ê–®–ê\Desktop\marafon_bot\bot.py", line 920, in my_assignments_menu
    ["üìù –î–æ—Å—Ç—É–ø–Ω—ã–µ –∑–∞–¥–∞–Ω–∏—è", feedback_button],
                             ^^^^^^^^^^^^^^^
NameError: name 'feedback_button' is not defined
2026-01-27 10:22:38,697 - __main__ - INFO - === –ë–æ—Ç –∑–∞–ø—É—â–µ–Ω —Å –ª–æ–≥–∏—Ä–æ–≤–∞–Ω–∏–µ–º –ø–ª–∞—Ç–µ–∂–µ–π ===
2026-01-27 10:22:49,286 - bot - INFO - === –ë–æ—Ç –∑–∞–ø—É—â–µ–Ω —Å –ª–æ–≥–∏—Ä–æ–≤–∞–Ω–∏–µ–º –ø–ª–∞—Ç–µ–∂–µ–π ===
2026-01-27 10:41:25,278 - __main__ - ERROR - Exception while handling an update: name 'inline_markup' is not defined
Traceback (most recent call last):
  File "C:\Users\–°–ê–®–ê–î–ê–®–ê\AppData\Local\Programs\Python\Python314\Lib\site-packages\telegram\ext\_application.py", line 1315, in process_update
    await coroutine
  File "C:\Users\–°–ê–®–ê–î–ê–®–ê\AppData\Local\Programs\Python\Python314\Lib\site-packages\telegram\ext\_handlers\basehandler.py", line 159, in handle_update
    return await self.callback(update, context)
           ^^^^^^^^^^^^^^^^^^^^^^^^^^^^^^^^^^^^
  File "C:\Users\–°–ê–®–ê–î–ê–®–ê\Desktop\marafon_bot\bot.py", line 392, in handle_buttons
    await unique_buttons[text](update, context)
  File "C:\Users\–°–ê–®–ê–î–ê–®–ê\Desktop\marafon_bot\bot.py", line 4926, in show_quick_guide
    reply_markup=inline_markup,
                 ^^^^^^^^^^^^^
NameError: name 'inline_markup' is not defined
2026-01-27 10:49:06,940 - __main__ - ERROR - Exception while handling an update: name 'inline_markup' is not defined
Traceback (most recent call last):
  File "C:\Users\–°–ê–®–ê–î–ê–®–ê\AppData\Local\Programs\Python\Python314\Lib\site-packages\telegram\ext\_application.py", line 1315, in process_update
    await coroutine
  File "C:\Users\–°–ê–®–ê–î–ê–®–ê\AppData\Local\Programs\Python\Python314\Lib\site-packages\telegram\ext\_handlers\basehandler.py", line 159, in handle_update
    return await self.callback(update, context)
           ^^^^^^^^^^^^^^^^^^^^^^^^^^^^^^^^^^^^
  File "C:\Users\–°–ê–®–ê–î–ê–®–ê\Desktop\marafon_bot\bot.py", line 392, in handle_buttons
    await unique_buttons[text](update, context)
  File "C:\Users\–°–ê–®–ê–î–ê–®–ê\Desktop\marafon_bot\bot.py", line 4926, in show_quick_guide
    reply_markup=reply_markup
                 ^^^^^^^^^^^^
NameError: name 'inline_markup' is not defined
2026-01-27 10:59:57,590 - __main__ - INFO - === –ë–æ—Ç –∑–∞–ø—É—â–µ–Ω —Å –ª–æ–≥–∏—Ä–æ–≤–∞–Ω–∏–µ–º –ø–ª–∞—Ç–µ–∂–µ–π ===
2026-01-27 11:00:02,678 - bot - INFO - === –ë–æ—Ç –∑–∞–ø—É—â–µ–Ω —Å –ª–æ–≥–∏—Ä–æ–≤–∞–Ω–∏–µ–º –ø–ª–∞—Ç–µ–∂–µ–π ===
2026-01-27 11:00:03,701 - __main__ - ERROR - Exception while handling an update: name 'inline_markup' is not defined
Traceback (most recent call last):
  File "C:\Users\–°–ê–®–ê–î–ê–®–ê\AppData\Local\Programs\Python\Python314\Lib\site-packages\telegram\ext\_application.py", line 1315, in process_update
    await coroutine
  File "C:\Users\–°–ê–®–ê–î–ê–®–ê\AppData\Local\Programs\Python\Python314\Lib\site-packages\telegram\ext\_handlers\basehandler.py", line 159, in handle_update
    return await self.callback(update, context)
           ^^^^^^^^^^^^^^^^^^^^^^^^^^^^^^^^^^^^
  File "C:\Users\–°–ê–®–ê–î–ê–®–ê\Desktop\marafon_bot\bot.py", line 392, in handle_buttons
    await unique_buttons[text](update, context)
  File "C:\Users\–°–ê–®–ê–î–ê–®–ê\Desktop\marafon_bot\bot.py", line 4919, in show_quick_guide
    reply_markup=inline_markup,
                 ^^^^^^^^^^^^^
NameError: name 'inline_markup' is not defined
2026-01-27 11:00:32,163 - __main__ - INFO - === –ë–æ—Ç –∑–∞–ø—É—â–µ–Ω —Å –ª–æ–≥–∏—Ä–æ–≤–∞–Ω–∏–µ–º –ø–ª–∞—Ç–µ–∂–µ–π ===
2026-01-27 11:00:42,861 - bot - INFO - === –ë–æ—Ç –∑–∞–ø—É—â–µ–Ω —Å –ª–æ–≥–∏—Ä–æ–≤–∞–Ω–∏–µ–º –ø–ª–∞—Ç–µ–∂–µ–π ===
2026-01-27 11:01:11,968 - __main__ - ERROR - Exception while handling an update: name 'reply_markup' is not defined
Traceback (most recent call last):
  File "C:\Users\–°–ê–®–ê–î–ê–®–ê\AppData\Local\Programs\Python\Python314\Lib\site-packages\telegram\ext\_application.py", line 1315, in process_update
    await coroutine
  File "C:\Users\–°–ê–®–ê–î–ê–®–ê\AppData\Local\Programs\Python\Python314\Lib\site-packages\telegram\ext\_handlers\basehandler.py", line 159, in handle_update
    return await self.callback(update, context)
           ^^^^^^^^^^^^^^^^^^^^^^^^^^^^^^^^^^^^
  File "C:\Users\–°–ê–®–ê–î–ê–®–ê\Desktop\marafon_bot\bot.py", line 392, in handle_buttons
    await unique_buttons[text](update, context)
  File "C:\Users\–°–ê–®–ê–î–ê–®–ê\Desktop\marafon_bot\bot.py", line 4919, in show_quick_guide
    reply_markup=reply_markup
                 ^^^^^^^^^^^^
NameError: name 'reply_markup' is not defined
2026-01-27 11:05:18,165 - __main__ - INFO - === –ë–æ—Ç –∑–∞–ø—É—â–µ–Ω —Å –ª–æ–≥–∏—Ä–æ–≤–∞–Ω–∏–µ–º –ø–ª–∞—Ç–µ–∂–µ–π ===
2026-01-27 11:05:28,853 - bot - INFO - === –ë–æ—Ç –∑–∞–ø—É—â–µ–Ω —Å –ª–æ–≥–∏—Ä–æ–≤–∞–Ω–∏–µ–º –ø–ª–∞—Ç–µ–∂–µ–π ===
2026-01-27 12:29:23,210 - __main__ - ERROR - Exception while handling an update: no such column: status
Traceback (most recent call last):
  File "C:\Users\–°–ê–®–ê–î–ê–®–ê\AppData\Local\Programs\Python\Python314\Lib\site-packages\telegram\ext\_application.py", line 1315, in process_update
    await coroutine
  File "C:\Users\–°–ê–®–ê–î–ê–®–ê\AppData\Local\Programs\Python\Python314\Lib\site-packages\telegram\ext\_handlers\basehandler.py", line 159, in handle_update
    return await self.callback(update, context)
           ^^^^^^^^^^^^^^^^^^^^^^^^^^^^^^^^^^^^
  File "C:\Users\–°–ê–®–ê–î–ê–®–ê\Desktop\marafon_bot\bot.py", line 392, in handle_buttons
    await unique_buttons[text](update, context)
  File "C:\Users\–°–ê–®–ê–î–ê–®–ê\Desktop\marafon_bot\bot.py", line 2917, in show_course_main
    course = cursor.fetchone()
sqlite3.OperationalError: no such column: status
2026-01-27 12:30:25,769 - __main__ - ERROR - Exception while handling an update: no such column: status
Traceback (most recent call last):
  File "C:\Users\–°–ê–®–ê–î–ê–®–ê\AppData\Local\Programs\Python\Python314\Lib\site-packages\telegram\ext\_application.py", line 1315, in process_update
    await coroutine
  File "C:\Users\–°–ê–®–ê–î–ê–®–ê\AppData\Local\Programs\Python\Python314\Lib\site-packages\telegram\ext\_handlers\basehandler.py", line 159, in handle_update
    return await self.callback(update, context)
           ^^^^^^^^^^^^^^^^^^^^^^^^^^^^^^^^^^^^
  File "C:\Users\–°–ê–®–ê–î–ê–®–ê\Desktop\marafon_bot\bot.py", line 392, in handle_buttons
    await unique_buttons[text](update, context)
  File "C:\Users\–°–ê–®–ê–î–ê–®–ê\Desktop\marafon_bot\bot.py", line 2917, in show_course_main
    course = cursor.fetchone()
sqlite3.OperationalError: no such column: status
2026-01-27 12:38:22,486 - __main__ - INFO - === –ë–æ—Ç –∑–∞–ø—É—â–µ–Ω —Å –ª–æ–≥–∏—Ä–æ–≤–∞–Ω–∏–µ–º –ø–ª–∞—Ç–µ–∂–µ–π ===
2026-01-27 12:38:33,171 - bot - INFO - === –ë–æ—Ç –∑–∞–ø—É—â–µ–Ω —Å –ª–æ–≥–∏—Ä–æ–≤–∞–Ω–∏–µ–º –ø–ª–∞—Ç–µ–∂–µ–π ===
2026-01-27 12:38:55,397 - __main__ - INFO - üîç show_service_offer_agreement: —Å–æ—Ö—Ä–∞–Ω—è–µ–º arc 'üîÑ –ú–∞—Ä–∞—Ñ–æ–Ω | —Å—Ç–∞—Ä—Ç 20.01.25 (—Ç–µ–∫—É—â–∞—è)' –¥–ª—è user 918928334
2026-01-27 12:53:55,111 - __main__ - INFO - === –ë–æ—Ç –∑–∞–ø—É—â–µ–Ω —Å –ª–æ–≥–∏—Ä–æ–≤–∞–Ω–∏–µ–º –ø–ª–∞—Ç–µ–∂–µ–π ===
2026-01-27 12:54:05,644 - bot - INFO - === –ë–æ—Ç –∑–∞–ø—É—â–µ–Ω —Å –ª–æ–≥–∏—Ä–æ–≤–∞–Ω–∏–µ–º –ø–ª–∞—Ç–µ–∂–µ–π ===
2026-01-27 12:57:38,692 - __main__ - INFO - === –ë–æ—Ç –∑–∞–ø—É—â–µ–Ω —Å –ª–æ–≥–∏—Ä–æ–≤–∞–Ω–∏–µ–º –ø–ª–∞—Ç–µ–∂–µ–π ===
2026-01-27 12:57:49,366 - bot - INFO - === –ë–æ—Ç –∑–∞–ø—É—â–µ–Ω —Å –ª–æ–≥–∏—Ä–æ–≤–∞–Ω–∏–µ–º –ø–ª–∞—Ç–µ–∂–µ–π ===
2026-01-27 12:58:22,612 - __main__ - ERROR - Exception while handling an update: database is locked
Traceback (most recent call last):
  File "C:\Users\–°–ê–®–ê–î–ê–®–ê\AppData\Local\Programs\Python\Python314\Lib\site-packages\telegram\ext\_application.py", line 1315, in process_update
    await coroutine
  File "C:\Users\–°–ê–®–ê–î–ê–®–ê\AppData\Local\Programs\Python\Python314\Lib\site-packages\telegram\ext\_handlers\basehandler.py", line 159, in handle_update
    return await self.callback(update, context)
           ^^^^^^^^^^^^^^^^^^^^^^^^^^^^^^^^^^^^
  File "C:\Users\–°–ê–®–ê–î–ê–®–ê\Desktop\marafon_bot\bot.py", line 140, in start
    add_user(user.id, user.username, user.first_name)
    ~~~~~~~~^^^^^^^^^^^^^^^^^^^^^^^^^^^^^^^^^^^^^^^^^
  File "C:\Users\–°–ê–®–ê–î–ê–®–ê\Desktop\marafon_bot\database.py", line 423, in add_user
    cursor.execute('''
    ~~~~~~~~~~~~~~^^^^
        UPDATE users
        ^^^^^^^^^^^^
        SET username = ?, first_name = ?
        ^^^^^^^^^^^^^^^^^^^^^^^^^^^^^^^^
        WHERE user_id = ?
        ^^^^^^^^^^^^^^^^^
    ''', (username, first_name, user_id))
    ^^^^^^^^^^^^^^^^^^^^^^^^^^^^^^^^^^^^^
sqlite3.OperationalError: database is locked
2026-01-27 12:58:58,663 - __main__ - INFO - === –ë–æ—Ç –∑–∞–ø—É—â–µ–Ω —Å –ª–æ–≥–∏—Ä–æ–≤–∞–Ω–∏–µ–º –ø–ª–∞—Ç–µ–∂–µ–π ===
2026-01-27 12:59:09,203 - bot - INFO - === –ë–æ—Ç –∑–∞–ø—É—â–µ–Ω —Å –ª–æ–≥–∏—Ä–æ–≤–∞–Ω–∏–µ–º –ø–ª–∞—Ç–µ–∂–µ–π ===
2026-01-27 13:01:39,761 - __main__ - ERROR - Exception while handling an update: Timed out
Traceback (most recent call last):
  File "C:\Users\–°–ê–®–ê–î–ê–®–ê\AppData\Local\Programs\Python\Python314\Lib\site-packages\httpx\_transports\default.py", line 101, in map_httpcore_exceptions
    yield
  File "C:\Users\–°–ê–®–ê–î–ê–®–ê\AppData\Local\Programs\Python\Python314\Lib\site-packages\httpx\_transports\default.py", line 394, in handle_async_request
    resp = await self._pool.handle_async_request(req)
           ^^^^^^^^^^^^^^^^^^^^^^^^^^^^^^^^^^^^^^^^^^
  File "C:\Users\–°–ê–®–ê–î–ê–®–ê\AppData\Local\Programs\Python\Python314\Lib\site-packages\httpcore\_async\connection_pool.py", line 256, in handle_async_request
    raise exc from None
  File "C:\Users\–°–ê–®–ê–î–ê–®–ê\AppData\Local\Programs\Python\Python314\Lib\site-packages\httpcore\_async\connection_pool.py", line 236, in handle_async_request
    response = await connection.handle_async_request(
               ^^^^^^^^^^^^^^^^^^^^^^^^^^^^^^^^^^^^^^
        pool_request.request
        ^^^^^^^^^^^^^^^^^^^^
    )
    ^
  File "C:\Users\–°–ê–®–ê–î–ê–®–ê\AppData\Local\Programs\Python\Python314\Lib\site-packages\httpcore\_async\connection.py", line 101, in handle_async_request
    raise exc
  File "C:\Users\–°–ê–®–ê–î–ê–®–ê\AppData\Local\Programs\Python\Python314\Lib\site-packages\httpcore\_async\connection.py", line 78, in handle_async_request
    stream = await self._connect(request)
             ^^^^^^^^^^^^^^^^^^^^^^^^^^^^
  File "C:\Users\–°–ê–®–ê–î–ê–®–ê\AppData\Local\Programs\Python\Python314\Lib\site-packages\httpcore\_async\connection.py", line 156, in _connect
    stream = await stream.start_tls(**kwargs)
             ^^^^^^^^^^^^^^^^^^^^^^^^^^^^^^^^
  File "C:\Users\–°–ê–®–ê–î–ê–®–ê\AppData\Local\Programs\Python\Python314\Lib\site-packages\httpcore\_backends\anyio.py", line 67, in start_tls
    with map_exceptions(exc_map):
         ~~~~~~~~~~~~~~^^^^^^^^^
  File "C:\Users\–°–ê–®–ê–î–ê–®–ê\AppData\Local\Programs\Python\Python314\Lib\contextlib.py", line 162, in __exit__
    self.gen.throw(value)
    ~~~~~~~~~~~~~~^^^^^^^
  File "C:\Users\–°–ê–®–ê–î–ê–®–ê\AppData\Local\Programs\Python\Python314\Lib\site-packages\httpcore\_exceptions.py", line 14, in map_exceptions
    raise to_exc(exc) from exc
httpcore.ConnectTimeout

The above exception was the direct cause of the following exception:

Traceback (most recent call last):
  File "C:\Users\–°–ê–®–ê–î–ê–®–ê\AppData\Local\Programs\Python\Python314\Lib\site-packages\telegram\request\_httpxrequest.py", line 279, in do_request
    res = await self._client.request(
          ^^^^^^^^^^^^^^^^^^^^^^^^^^^
    ...<6 lines>...
    )
    ^
  File "C:\Users\–°–ê–®–ê–î–ê–®–ê\AppData\Local\Programs\Python\Python314\Lib\site-packages\httpx\_client.py", line 1540, in request
    return await self.send(request, auth=auth, follow_redirects=follow_redirects)
           ^^^^^^^^^^^^^^^^^^^^^^^^^^^^^^^^^^^^^^^^^^^^^^^^^^^^^^^^^^^^^^^^^^^^^^
  File "C:\Users\–°–ê–®–ê–î–ê–®–ê\AppData\Local\Programs\Python\Python314\Lib\site-packages\httpx\_client.py", line 1629, in send
    response = await self._send_handling_auth(
               ^^^^^^^^^^^^^^^^^^^^^^^^^^^^^^^
    ...<4 lines>...
    )
    ^
  File "C:\Users\–°–ê–®–ê–î–ê–®–ê\AppData\Local\Programs\Python\Python314\Lib\site-packages\httpx\_client.py", line 1657, in _send_handling_auth
    response = await self._send_handling_redirects(
               ^^^^^^^^^^^^^^^^^^^^^^^^^^^^^^^^^^^^
    ...<3 lines>...
    )
    ^
  File "C:\Users\–°–ê–®–ê–î–ê–®–ê\AppData\Local\Programs\Python\Python314\Lib\site-packages\httpx\_client.py", line 1694, in _send_handling_redirects
    response = await self._send_single_request(request)
               ^^^^^^^^^^^^^^^^^^^^^^^^^^^^^^^^^^^^^^^^
  File "C:\Users\–°–ê–®–ê–î–ê–®–ê\AppData\Local\Programs\Python\Python314\Lib\site-packages\httpx\_client.py", line 1730, in _send_single_request
    response = await transport.handle_async_request(request)
               ^^^^^^^^^^^^^^^^^^^^^^^^^^^^^^^^^^^^^^^^^^^^^
  File "C:\Users\–°–ê–®–ê–î–ê–®–ê\AppData\Local\Programs\Python\Python314\Lib\site-packages\httpx\_transports\default.py", line 393, in handle_async_request
    with map_httpcore_exceptions():
         ~~~~~~~~~~~~~~~~~~~~~~~^^
  File "C:\Users\–°–ê–®–ê–î–ê–®–ê\AppData\Local\Programs\Python\Python314\Lib\contextlib.py", line 162, in __exit__
    self.gen.throw(value)
    ~~~~~~~~~~~~~~^^^^^^^
  File "C:\Users\–°–ê–®–ê–î–ê–®–ê\AppData\Local\Programs\Python\Python314\Lib\site-packages\httpx\_transports\default.py", line 118, in map_httpcore_exceptions
    raise mapped_exc(message) from exc
httpx.ConnectTimeout

The above exception was the direct cause of the following exception:

Traceback (most recent call last):
  File "C:\Users\–°–ê–®–ê–î–ê–®–ê\AppData\Local\Programs\Python\Python314\Lib\site-packages\telegram\ext\_application.py", line 1315, in process_update
    await coroutine
  File "C:\Users\–°–ê–®–ê–î–ê–®–ê\AppData\Local\Programs\Python\Python314\Lib\site-packages\telegram\ext\_handlers\basehandler.py", line 159, in handle_update
    return await self.callback(update, context)
           ^^^^^^^^^^^^^^^^^^^^^^^^^^^^^^^^^^^^
  File "C:\Users\–°–ê–®–ê–î–ê–®–ê\Desktop\marafon_bot\bot.py", line 156, in start
    await update.message.reply_text(
    ...<2 lines>...
    )
  File "C:\Users\–°–ê–®–ê–î–ê–®–ê\AppData\Local\Programs\Python\Python314\Lib\site-packages\telegram\_message.py", line 2060, in reply_text
    return await self.get_bot().send_message(
           ^^^^^^^^^^^^^^^^^^^^^^^^^^^^^^^^^^
    ...<21 lines>...
    )
    ^
  File "C:\Users\–°–ê–®–ê–î–ê–®–ê\AppData\Local\Programs\Python\Python314\Lib\site-packages\telegram\ext\_extbot.py", line 3107, in send_message
    return await super().send_message(
           ^^^^^^^^^^^^^^^^^^^^^^^^^^^
    ...<23 lines>...
    )
    ^
  File "C:\Users\–°–ê–®–ê–î–ê–®–ê\AppData\Local\Programs\Python\Python314\Lib\site-packages\telegram\_bot.py", line 1118, in send_message
    return await self._send_message(
           ^^^^^^^^^^^^^^^^^^^^^^^^^
    ...<21 lines>...
    )
    ^
  File "C:\Users\–°–ê–®–ê–î–ê–®–ê\AppData\Local\Programs\Python\Python314\Lib\site-packages\telegram\ext\_extbot.py", line 634, in _send_message
    result = await super()._send_message(
             ^^^^^^^^^^^^^^^^^^^^^^^^^^^^
    ...<23 lines>...
    )
    ^
  File "C:\Users\–°–ê–®–ê–î–ê–®–ê\AppData\Local\Programs\Python\Python314\Lib\site-packages\telegram\_bot.py", line 819, in _send_message
    result = await self._post(
             ^^^^^^^^^^^^^^^^^
    ...<7 lines>...
    )
    ^
  File "C:\Users\–°–ê–®–ê–î–ê–®–ê\AppData\Local\Programs\Python\Python314\Lib\site-packages\telegram\_bot.py", line 703, in _post
    return await self._do_post(
           ^^^^^^^^^^^^^^^^^^^^
    ...<6 lines>...
    )
    ^
  File "C:\Users\–°–ê–®–ê–î–ê–®–ê\AppData\Local\Programs\Python\Python314\Lib\site-packages\telegram\ext\_extbot.py", line 372, in _do_post
    return await super()._do_post(
           ^^^^^^^^^^^^^^^^^^^^^^^
    ...<6 lines>...
    )
    ^
  File "C:\Users\–°–ê–®–ê–î–ê–®–ê\AppData\Local\Programs\Python\Python314\Lib\site-packages\telegram\_bot.py", line 732, in _do_post
    result = await request.post(
             ^^^^^^^^^^^^^^^^^^^
    ...<6 lines>...
    )
    ^
  File "C:\Users\–°–ê–®–ê–î–ê–®–ê\AppData\Local\Programs\Python\Python314\Lib\site-packages\telegram\request\_baserequest.py", line 198, in post
    result = await self._request_wrapper(
             ^^^^^^^^^^^^^^^^^^^^^^^^^^^^
    ...<7 lines>...
    )
    ^
  File "C:\Users\–°–ê–®–ê–î–ê–®–ê\AppData\Local\Programs\Python\Python314\Lib\site-packages\telegram\request\_baserequest.py", line 305, in _request_wrapper
    code, payload = await self.do_request(
                    ^^^^^^^^^^^^^^^^^^^^^^
    ...<7 lines>...
    )
    ^
  File "C:\Users\–°–ê–®–ê–î–ê–®–ê\AppData\Local\Programs\Python\Python314\Lib\site-packages\telegram\request\_httpxrequest.py", line 296, in do_request
    raise TimedOut from err
telegram.error.TimedOut: Timed out
2026-01-27 13:06:37,469 - __main__ - INFO - === –ë–æ—Ç –∑–∞–ø—É—â–µ–Ω —Å –ª–æ–≥–∏—Ä–æ–≤–∞–Ω–∏–µ–º –ø–ª–∞—Ç–µ–∂–µ–π ===
2026-01-27 13:06:48,178 - bot - INFO - === –ë–æ—Ç –∑–∞–ø—É—â–µ–Ω —Å –ª–æ–≥–∏—Ä–æ–≤–∞–Ω–∏–µ–º –ø–ª–∞—Ç–µ–∂–µ–π ===
2026-01-27 13:13:30,311 - __main__ - INFO - === –ë–æ—Ç –∑–∞–ø—É—â–µ–Ω —Å –ª–æ–≥–∏—Ä–æ–≤–∞–Ω–∏–µ–º –ø–ª–∞—Ç–µ–∂–µ–π ===
2026-01-27 13:13:35,111 - bot - INFO - === –ë–æ—Ç –∑–∞–ø—É—â–µ–Ω —Å –ª–æ–≥–∏—Ä–æ–≤–∞–Ω–∏–µ–º –ø–ª–∞—Ç–µ–∂–µ–π ===
2026-01-27 13:13:58,681 - __main__ - INFO - === –ë–æ—Ç –∑–∞–ø—É—â–µ–Ω —Å –ª–æ–≥–∏—Ä–æ–≤–∞–Ω–∏–µ–º –ø–ª–∞—Ç–µ–∂–µ–π ===
2026-01-27 13:14:09,215 - bot - INFO - === –ë–æ—Ç –∑–∞–ø—É—â–µ–Ω —Å –ª–æ–≥–∏—Ä–æ–≤–∞–Ω–∏–µ–º –ø–ª–∞—Ç–µ–∂–µ–π ===
2026-01-27 16:25:22,022 - __main__ - INFO - === –ë–æ—Ç –∑–∞–ø—É—â–µ–Ω —Å –ª–æ–≥–∏—Ä–æ–≤–∞–Ω–∏–µ–º –ø–ª–∞—Ç–µ–∂–µ–π ===
2026-01-27 16:25:32,712 - bot - INFO - === –ë–æ—Ç –∑–∞–ø—É—â–µ–Ω —Å –ª–æ–≥–∏—Ä–æ–≤–∞–Ω–∏–µ–º –ø–ª–∞—Ç–µ–∂–µ–π ===
2026-01-27 16:45:14,036 - __main__ - INFO - === –ë–æ—Ç –∑–∞–ø—É—â–µ–Ω —Å –ª–æ–≥–∏—Ä–æ–≤–∞–Ω–∏–µ–º –ø–ª–∞—Ç–µ–∂–µ–π ===
2026-01-27 16:45:24,726 - bot - INFO - === –ë–æ—Ç –∑–∞–ø—É—â–µ–Ω —Å –ª–æ–≥–∏—Ä–æ–≤–∞–Ω–∏–µ–º –ø–ª–∞—Ç–µ–∂–µ–π ===
2026-01-27 19:22:34,005 - __main__ - INFO - –ù–∞—á–∞–ª–æ –ø–æ–∫—É–ø–∫–∏: user=918928334, trial=False
2026-01-27 19:40:00,438 - __main__ - INFO - === –ë–æ—Ç –∑–∞–ø—É—â–µ–Ω —Å –ª–æ–≥–∏—Ä–æ–≤–∞–Ω–∏–µ–º –ø–ª–∞—Ç–µ–∂–µ–π ===
2026-01-27 19:40:09,368 - bot - INFO - === –ë–æ—Ç –∑–∞–ø—É—â–µ–Ω —Å –ª–æ–≥–∏—Ä–æ–≤–∞–Ω–∏–µ–º –ø–ª–∞—Ç–µ–∂–µ–π ===
2026-01-27 19:41:59,610 - __main__ - INFO - === –ë–æ—Ç –∑–∞–ø—É—â–µ–Ω —Å –ª–æ–≥–∏—Ä–æ–≤–∞–Ω–∏–µ–º –ø–ª–∞—Ç–µ–∂–µ–π ===
2026-01-27 19:42:10,309 - bot - INFO - === –ë–æ—Ç –∑–∞–ø—É—â–µ–Ω —Å –ª–æ–≥–∏—Ä–æ–≤–∞–Ω–∏–µ–º –ø–ª–∞—Ç–µ–∂–µ–π ===
2026-01-27 19:42:45,608 - __main__ - INFO - === –ë–æ—Ç –∑–∞–ø—É—â–µ–Ω —Å –ª–æ–≥–∏—Ä–æ–≤–∞–Ω–∏–µ–º –ø–ª–∞—Ç–µ–∂–µ–π ===
2026-01-27 19:43:51,002 - bot - INFO - === –ë–æ—Ç –∑–∞–ø—É—â–µ–Ω —Å –ª–æ–≥–∏—Ä–æ–≤–∞–Ω–∏–µ–º –ø–ª–∞—Ç–µ–∂–µ–π ===
2026-01-28 14:52:09,565 - __main__ - INFO - === –ë–æ—Ç –∑–∞–ø—É—â–µ–Ω —Å –ª–æ–≥–∏—Ä–æ–≤–∞–Ω–∏–µ–º –ø–ª–∞—Ç–µ–∂–µ–π ===
2026-01-28 14:52:20,105 - bot - INFO - === –ë–æ—Ç –∑–∞–ø—É—â–µ–Ω —Å –ª–æ–≥–∏—Ä–æ–≤–∞–Ω–∏–µ–º –ø–ª–∞—Ç–µ–∂–µ–π ===
2026-01-28 16:37:07,507 - __main__ - INFO - === –ë–æ—Ç –∑–∞–ø—É—â–µ–Ω —Å –ª–æ–≥–∏—Ä–æ–≤–∞–Ω–∏–µ–º –ø–ª–∞—Ç–µ–∂–µ–π ===
2026-01-28 16:37:18,048 - bot - INFO - === –ë–æ—Ç –∑–∞–ø—É—â–µ–Ω —Å –ª–æ–≥–∏—Ä–æ–≤–∞–Ω–∏–µ–º –ø–ª–∞—Ç–µ–∂–µ–π ===
2026-01-28 16:39:18,044 - __main__ - ERROR - Exception while handling an update: name 'reply_markup' is not defined
Traceback (most recent call last):
  File "C:\Users\–°–ê–®–ê–î–ê–®–ê\AppData\Local\Programs\Python\Python314\Lib\site-packages\telegram\ext\_application.py", line 1315, in process_update
    await coroutine
  File "C:\Users\–°–ê–®–ê–î–ê–®–ê\AppData\Local\Programs\Python\Python314\Lib\site-packages\telegram\ext\_handlers\basehandler.py", line 159, in handle_update
    return await self.callback(update, context)
           ^^^^^^^^^^^^^^^^^^^^^^^^^^^^^^^^^^^^
  File "C:\Users\–°–ê–®–ê–î–ê–®–ê\Desktop\marafon_bot\bot.py", line 398, in handle_buttons
    await unique_buttons[text](update, context)
  File "C:\Users\–°–ê–®–ê–î–ê–®–ê\Desktop\marafon_bot\bot.py", line 2924, in show_about_course
    reply_markup=reply_markup
                 ^^^^^^^^^^^^
NameError: name 'reply_markup' is not defined
2026-01-28 16:42:52,170 - __main__ - INFO - === –ë–æ—Ç –∑–∞–ø—É—â–µ–Ω —Å –ª–æ–≥–∏—Ä–æ–≤–∞–Ω–∏–µ–º –ø–ª–∞—Ç–µ–∂–µ–π ===
2026-01-28 16:43:02,869 - bot - INFO - === –ë–æ—Ç –∑–∞–ø—É—â–µ–Ω —Å –ª–æ–≥–∏—Ä–æ–≤–∞–Ω–∏–µ–º –ø–ª–∞—Ç–µ–∂–µ–π ===
2026-01-28 16:43:03,106 - __main__ - ERROR - Exception while handling an update: name 'reply_markup' is not defined
Traceback (most recent call last):
  File "C:\Users\–°–ê–®–ê–î–ê–®–ê\AppData\Local\Programs\Python\Python314\Lib\site-packages\telegram\ext\_application.py", line 1315, in process_update
    await coroutine
  File "C:\Users\–°–ê–®–ê–î–ê–®–ê\AppData\Local\Programs\Python\Python314\Lib\site-packages\telegram\ext\_handlers\basehandler.py", line 159, in handle_update
    return await self.callback(update, context)
           ^^^^^^^^^^^^^^^^^^^^^^^^^^^^^^^^^^^^
  File "C:\Users\–°–ê–®–ê–î–ê–®–ê\Desktop\marafon_bot\bot.py", line 398, in handle_buttons
    await unique_buttons[text](update, context)
  File "C:\Users\–°–ê–®–ê–î–ê–®–ê\Desktop\marafon_bot\bot.py", line 2924, in show_about_course
    reply_markup=reply_markup
                 ^^^^^^^^^^^^
NameError: name 'reply_markup' is not defined
2026-01-28 17:08:53,138 - __main__ - INFO - === –ë–æ—Ç –∑–∞–ø—É—â–µ–Ω —Å –ª–æ–≥–∏—Ä–æ–≤–∞–Ω–∏–µ–º –ø–ª–∞—Ç–µ–∂–µ–π ===
2026-01-28 17:09:03,819 - bot - INFO - === –ë–æ—Ç –∑–∞–ø—É—â–µ–Ω —Å –ª–æ–≥–∏—Ä–æ–≤–∞–Ω–∏–µ–º –ø–ª–∞—Ç–µ–∂–µ–π ===
2026-01-28 17:09:57,589 - __main__ - ERROR - Exception while handling an update: name 'keyboard' is not defined
Traceback (most recent call last):
  File "C:\Users\–°–ê–®–ê–î–ê–®–ê\AppData\Local\Programs\Python\Python314\Lib\site-packages\telegram\ext\_application.py", line 1315, in process_update
    await coroutine
  File "C:\Users\–°–ê–®–ê–î–ê–®–ê\AppData\Local\Programs\Python\Python314\Lib\site-packages\telegram\ext\_handlers\basehandler.py", line 159, in handle_update
    return await self.callback(update, context)
           ^^^^^^^^^^^^^^^^^^^^^^^^^^^^^^^^^^^^
  File "C:\Users\–°–ê–®–ê–î–ê–®–ê\Desktop\marafon_bot\bot.py", line 523, in handle_buttons
    await show_events(update, context)
  File "C:\Users\–°–ê–®–ê–î–ê–®–ê\Desktop\marafon_bot\bot.py", line 4671, in show_events
    keyboard.append(["üîô –ù–∞–∑–∞–¥ –∫ –æ–ø–∏—Å–∞–Ω–∏—é –º–∞—Ä–∞–∞—Ñ–æ–Ω–∞"])
    ^^^^^^^^
NameError: name 'keyboard' is not defined
2026-01-28 17:13:07,419 - __main__ - INFO - === –ë–æ—Ç –∑–∞–ø—É—â–µ–Ω —Å –ª–æ–≥–∏—Ä–æ–≤–∞–Ω–∏–µ–º –ø–ª–∞—Ç–µ–∂–µ–π ===
2026-01-28 17:13:18,111 - bot - INFO - === –ë–æ—Ç –∑–∞–ø—É—â–µ–Ω —Å –ª–æ–≥–∏—Ä–æ–≤–∞–Ω–∏–µ–º –ø–ª–∞—Ç–µ–∂–µ–π ===
2026-01-28 17:13:18,487 - __main__ - ERROR - Exception while handling an update: name 'keyboard' is not defined
Traceback (most recent call last):
  File "C:\Users\–°–ê–®–ê–î–ê–®–ê\AppData\Local\Programs\Python\Python314\Lib\site-packages\telegram\ext\_application.py", line 1315, in process_update
    await coroutine
  File "C:\Users\–°–ê–®–ê–î–ê–®–ê\AppData\Local\Programs\Python\Python314\Lib\site-packages\telegram\ext\_handlers\basehandler.py", line 159, in handle_update
    return await self.callback(update, context)
           ^^^^^^^^^^^^^^^^^^^^^^^^^^^^^^^^^^^^
  File "C:\Users\–°–ê–®–ê–î–ê–®–ê\Desktop\marafon_bot\bot.py", line 523, in handle_buttons
    await show_events(update, context)
  File "C:\Users\–°–ê–®–ê–î–ê–®–ê\Desktop\marafon_bot\bot.py", line 4673, in show_events
    keyboard.append(["üîô –ù–∞–∑–∞–¥ –∫ –æ–ø–∏—Å–∞–Ω–∏—é –º–∞—Ä–∞–∞—Ñ–æ–Ω–∞"])
    ^^^^^^^^
NameError: name 'keyboard' is not defined
2026-01-28 17:13:20,360 - __main__ - ERROR - Exception while handling an update: name 'keyboard' is not defined
Traceback (most recent call last):
  File "C:\Users\–°–ê–®–ê–î–ê–®–ê\AppData\Local\Programs\Python\Python314\Lib\site-packages\telegram\ext\_application.py", line 1315, in process_update
    await coroutine
  File "C:\Users\–°–ê–®–ê–î–ê–®–ê\AppData\Local\Programs\Python\Python314\Lib\site-packages\telegram\ext\_handlers\basehandler.py", line 159, in handle_update
    return await self.callback(update, context)
           ^^^^^^^^^^^^^^^^^^^^^^^^^^^^^^^^^^^^
  File "C:\Users\–°–ê–®–ê–î–ê–®–ê\Desktop\marafon_bot\bot.py", line 527, in handle_buttons
    await show_schedule(update, context)
  File "C:\Users\–°–ê–®–ê–î–ê–®–ê\Desktop\marafon_bot\bot.py", line 4692, in show_schedule
    keyboard.append(["üîô –ù–∞–∑–∞–¥ –∫ –æ–ø–∏—Å–∞–Ω–∏—é –º–∞—Ä–∞–∞—Ñ–æ–Ω–∞"])
    ^^^^^^^^
NameError: name 'keyboard' is not defined
2026-01-28 17:17:25,041 - __main__ - INFO - === –ë–æ—Ç –∑–∞–ø—É—â–µ–Ω —Å –ª–æ–≥–∏—Ä–æ–≤–∞–Ω–∏–µ–º –ø–ª–∞—Ç–µ–∂–µ–π ===
2026-01-28 17:17:35,746 - bot - INFO - === –ë–æ—Ç –∑–∞–ø—É—â–µ–Ω —Å –ª–æ–≥–∏—Ä–æ–≤–∞–Ω–∏–µ–º –ø–ª–∞—Ç–µ–∂–µ–π ===
2026-01-28 17:43:25,184 - __main__ - INFO - === –ë–æ—Ç –∑–∞–ø—É—â–µ–Ω —Å –ª–æ–≥–∏—Ä–æ–≤–∞–Ω–∏–µ–º –ø–ª–∞—Ç–µ–∂–µ–π ===
2026-01-28 17:43:35,873 - bot - INFO - === –ë–æ—Ç –∑–∞–ø—É—â–µ–Ω —Å –ª–æ–≥–∏—Ä–æ–≤–∞–Ω–∏–µ–º –ø–ª–∞—Ç–µ–∂–µ–π ===
2026-01-28 19:02:26,204 - __main__ - INFO - === –ë–æ—Ç –∑–∞–ø—É—â–µ–Ω —Å –ª–æ–≥–∏—Ä–æ–≤–∞–Ω–∏–µ–º –ø–ª–∞—Ç–µ–∂–µ–π ===
2026-01-28 19:02:36,755 - bot - INFO - === –ë–æ—Ç –∑–∞–ø—É—â–µ–Ω —Å –ª–æ–≥–∏—Ä–æ–≤–∞–Ω–∏–µ–º –ø–ª–∞—Ç–µ–∂–µ–π ===
2026-01-28 19:08:39,243 - __main__ - INFO - === –ë–æ—Ç –∑–∞–ø—É—â–µ–Ω —Å –ª–æ–≥–∏—Ä–æ–≤–∞–Ω–∏–µ–º –ø–ª–∞—Ç–µ–∂–µ–π ===
2026-01-28 19:08:49,948 - bot - INFO - === –ë–æ—Ç –∑–∞–ø—É—â–µ–Ω —Å –ª–æ–≥–∏—Ä–æ–≤–∞–Ω–∏–µ–º –ø–ª–∞—Ç–µ–∂–µ–π ===
2026-01-28 19:16:08,806 - __main__ - INFO - === –ë–æ—Ç –∑–∞–ø—É—â–µ–Ω —Å –ª–æ–≥–∏—Ä–æ–≤–∞–Ω–∏–µ–º –ø–ª–∞—Ç–µ–∂–µ–π ===
2026-01-28 19:16:19,493 - bot - INFO - === –ë–æ—Ç –∑–∞–ø—É—â–µ–Ω —Å –ª–æ–≥–∏—Ä–æ–≤–∞–Ω–∏–µ–º –ø–ª–∞—Ç–µ–∂–µ–π ===
2026-01-28 19:32:42,251 - __main__ - INFO - === –ë–æ—Ç –∑–∞–ø—É—â–µ–Ω —Å –ª–æ–≥–∏—Ä–æ–≤–∞–Ω–∏–µ–º –ø–ª–∞—Ç–µ–∂–µ–π ===
2026-01-28 19:32:52,942 - bot - INFO - === –ë–æ—Ç –∑–∞–ø—É—â–µ–Ω —Å –ª–æ–≥–∏—Ä–æ–≤–∞–Ω–∏–µ–º –ø–ª–∞—Ç–µ–∂–µ–π ===
2026-01-28 20:10:32,849 - __main__ - INFO - === –ë–æ—Ç –∑–∞–ø—É—â–µ–Ω —Å –ª–æ–≥–∏—Ä–æ–≤–∞–Ω–∏–µ–º –ø–ª–∞—Ç–µ–∂–µ–π ===
2026-01-28 20:10:43,537 - bot - INFO - === –ë–æ—Ç –∑–∞–ø—É—â–µ–Ω —Å –ª–æ–≥–∏—Ä–æ–≤–∞–Ω–∏–µ–º –ø–ª–∞—Ç–µ–∂–µ–π ===
2026-01-28 20:13:24,082 - __main__ - INFO - === –ë–æ—Ç –∑–∞–ø—É—â–µ–Ω —Å –ª–æ–≥–∏—Ä–æ–≤–∞–Ω–∏–µ–º –ø–ª–∞—Ç–µ–∂–µ–π ===
2026-01-28 20:13:34,769 - bot - INFO - === –ë–æ—Ç –∑–∞–ø—É—â–µ–Ω —Å –ª–æ–≥–∏—Ä–æ–≤–∞–Ω–∏–µ–º –ø–ª–∞—Ç–µ–∂–µ–π ===
2026-01-28 20:15:46,630 - __main__ - INFO - === –ë–æ—Ç –∑–∞–ø—É—â–µ–Ω —Å –ª–æ–≥–∏—Ä–æ–≤–∞–Ω–∏–µ–º –ø–ª–∞—Ç–µ–∂–µ–π ===
2026-01-28 20:15:57,312 - bot - INFO - === –ë–æ—Ç –∑–∞–ø—É—â–µ–Ω —Å –ª–æ–≥–∏—Ä–æ–≤–∞–Ω–∏–µ–º –ø–ª–∞—Ç–µ–∂–µ–π ===
2026-01-28 20:17:10,580 - __main__ - INFO - === –ë–æ—Ç –∑–∞–ø—É—â–µ–Ω —Å –ª–æ–≥–∏—Ä–æ–≤–∞–Ω–∏–µ–º –ø–ª–∞—Ç–µ–∂–µ–π ===
2026-01-28 20:17:21,285 - bot - INFO - === –ë–æ—Ç –∑–∞–ø—É—â–µ–Ω —Å –ª–æ–≥–∏—Ä–æ–≤–∞–Ω–∏–µ–º –ø–ª–∞—Ç–µ–∂–µ–π ===
2026-01-28 20:29:42,776 - __main__ - INFO - === –ë–æ—Ç –∑–∞–ø—É—â–µ–Ω —Å –ª–æ–≥–∏—Ä–æ–≤–∞–Ω–∏–µ–º –ø–ª–∞—Ç–µ–∂–µ–π ===
2026-01-28 20:29:53,459 - bot - INFO - === –ë–æ—Ç –∑–∞–ø—É—â–µ–Ω —Å –ª–æ–≥–∏—Ä–æ–≤–∞–Ω–∏–µ–º –ø–ª–∞—Ç–µ–∂–µ–π ===
2026-01-28 20:36:26,957 - __main__ - INFO - === –ë–æ—Ç –∑–∞–ø—É—â–µ–Ω —Å –ª–æ–≥–∏—Ä–æ–≤–∞–Ω–∏–µ–º –ø–ª–∞—Ç–µ–∂–µ–π ===
2026-01-28 20:36:37,649 - bot - INFO - === –ë–æ—Ç –∑–∞–ø—É—â–µ–Ω —Å –ª–æ–≥–∏—Ä–æ–≤–∞–Ω–∏–µ–º –ø–ª–∞—Ç–µ–∂–µ–π ===
2026-01-28 20:38:49,758 - __main__ - INFO - === –ë–æ—Ç –∑–∞–ø—É—â–µ–Ω —Å –ª–æ–≥–∏—Ä–æ–≤–∞–Ω–∏–µ–º –ø–ª–∞—Ç–µ–∂–µ–π ===
2026-01-28 20:39:00,457 - bot - INFO - === –ë–æ—Ç –∑–∞–ø—É—â–µ–Ω —Å –ª–æ–≥–∏—Ä–æ–≤–∞–Ω–∏–µ–º –ø–ª–∞—Ç–µ–∂–µ–π ===
2026-01-28 20:41:47,265 - __main__ - INFO - === –ë–æ—Ç –∑–∞–ø—É—â–µ–Ω —Å –ª–æ–≥–∏—Ä–æ–≤–∞–Ω–∏–µ–º –ø–ª–∞—Ç–µ–∂–µ–π ===
2026-01-28 21:13:11,843 - __main__ - INFO - === –ë–æ—Ç –∑–∞–ø—É—â–µ–Ω —Å –ª–æ–≥–∏—Ä–æ–≤–∞–Ω–∏–µ–º –ø–ª–∞—Ç–µ–∂–µ–π ===
2026-01-28 21:13:22,533 - bot - INFO - === –ë–æ—Ç –∑–∞–ø—É—â–µ–Ω —Å –ª–æ–≥–∏—Ä–æ–≤–∞–Ω–∏–µ–º –ø–ª–∞—Ç–µ–∂–µ–π ===
2026-01-28 21:50:33,952 - __main__ - INFO - === –ë–æ—Ç –∑–∞–ø—É—â–µ–Ω —Å –ª–æ–≥–∏—Ä–æ–≤–∞–Ω–∏–µ–º –ø–ª–∞—Ç–µ–∂–µ–π ===
2026-01-28 21:50:44,644 - bot - INFO - === –ë–æ—Ç –∑–∞–ø—É—â–µ–Ω —Å –ª–æ–≥–∏—Ä–æ–≤–∞–Ω–∏–µ–º –ø–ª–∞—Ç–µ–∂–µ–π ===
2026-01-28 21:53:17,870 - __main__ - INFO - === –ë–æ—Ç –∑–∞–ø—É—â–µ–Ω —Å –ª–æ–≥–∏—Ä–æ–≤–∞–Ω–∏–µ–º –ø–ª–∞—Ç–µ–∂–µ–π ===
2026-01-28 21:53:28,571 - bot - INFO - === –ë–æ—Ç –∑–∞–ø—É—â–µ–Ω —Å –ª–æ–≥–∏—Ä–æ–≤–∞–Ω–∏–µ–º –ø–ª–∞—Ç–µ–∂–µ–π ===
2026-01-28 21:57:17,867 - __main__ - INFO - === –ë–æ—Ç –∑–∞–ø—É—â–µ–Ω —Å –ª–æ–≥–∏—Ä–æ–≤–∞–Ω–∏–µ–º –ø–ª–∞—Ç–µ–∂–µ–π ===
2026-01-28 21:57:28,570 - bot - INFO - === –ë–æ—Ç –∑–∞–ø—É—â–µ–Ω —Å –ª–æ–≥–∏—Ä–æ–≤–∞–Ω–∏–µ–º –ø–ª–∞—Ç–µ–∂–µ–π ===
2026-01-28 22:02:00,754 - __main__ - INFO - === –ë–æ—Ç –∑–∞–ø—É—â–µ–Ω —Å –ª–æ–≥–∏—Ä–æ–≤–∞–Ω–∏–µ–º –ø–ª–∞—Ç–µ–∂–µ–π ===
2026-01-28 22:02:11,477 - bot - INFO - === –ë–æ—Ç –∑–∞–ø—É—â–µ–Ω —Å –ª–æ–≥–∏—Ä–æ–≤–∞–Ω–∏–µ–º –ø–ª–∞—Ç–µ–∂–µ–π ===
2026-01-28 22:02:12,991 - __main__ - ERROR - Exception while handling an update: Message is not modified: specified new message content and reply markup are exactly the same as a current content and reply markup of the message
Traceback (most recent call last):
  File "C:\Users\–°–ê–®–ê–î–ê–®–ê\AppData\Local\Programs\Python\Python314\Lib\site-packages\telegram\ext\_application.py", line 1315, in process_update
    await coroutine
  File "C:\Users\–°–ê–®–ê–î–ê–®–ê\AppData\Local\Programs\Python\Python314\Lib\site-packages\telegram\ext\_handlers\basehandler.py", line 159, in handle_update
    return await self.callback(update, context)
           ^^^^^^^^^^^^^^^^^^^^^^^^^^^^^^^^^^^^
  File "C:\Users\–°–ê–®–ê–î–ê–®–ê\Desktop\marafon_bot\bot.py", line 8584, in handle_inline_buttons
    await query.edit_message_reply_markup(reply_markup=None)
  File "C:\Users\–°–ê–®–ê–î–ê–®–ê\AppData\Local\Programs\Python\Python314\Lib\site-packages\telegram\_callbackquery.py", line 437, in edit_message_reply_markup
    return await self._get_message().edit_reply_markup(
           ^^^^^^^^^^^^^^^^^^^^^^^^^^^^^^^^^^^^^^^^^^^^
    ...<6 lines>...
    )
    ^
  File "C:\Users\–°–ê–®–ê–î–ê–®–ê\AppData\Local\Programs\Python\Python314\Lib\site-packages\telegram\_message.py", line 4347, in edit_reply_markup
    return await self.get_bot().edit_message_reply_markup(
           ^^^^^^^^^^^^^^^^^^^^^^^^^^^^^^^^^^^^^^^^^^^^^^^
    ...<10 lines>...
    )
    ^
  File "C:\Users\–°–ê–®–ê–î–ê–®–ê\AppData\Local\Programs\Python\Python314\Lib\site-packages\telegram\ext\_extbot.py", line 1702, in edit_message_reply_markup
    return await super().edit_message_reply_markup(
           ^^^^^^^^^^^^^^^^^^^^^^^^^^^^^^^^^^^^^^^^
    ...<10 lines>...
    )
    ^
  File "C:\Users\–°–ê–®–ê–î–ê–®–ê\AppData\Local\Programs\Python\Python314\Lib\site-packages\telegram\_bot.py", line 4676, in edit_message_reply_markup
    return await self._send_message(
           ^^^^^^^^^^^^^^^^^^^^^^^^^
    ...<9 lines>...
    )
    ^
  File "C:\Users\–°–ê–®–ê–î–ê–®–ê\AppData\Local\Programs\Python\Python314\Lib\site-packages\telegram\ext\_extbot.py", line 634, in _send_message
    result = await super()._send_message(
             ^^^^^^^^^^^^^^^^^^^^^^^^^^^^
    ...<23 lines>...
    )
    ^
  File "C:\Users\–°–ê–®–ê–î–ê–®–ê\AppData\Local\Programs\Python\Python314\Lib\site-packages\telegram\_bot.py", line 819, in _send_message
    result = await self._post(
             ^^^^^^^^^^^^^^^^^
    ...<7 lines>...
    )
    ^
  File "C:\Users\–°–ê–®–ê–î–ê–®–ê\AppData\Local\Programs\Python\Python314\Lib\site-packages\telegram\_bot.py", line 703, in _post
    return await self._do_post(
           ^^^^^^^^^^^^^^^^^^^^
    ...<6 lines>...
    )
    ^
  File "C:\Users\–°–ê–®–ê–î–ê–®–ê\AppData\Local\Programs\Python\Python314\Lib\site-packages\telegram\ext\_extbot.py", line 372, in _do_post
    return await super()._do_post(
           ^^^^^^^^^^^^^^^^^^^^^^^
    ...<6 lines>...
    )
    ^
  File "C:\Users\–°–ê–®–ê–î–ê–®–ê\AppData\Local\Programs\Python\Python314\Lib\site-packages\telegram\_bot.py", line 732, in _do_post
    result = await request.post(
             ^^^^^^^^^^^^^^^^^^^
    ...<6 lines>...
    )
    ^
  File "C:\Users\–°–ê–®–ê–î–ê–®–ê\AppData\Local\Programs\Python\Python314\Lib\site-packages\telegram\request\_baserequest.py", line 198, in post
    result = await self._request_wrapper(
             ^^^^^^^^^^^^^^^^^^^^^^^^^^^^
    ...<7 lines>...
    )
    ^
  File "C:\Users\–°–ê–®–ê–î–ê–®–ê\AppData\Local\Programs\Python\Python314\Lib\site-packages\telegram\request\_baserequest.py", line 375, in _request_wrapper
    raise exception
telegram.error.BadRequest: Message is not modified: specified new message content and reply markup are exactly the same as a current content and reply markup of the message
2026-01-28 22:06:02,080 - __main__ - INFO - === –ë–æ—Ç –∑–∞–ø—É—â–µ–Ω —Å –ª–æ–≥–∏—Ä–æ–≤–∞–Ω–∏–µ–º –ø–ª–∞—Ç–µ–∂–µ–π ===
2026-01-28 22:06:12,775 - bot - INFO - === –ë–æ—Ç –∑–∞–ø—É—â–µ–Ω —Å –ª–æ–≥–∏—Ä–æ–≤–∞–Ω–∏–µ–º –ø–ª–∞—Ç–µ–∂–µ–π ===
2026-01-28 22:08:57,683 - __main__ - INFO - === –ë–æ—Ç –∑–∞–ø—É—â–µ–Ω —Å –ª–æ–≥–∏—Ä–æ–≤–∞–Ω–∏–µ–º –ø–ª–∞—Ç–µ–∂–µ–π ===
2026-01-28 22:09:08,377 - bot - INFO - === –ë–æ—Ç –∑–∞–ø—É—â–µ–Ω —Å –ª–æ–≥–∏—Ä–æ–≤–∞–Ω–∏–µ–º –ø–ª–∞—Ç–µ–∂–µ–π ===
2026-01-28 22:11:45,576 - __main__ - INFO - === –ë–æ—Ç –∑–∞–ø—É—â–µ–Ω —Å –ª–æ–≥–∏—Ä–æ–≤–∞–Ω–∏–µ–º –ø–ª–∞—Ç–µ–∂–µ–π ===
2026-01-28 22:11:56,260 - bot - INFO - === –ë–æ—Ç –∑–∞–ø—É—â–µ–Ω —Å –ª–æ–≥–∏—Ä–æ–≤–∞–Ω–∏–µ–º –ø–ª–∞—Ç–µ–∂–µ–π ===
2026-01-28 22:12:23,399 - __main__ - INFO - === –ë–æ—Ç –∑–∞–ø—É—â–µ–Ω —Å –ª–æ–≥–∏—Ä–æ–≤–∞–Ω–∏–µ–º –ø–ª–∞—Ç–µ–∂–µ–π ===
2026-01-28 22:12:34,085 - bot - INFO - === –ë–æ—Ç –∑–∞–ø—É—â–µ–Ω —Å –ª–æ–≥–∏—Ä–æ–≤–∞–Ω–∏–µ–º –ø–ª–∞—Ç–µ–∂–µ–π ===
2026-01-28 22:19:06,212 - __main__ - INFO - === –ë–æ—Ç –∑–∞–ø—É—â–µ–Ω —Å –ª–æ–≥–∏—Ä–æ–≤–∞–Ω–∏–µ–º –ø–ª–∞—Ç–µ–∂–µ–π ===
2026-01-28 22:19:16,911 - bot - INFO - === –ë–æ—Ç –∑–∞–ø—É—â–µ–Ω —Å –ª–æ–≥–∏—Ä–æ–≤–∞–Ω–∏–µ–º –ø–ª–∞—Ç–µ–∂–µ–π ===
2026-01-29 15:37:50,618 - __main__ - INFO - === –ë–æ—Ç –∑–∞–ø—É—â–µ–Ω —Å –ª–æ–≥–∏—Ä–æ–≤–∞–Ω–∏–µ–º –ø–ª–∞—Ç–µ–∂–µ–π ===
2026-01-29 15:38:01,313 - bot - INFO - === –ë–æ—Ç –∑–∞–ø—É—â–µ–Ω —Å –ª–æ–≥–∏—Ä–æ–≤–∞–Ω–∏–µ–º –ø–ª–∞—Ç–µ–∂–µ–π ===
2026-01-29 15:53:48,089 - __main__ - INFO - === –ë–æ—Ç –∑–∞–ø—É—â–µ–Ω —Å –ª–æ–≥–∏—Ä–æ–≤–∞–Ω–∏–µ–º –ø–ª–∞—Ç–µ–∂–µ–π ===
2026-01-29 15:53:55,480 - bot - INFO - === –ë–æ—Ç –∑–∞–ø—É—â–µ–Ω —Å –ª–æ–≥–∏—Ä–æ–≤–∞–Ω–∏–µ–º –ø–ª–∞—Ç–µ–∂–µ–π ===
2026-01-29 16:08:46,165 - __main__ - INFO - === –ë–æ—Ç –∑–∞–ø—É—â–µ–Ω —Å –ª–æ–≥–∏—Ä–æ–≤–∞–Ω–∏–µ–º –ø–ª–∞—Ç–µ–∂–µ–π ===
2026-01-29 16:08:52,943 - bot - INFO - === –ë–æ—Ç –∑–∞–ø—É—â–µ–Ω —Å –ª–æ–≥–∏—Ä–æ–≤–∞–Ω–∏–µ–º –ø–ª–∞—Ç–µ–∂–µ–π ===
2026-01-29 16:15:01,061 - __main__ - INFO - === –ë–æ—Ç –∑–∞–ø—É—â–µ–Ω —Å –ª–æ–≥–∏—Ä–æ–≤–∞–Ω–∏–µ–º –ø–ª–∞—Ç–µ–∂–µ–π ===
2026-01-29 16:15:09,539 - bot - INFO - === –ë–æ—Ç –∑–∞–ø—É—â–µ–Ω —Å –ª–æ–≥–∏—Ä–æ–≤–∞–Ω–∏–µ–º –ø–ª–∞—Ç–µ–∂–µ–π ===
2026-01-29 18:46:41,725 - __main__ - INFO - === –ë–æ—Ç –∑–∞–ø—É—â–µ–Ω —Å –ª–æ–≥–∏—Ä–æ–≤–∞–Ω–∏–µ–º –ø–ª–∞—Ç–µ–∂–µ–π ===
2026-01-29 18:48:52,454 - bot - INFO - === –ë–æ—Ç –∑–∞–ø—É—â–µ–Ω —Å –ª–æ–≥–∏—Ä–æ–≤–∞–Ω–∏–µ–º –ø–ª–∞—Ç–µ–∂–µ–π ===
2026-01-29 20:06:29,116 - __main__ - INFO - === –ë–æ—Ç –∑–∞–ø—É—â–µ–Ω —Å –ª–æ–≥–∏—Ä–æ–≤–∞–Ω–∏–µ–º –ø–ª–∞—Ç–µ–∂–µ–π ===
2026-01-29 20:06:39,796 - bot - INFO - === –ë–æ—Ç –∑–∞–ø—É—â–µ–Ω —Å –ª–æ–≥–∏—Ä–æ–≤–∞–Ω–∏–µ–º –ø–ª–∞—Ç–µ–∂–µ–π ===
2026-01-29 20:20:33,449 - __main__ - INFO - === –ë–æ—Ç –∑–∞–ø—É—â–µ–Ω —Å –ª–æ–≥–∏—Ä–æ–≤–∞–Ω–∏–µ–º –ø–ª–∞—Ç–µ–∂–µ–π ===
2026-01-29 20:20:44,003 - bot - INFO - === –ë–æ—Ç –∑–∞–ø—É—â–µ–Ω —Å –ª–æ–≥–∏—Ä–æ–≤–∞–Ω–∏–µ–º –ø–ª–∞—Ç–µ–∂–µ–π ===
2026-01-29 20:35:28,959 - __main__ - INFO - === –ë–æ—Ç –∑–∞–ø—É—â–µ–Ω —Å –ª–æ–≥–∏—Ä–æ–≤–∞–Ω–∏–µ–º –ø–ª–∞—Ç–µ–∂–µ–π ===
2026-01-29 20:35:39,644 - bot - INFO - === –ë–æ—Ç –∑–∞–ø—É—â–µ–Ω —Å –ª–æ–≥–∏—Ä–æ–≤–∞–Ω–∏–µ–º –ø–ª–∞—Ç–µ–∂–µ–π ===
2026-01-29 21:13:01,150 - __main__ - INFO - === –ë–æ—Ç –∑–∞–ø—É—â–µ–Ω —Å –ª–æ–≥–∏—Ä–æ–≤–∞–Ω–∏–µ–º –ø–ª–∞—Ç–µ–∂–µ–π ===
2026-01-29 21:13:11,844 - bot - INFO - === –ë–æ—Ç –∑–∞–ø—É—â–µ–Ω —Å –ª–æ–≥–∏—Ä–æ–≤–∞–Ω–∏–µ–º –ø–ª–∞—Ç–µ–∂–µ–π ===
2026-01-29 21:13:14,905 - __main__ - ERROR - Exception while handling an update: Can't parse entities: can't find end of the entity starting at byte offset 90
Traceback (most recent call last):
  File "C:\Users\–°–ê–®–ê–î–ê–®–ê\AppData\Local\Programs\Python\Python314\Lib\site-packages\telegram\ext\_application.py", line 1315, in process_update
    await coroutine
  File "C:\Users\–°–ê–®–ê–î–ê–®–ê\AppData\Local\Programs\Python\Python314\Lib\site-packages\telegram\ext\_handlers\basehandler.py", line 159, in handle_update
    return await self.callback(update, context)
           ^^^^^^^^^^^^^^^^^^^^^^^^^^^^^^^^^^^^
  File "C:\Users\–°–ê–®–ê–î–ê–®–ê\Desktop\marafon_bot\bot.py", line 8519, in get_file_id
    await update.message.reply_text(
    ...<3 lines>...
    )
  File "C:\Users\–°–ê–®–ê–î–ê–®–ê\AppData\Local\Programs\Python\Python314\Lib\site-packages\telegram\_message.py", line 2060, in reply_text
    return await self.get_bot().send_message(
           ^^^^^^^^^^^^^^^^^^^^^^^^^^^^^^^^^^
    ...<21 lines>...
    )
    ^
  File "C:\Users\–°–ê–®–ê–î–ê–®–ê\AppData\Local\Programs\Python\Python314\Lib\site-packages\telegram\ext\_extbot.py", line 3107, in send_message
    return await super().send_message(
           ^^^^^^^^^^^^^^^^^^^^^^^^^^^
    ...<23 lines>...
    )
    ^
  File "C:\Users\–°–ê–®–ê–î–ê–®–ê\AppData\Local\Programs\Python\Python314\Lib\site-packages\telegram\_bot.py", line 1118, in send_message
    return await self._send_message(
           ^^^^^^^^^^^^^^^^^^^^^^^^^
    ...<21 lines>...
    )
    ^
  File "C:\Users\–°–ê–®–ê–î–ê–®–ê\AppData\Local\Programs\Python\Python314\Lib\site-packages\telegram\ext\_extbot.py", line 634, in _send_message
    result = await super()._send_message(
             ^^^^^^^^^^^^^^^^^^^^^^^^^^^^
    ...<23 lines>...
    )
    ^
  File "C:\Users\–°–ê–®–ê–î–ê–®–ê\AppData\Local\Programs\Python\Python314\Lib\site-packages\telegram\_bot.py", line 819, in _send_message
    result = await self._post(
             ^^^^^^^^^^^^^^^^^
    ...<7 lines>...
    )
    ^
  File "C:\Users\–°–ê–®–ê–î–ê–®–ê\AppData\Local\Programs\Python\Python314\Lib\site-packages\telegram\_bot.py", line 703, in _post
    return await self._do_post(
           ^^^^^^^^^^^^^^^^^^^^
    ...<6 lines>...
    )
    ^
  File "C:\Users\–°–ê–®–ê–î–ê–®–ê\AppData\Local\Programs\Python\Python314\Lib\site-packages\telegram\ext\_extbot.py", line 372, in _do_post
    return await super()._do_post(
           ^^^^^^^^^^^^^^^^^^^^^^^
    ...<6 lines>...
    )
    ^
  File "C:\Users\–°–ê–®–ê–î–ê–®–ê\AppData\Local\Programs\Python\Python314\Lib\site-packages\telegram\_bot.py", line 732, in _do_post
    result = await request.post(
             ^^^^^^^^^^^^^^^^^^^
    ...<6 lines>...
    )
    ^
  File "C:\Users\–°–ê–®–ê–î–ê–®–ê\AppData\Local\Programs\Python\Python314\Lib\site-packages\telegram\request\_baserequest.py", line 198, in post
    result = await self._request_wrapper(
             ^^^^^^^^^^^^^^^^^^^^^^^^^^^^
    ...<7 lines>...
    )
    ^
  File "C:\Users\–°–ê–®–ê–î–ê–®–ê\AppData\Local\Programs\Python\Python314\Lib\site-packages\telegram\request\_baserequest.py", line 375, in _request_wrapper
    raise exception
telegram.error.BadRequest: Can't parse entities: can't find end of the entity starting at byte offset 90
2026-01-29 21:15:59,691 - __main__ - INFO - === –ë–æ—Ç –∑–∞–ø—É—â–µ–Ω —Å –ª–æ–≥–∏—Ä–æ–≤–∞–Ω–∏–µ–º –ø–ª–∞—Ç–µ–∂–µ–π ===
2026-01-29 21:16:10,371 - bot - INFO - === –ë–æ—Ç –∑–∞–ø—É—â–µ–Ω —Å –ª–æ–≥–∏—Ä–æ–≤–∞–Ω–∏–µ–º –ø–ª–∞—Ç–µ–∂–µ–π ===
2026-01-29 21:16:22,236 - __main__ - ERROR - Exception while handling an update: Can't parse entities: can't find end of the entity starting at byte offset 90
Traceback (most recent call last):
  File "C:\Users\–°–ê–®–ê–î–ê–®–ê\AppData\Local\Programs\Python\Python314\Lib\site-packages\telegram\ext\_application.py", line 1315, in process_update
    await coroutine
  File "C:\Users\–°–ê–®–ê–î–ê–®–ê\AppData\Local\Programs\Python\Python314\Lib\site-packages\telegram\ext\_handlers\basehandler.py", line 159, in handle_update
    return await self.callback(update, context)
           ^^^^^^^^^^^^^^^^^^^^^^^^^^^^^^^^^^^^
  File "C:\Users\–°–ê–®–ê–î–ê–®–ê\Desktop\marafon_bot\bot.py", line 8545, in get_file_id
    await update.message.reply_text(
    ...<3 lines>...
    )
  File "C:\Users\–°–ê–®–ê–î–ê–®–ê\AppData\Local\Programs\Python\Python314\Lib\site-packages\telegram\_message.py", line 2060, in reply_text
    return await self.get_bot().send_message(
           ^^^^^^^^^^^^^^^^^^^^^^^^^^^^^^^^^^
    ...<21 lines>...
    )
    ^
  File "C:\Users\–°–ê–®–ê–î–ê–®–ê\AppData\Local\Programs\Python\Python314\Lib\site-packages\telegram\ext\_extbot.py", line 3107, in send_message
    return await super().send_message(
           ^^^^^^^^^^^^^^^^^^^^^^^^^^^
    ...<23 lines>...
    )
    ^
  File "C:\Users\–°–ê–®–ê–î–ê–®–ê\AppData\Local\Programs\Python\Python314\Lib\site-packages\telegram\_bot.py", line 1118, in send_message
    return await self._send_message(
           ^^^^^^^^^^^^^^^^^^^^^^^^^
    ...<21 lines>...
    )
    ^
  File "C:\Users\–°–ê–®–ê–î–ê–®–ê\AppData\Local\Programs\Python\Python314\Lib\site-packages\telegram\ext\_extbot.py", line 634, in _send_message
    result = await super()._send_message(
             ^^^^^^^^^^^^^^^^^^^^^^^^^^^^
    ...<23 lines>...
    )
    ^
  File "C:\Users\–°–ê–®–ê–î–ê–®–ê\AppData\Local\Programs\Python\Python314\Lib\site-packages\telegram\_bot.py", line 819, in _send_message
    result = await self._post(
             ^^^^^^^^^^^^^^^^^
    ...<7 lines>...
    )
    ^
  File "C:\Users\–°–ê–®–ê–î–ê–®–ê\AppData\Local\Programs\Python\Python314\Lib\site-packages\telegram\_bot.py", line 703, in _post
    return await self._do_post(
           ^^^^^^^^^^^^^^^^^^^^
    ...<6 lines>...
    )
    ^
  File "C:\Users\–°–ê–®–ê–î–ê–®–ê\AppData\Local\Programs\Python\Python314\Lib\site-packages\telegram\ext\_extbot.py", line 372, in _do_post
    return await super()._do_post(
           ^^^^^^^^^^^^^^^^^^^^^^^
    ...<6 lines>...
    )
    ^
  File "C:\Users\–°–ê–®–ê–î–ê–®–ê\AppData\Local\Programs\Python\Python314\Lib\site-packages\telegram\_bot.py", line 732, in _do_post
    result = await request.post(
             ^^^^^^^^^^^^^^^^^^^
    ...<6 lines>...
    )
    ^
  File "C:\Users\–°–ê–®–ê–î–ê–®–ê\AppData\Local\Programs\Python\Python314\Lib\site-packages\telegram\request\_baserequest.py", line 198, in post
    result = await self._request_wrapper(
             ^^^^^^^^^^^^^^^^^^^^^^^^^^^^
    ...<7 lines>...
    )
    ^
  File "C:\Users\–°–ê–®–ê–î–ê–®–ê\AppData\Local\Programs\Python\Python314\Lib\site-packages\telegram\request\_baserequest.py", line 375, in _request_wrapper
    raise exception
telegram.error.BadRequest: Can't parse entities: can't find end of the entity starting at byte offset 90
2026-01-29 21:17:13,966 - __main__ - INFO - === –ë–æ—Ç –∑–∞–ø—É—â–µ–Ω —Å –ª–æ–≥–∏—Ä–æ–≤–∞–Ω–∏–µ–º –ø–ª–∞—Ç–µ–∂–µ–π ===
2026-01-29 21:17:47,284 - __main__ - INFO - === –ë–æ—Ç –∑–∞–ø—É—â–µ–Ω —Å –ª–æ–≥–∏—Ä–æ–≤–∞–Ω–∏–µ–º –ø–ª–∞—Ç–µ–∂–µ–π ===
2026-01-29 21:17:57,323 - bot - INFO - === –ë–æ—Ç –∑–∞–ø—É—â–µ–Ω —Å –ª–æ–≥–∏—Ä–æ–≤–∞–Ω–∏–µ–º –ø–ª–∞—Ç–µ–∂–µ–π ===
2026-01-29 21:27:18,578 - __main__ - INFO - === –ë–æ—Ç –∑–∞–ø—É—â–µ–Ω —Å –ª–æ–≥–∏—Ä–æ–≤–∞–Ω–∏–µ–º –ø–ª–∞—Ç–µ–∂–µ–π ===
2026-01-29 21:27:29,267 - bot - INFO - === –ë–æ—Ç –∑–∞–ø—É—â–µ–Ω —Å –ª–æ–≥–∏—Ä–æ–≤–∞–Ω–∏–µ–º –ø–ª–∞—Ç–µ–∂–µ–π ===
2026-01-29 21:44:31,291 - apscheduler.executors.default - WARNING - Run time of job "send_scheduled_notifications (trigger: interval[0:01:00], next run at: 2026-01-29 16:45:29 UTC)" was missed by 0:00:02.184039
2026-01-29 23:07:06,441 - __main__ - INFO - === –ë–æ—Ç –∑–∞–ø—É—â–µ–Ω —Å –ª–æ–≥–∏—Ä–æ–≤–∞–Ω–∏–µ–º –ø–ª–∞—Ç–µ–∂–µ–π ===
2026-01-29 23:07:17,124 - bot - INFO - === –ë–æ—Ç –∑–∞–ø—É—â–µ–Ω —Å –ª–æ–≥–∏—Ä–æ–≤–∞–Ω–∏–µ–º –ø–ª–∞—Ç–µ–∂–µ–π ===
2026-01-29 23:07:24,423 - __main__ - ERROR - Exception while handling an update: Can't parse entities: can't find end of the entity starting at byte offset 211
Traceback (most recent call last):
  File "C:\Users\–°–ê–®–ê–î–ê–®–ê\AppData\Local\Programs\Python\Python314\Lib\site-packages\telegram\ext\_application.py", line 1315, in process_update
    await coroutine
  File "C:\Users\–°–ê–®–ê–î–ê–®–ê\AppData\Local\Programs\Python\Python314\Lib\site-packages\telegram\ext\_handlers\basehandler.py", line 159, in handle_update
    return await self.callback(update, context)
           ^^^^^^^^^^^^^^^^^^^^^^^^^^^^^^^^^^^^
  File "C:\Users\–°–ê–®–ê–î–ê–®–ê\Desktop\marafon_bot\bot.py", line 8567, in get_file_id
    await update.message.reply_text(
    ...<8 lines>...
    )
  File "C:\Users\–°–ê–®–ê–î–ê–®–ê\AppData\Local\Programs\Python\Python314\Lib\site-packages\telegram\_message.py", line 2060, in reply_text
    return await self.get_bot().send_message(
           ^^^^^^^^^^^^^^^^^^^^^^^^^^^^^^^^^^
    ...<21 lines>...
    )
    ^
  File "C:\Users\–°–ê–®–ê–î–ê–®–ê\AppData\Local\Programs\Python\Python314\Lib\site-packages\telegram\ext\_extbot.py", line 3107, in send_message
    return await super().send_message(
           ^^^^^^^^^^^^^^^^^^^^^^^^^^^
    ...<23 lines>...
    )
    ^
  File "C:\Users\–°–ê–®–ê–î–ê–®–ê\AppData\Local\Programs\Python\Python314\Lib\site-packages\telegram\_bot.py", line 1118, in send_message
    return await self._send_message(
           ^^^^^^^^^^^^^^^^^^^^^^^^^
    ...<21 lines>...
    )
    ^
  File "C:\Users\–°–ê–®–ê–î–ê–®–ê\AppData\Local\Programs\Python\Python314\Lib\site-packages\telegram\ext\_extbot.py", line 634, in _send_message
    result = await super()._send_message(
             ^^^^^^^^^^^^^^^^^^^^^^^^^^^^
    ...<23 lines>...
    )
    ^
  File "C:\Users\–°–ê–®–ê–î–ê–®–ê\AppData\Local\Programs\Python\Python314\Lib\site-packages\telegram\_bot.py", line 819, in _send_message
    result = await self._post(
             ^^^^^^^^^^^^^^^^^
    ...<7 lines>...
    )
    ^
  File "C:\Users\–°–ê–®–ê–î–ê–®–ê\AppData\Local\Programs\Python\Python314\Lib\site-packages\telegram\_bot.py", line 703, in _post
    return await self._do_post(
           ^^^^^^^^^^^^^^^^^^^^
    ...<6 lines>...
    )
    ^
  File "C:\Users\–°–ê–®–ê–î–ê–®–ê\AppData\Local\Programs\Python\Python314\Lib\site-packages\telegram\ext\_extbot.py", line 372, in _do_post
    return await super()._do_post(
           ^^^^^^^^^^^^^^^^^^^^^^^
    ...<6 lines>...
    )
    ^
  File "C:\Users\–°–ê–®–ê–î–ê–®–ê\AppData\Local\Programs\Python\Python314\Lib\site-packages\telegram\_bot.py", line 732, in _do_post
    result = await request.post(
             ^^^^^^^^^^^^^^^^^^^
    ...<6 lines>...
    )
    ^
  File "C:\Users\–°–ê–®–ê–î–ê–®–ê\AppData\Local\Programs\Python\Python314\Lib\site-packages\telegram\request\_baserequest.py", line 198, in post
    result = await self._request_wrapper(
             ^^^^^^^^^^^^^^^^^^^^^^^^^^^^
    ...<7 lines>...
    )
    ^
  File "C:\Users\–°–ê–®–ê–î–ê–®–ê\AppData\Local\Programs\Python\Python314\Lib\site-packages\telegram\request\_baserequest.py", line 375, in _request_wrapper
    raise exception
telegram.error.BadRequest: Can't parse entities: can't find end of the entity starting at byte offset 211
2026-01-29 23:09:39,751 - __main__ - INFO - === –ë–æ—Ç –∑–∞–ø—É—â–µ–Ω —Å –ª–æ–≥–∏—Ä–æ–≤–∞–Ω–∏–µ–º –ø–ª–∞—Ç–µ–∂–µ–π ===
2026-01-29 23:09:50,429 - bot - INFO - === –ë–æ—Ç –∑–∞–ø—É—â–µ–Ω —Å –ª–æ–≥–∏—Ä–æ–≤–∞–Ω–∏–µ–º –ø–ª–∞—Ç–µ–∂–µ–π ===
2026-01-29 23:14:32,387 - __main__ - INFO - === –ë–æ—Ç –∑–∞–ø—É—â–µ–Ω —Å –ª–æ–≥–∏—Ä–æ–≤–∞–Ω–∏–µ–º –ø–ª–∞—Ç–µ–∂–µ–π ===
2026-01-29 23:14:43,072 - bot - INFO - === –ë–æ—Ç –∑–∞–ø—É—â–µ–Ω —Å –ª–æ–≥–∏—Ä–æ–≤–∞–Ω–∏–µ–º –ø–ª–∞—Ç–µ–∂–µ–π ===
2026-01-29 23:18:17,030 - __main__ - INFO - === –ë–æ—Ç –∑–∞–ø—É—â–µ–Ω —Å –ª–æ–≥–∏—Ä–æ–≤–∞–Ω–∏–µ–º –ø–ª–∞—Ç–µ–∂–µ–π ===
2026-01-29 23:18:27,738 - bot - INFO - === –ë–æ—Ç –∑–∞–ø—É—â–µ–Ω —Å –ª–æ–≥–∏—Ä–æ–≤–∞–Ω–∏–µ–º –ø–ª–∞—Ç–µ–∂–µ–π ===
2026-01-29 23:26:40,381 - __main__ - INFO - === –ë–æ—Ç –∑–∞–ø—É—â–µ–Ω —Å –ª–æ–≥–∏—Ä–æ–≤–∞–Ω–∏–µ–º –ø–ª–∞—Ç–µ–∂–µ–π ===
2026-01-29 23:26:51,083 - bot - INFO - === –ë–æ—Ç –∑–∞–ø—É—â–µ–Ω —Å –ª–æ–≥–∏—Ä–æ–≤–∞–Ω–∏–µ–º –ø–ª–∞—Ç–µ–∂–µ–π ===
2026-01-29 23:36:44,061 - __main__ - INFO - === –ë–æ—Ç –∑–∞–ø—É—â–µ–Ω —Å –ª–æ–≥–∏—Ä–æ–≤–∞–Ω–∏–µ–º –ø–ª–∞—Ç–µ–∂–µ–π ===
2026-01-29 23:36:54,772 - bot - INFO - === –ë–æ—Ç –∑–∞–ø—É—â–µ–Ω —Å –ª–æ–≥–∏—Ä–æ–≤–∞–Ω–∏–µ–º –ø–ª–∞—Ç–µ–∂–µ–π ===
2026-01-30 00:09:56,975 - __main__ - INFO - === –ë–æ—Ç –∑–∞–ø—É—â–µ–Ω —Å –ª–æ–≥–∏—Ä–æ–≤–∞–Ω–∏–µ–º –ø–ª–∞—Ç–µ–∂–µ–π ===
2026-01-30 00:10:07,678 - bot - INFO - === –ë–æ—Ç –∑–∞–ø—É—â–µ–Ω —Å –ª–æ–≥–∏—Ä–æ–≤–∞–Ω–∏–µ–º –ø–ª–∞—Ç–µ–∂–µ–π ===
2026-01-30 00:18:35,724 - __main__ - INFO - === –ë–æ—Ç –∑–∞–ø—É—â–µ–Ω —Å –ª–æ–≥–∏—Ä–æ–≤–∞–Ω–∏–µ–º –ø–ª–∞—Ç–µ–∂–µ–π ===
2026-01-30 00:18:46,258 - bot - INFO - === –ë–æ—Ç –∑–∞–ø—É—â–µ–Ω —Å –ª–æ–≥–∏—Ä–æ–≤–∞–Ω–∏–µ–º –ø–ª–∞—Ç–µ–∂–µ–π ===
2026-01-30 00:22:16,377 - __main__ - INFO - === –ë–æ—Ç –∑–∞–ø—É—â–µ–Ω —Å –ª–æ–≥–∏—Ä–æ–≤–∞–Ω–∏–µ–º –ø–ª–∞—Ç–µ–∂–µ–π ===
2026-01-30 00:22:26,914 - bot - INFO - === –ë–æ—Ç –∑–∞–ø—É—â–µ–Ω —Å –ª–æ–≥–∏—Ä–æ–≤–∞–Ω–∏–µ–º –ø–ª–∞—Ç–µ–∂–µ–π ===
2026-01-30 00:27:57,115 - __main__ - INFO - === –ë–æ—Ç –∑–∞–ø—É—â–µ–Ω —Å –ª–æ–≥–∏—Ä–æ–≤–∞–Ω–∏–µ–º –ø–ª–∞—Ç–µ–∂–µ–π ===
2026-01-30 00:28:07,811 - bot - INFO - === –ë–æ—Ç –∑–∞–ø—É—â–µ–Ω —Å –ª–æ–≥–∏—Ä–æ–≤–∞–Ω–∏–µ–º –ø–ª–∞—Ç–µ–∂–µ–π ===
2026-01-30 00:29:34,081 - __main__ - INFO - === –ë–æ—Ç –∑–∞–ø—É—â–µ–Ω —Å –ª–æ–≥–∏—Ä–æ–≤–∞–Ω–∏–µ–º –ø–ª–∞—Ç–µ–∂–µ–π ===
2026-01-30 00:29:44,786 - bot - INFO - === –ë–æ—Ç –∑–∞–ø—É—â–µ–Ω —Å –ª–æ–≥–∏—Ä–æ–≤–∞–Ω–∏–µ–º –ø–ª–∞—Ç–µ–∂–µ–π ===
2026-01-30 00:33:02,349 - __main__ - INFO - === –ë–æ—Ç –∑–∞–ø—É—â–µ–Ω —Å –ª–æ–≥–∏—Ä–æ–≤–∞–Ω–∏–µ–º –ø–ª–∞—Ç–µ–∂–µ–π ===
2026-01-30 00:33:12,887 - bot - INFO - === –ë–æ—Ç –∑–∞–ø—É—â–µ–Ω —Å –ª–æ–≥–∏—Ä–æ–≤–∞–Ω–∏–µ–º –ø–ª–∞—Ç–µ–∂–µ–π ===
2026-01-30 00:35:05,056 - __main__ - INFO - === –ë–æ—Ç –∑–∞–ø—É—â–µ–Ω —Å –ª–æ–≥–∏—Ä–æ–≤–∞–Ω–∏–µ–º –ø–ª–∞—Ç–µ–∂–µ–π ===
2026-01-30 00:35:15,769 - bot - INFO - === –ë–æ—Ç –∑–∞–ø—É—â–µ–Ω —Å –ª–æ–≥–∏—Ä–æ–≤–∞–Ω–∏–µ–º –ø–ª–∞—Ç–µ–∂–µ–π ===
2026-01-30 00:40:22,116 - __main__ - INFO - === –ë–æ—Ç –∑–∞–ø—É—â–µ–Ω —Å –ª–æ–≥–∏—Ä–æ–≤–∞–Ω–∏–µ–º –ø–ª–∞—Ç–µ–∂–µ–π ===
2026-01-30 00:40:32,655 - bot - INFO - === –ë–æ—Ç –∑–∞–ø—É—â–µ–Ω —Å –ª–æ–≥–∏—Ä–æ–≤–∞–Ω–∏–µ–º –ø–ª–∞—Ç–µ–∂–µ–π ===
2026-01-30 00:40:35,469 - __main__ - ERROR - Exception while handling an update: Can't parse entities: can't find end of the entity starting at byte offset 134
Traceback (most recent call last):
  File "C:\Users\–°–ê–®–ê–î–ê–®–ê\AppData\Local\Programs\Python\Python314\Lib\site-packages\telegram\ext\_application.py", line 1315, in process_update
    await coroutine
  File "C:\Users\–°–ê–®–ê–î–ê–®–ê\AppData\Local\Programs\Python\Python314\Lib\site-packages\telegram\ext\_handlers\basehandler.py", line 159, in handle_update
    return await self.callback(update, context)
           ^^^^^^^^^^^^^^^^^^^^^^^^^^^^^^^^^^^^
  File "C:\Users\–°–ê–®–ê–î–ê–®–ê\Desktop\marafon_bot\bot.py", line 8491, in load_media_simple
    await update.message.reply_text(
    ...<7 lines>...
    )
  File "C:\Users\–°–ê–®–ê–î–ê–®–ê\AppData\Local\Programs\Python\Python314\Lib\site-packages\telegram\_message.py", line 2060, in reply_text
    return await self.get_bot().send_message(
           ^^^^^^^^^^^^^^^^^^^^^^^^^^^^^^^^^^
    ...<21 lines>...
    )
    ^
  File "C:\Users\–°–ê–®–ê–î–ê–®–ê\AppData\Local\Programs\Python\Python314\Lib\site-packages\telegram\ext\_extbot.py", line 3107, in send_message
    return await super().send_message(
           ^^^^^^^^^^^^^^^^^^^^^^^^^^^
    ...<23 lines>...
    )
    ^
  File "C:\Users\–°–ê–®–ê–î–ê–®–ê\AppData\Local\Programs\Python\Python314\Lib\site-packages\telegram\_bot.py", line 1118, in send_message
    return await self._send_message(
           ^^^^^^^^^^^^^^^^^^^^^^^^^
    ...<21 lines>...
    )
    ^
  File "C:\Users\–°–ê–®–ê–î–ê–®–ê\AppData\Local\Programs\Python\Python314\Lib\site-packages\telegram\ext\_extbot.py", line 634, in _send_message
    result = await super()._send_message(
             ^^^^^^^^^^^^^^^^^^^^^^^^^^^^
    ...<23 lines>...
    )
    ^
  File "C:\Users\–°–ê–®–ê–î–ê–®–ê\AppData\Local\Programs\Python\Python314\Lib\site-packages\telegram\_bot.py", line 819, in _send_message
    result = await self._post(
             ^^^^^^^^^^^^^^^^^
    ...<7 lines>...
    )
    ^
  File "C:\Users\–°–ê–®–ê–î–ê–®–ê\AppData\Local\Programs\Python\Python314\Lib\site-packages\telegram\_bot.py", line 703, in _post
    return await self._do_post(
           ^^^^^^^^^^^^^^^^^^^^
    ...<6 lines>...
    )
    ^
  File "C:\Users\–°–ê–®–ê–î–ê–®–ê\AppData\Local\Programs\Python\Python314\Lib\site-packages\telegram\ext\_extbot.py", line 372, in _do_post
    return await super()._do_post(
           ^^^^^^^^^^^^^^^^^^^^^^^
    ...<6 lines>...
    )
    ^
  File "C:\Users\–°–ê–®–ê–î–ê–®–ê\AppData\Local\Programs\Python\Python314\Lib\site-packages\telegram\_bot.py", line 732, in _do_post
    result = await request.post(
             ^^^^^^^^^^^^^^^^^^^
    ...<6 lines>...
    )
    ^
  File "C:\Users\–°–ê–®–ê–î–ê–®–ê\AppData\Local\Programs\Python\Python314\Lib\site-packages\telegram\request\_baserequest.py", line 198, in post
    result = await self._request_wrapper(
             ^^^^^^^^^^^^^^^^^^^^^^^^^^^^
    ...<7 lines>...
    )
    ^
  File "C:\Users\–°–ê–®–ê–î–ê–®–ê\AppData\Local\Programs\Python\Python314\Lib\site-packages\telegram\request\_baserequest.py", line 375, in _request_wrapper
    raise exception
telegram.error.BadRequest: Can't parse entities: can't find end of the entity starting at byte offset 134
2026-01-30 00:43:57,681 - __main__ - INFO - === –ë–æ—Ç –∑–∞–ø—É—â–µ–Ω —Å –ª–æ–≥–∏—Ä–æ–≤–∞–Ω–∏–µ–º –ø–ª–∞—Ç–µ–∂–µ–π ===
2026-01-30 00:44:08,386 - bot - INFO - === –ë–æ—Ç –∑–∞–ø—É—â–µ–Ω —Å –ª–æ–≥–∏—Ä–æ–≤–∞–Ω–∏–µ–º –ø–ª–∞—Ç–µ–∂–µ–π ===
2026-01-30 01:09:39,642 - __main__ - INFO - === –ë–æ—Ç –∑–∞–ø—É—â–µ–Ω —Å –ª–æ–≥–∏—Ä–æ–≤–∞–Ω–∏–µ–º –ø–ª–∞—Ç–µ–∂–µ–π ===
2026-01-30 01:09:50,342 - bot - INFO - === –ë–æ—Ç –∑–∞–ø—É—â–µ–Ω —Å –ª–æ–≥–∏—Ä–æ–≤–∞–Ω–∏–µ–º –ø–ª–∞—Ç–µ–∂–µ–π ===
2026-01-30 01:11:47,238 - __main__ - INFO - === –ë–æ—Ç –∑–∞–ø—É—â–µ–Ω —Å –ª–æ–≥–∏—Ä–æ–≤–∞–Ω–∏–µ–º –ø–ª–∞—Ç–µ–∂–µ–π ===
2026-01-30 01:12:01,743 - apscheduler.executors.default - WARNING - Run time of job "check_daily_openings (trigger: interval[1:00:00], next run at: 2026-01-29 21:11:57 UTC)" was missed by 0:00:03.946303
2026-01-30 01:14:23,480 - __main__ - INFO - === –ë–æ—Ç –∑–∞–ø—É—â–µ–Ω —Å –ª–æ–≥–∏—Ä–æ–≤–∞–Ω–∏–µ–º –ø–ª–∞—Ç–µ–∂–µ–π ===
2026-01-30 01:15:34,182 - bot - INFO - === –ë–æ—Ç –∑–∞–ø—É—â–µ–Ω —Å –ª–æ–≥–∏—Ä–æ–≤–∞–Ω–∏–µ–º –ø–ª–∞—Ç–µ–∂–µ–π ===
2026-01-30 02:13:52,782 - __main__ - INFO - === –ë–æ—Ç –∑–∞–ø—É—â–µ–Ω —Å –ª–æ–≥–∏—Ä–æ–≤–∞–Ω–∏–µ–º –ø–ª–∞—Ç–µ–∂–µ–π ===
2026-01-30 02:14:03,320 - bot - INFO - === –ë–æ—Ç –∑–∞–ø—É—â–µ–Ω —Å –ª–æ–≥–∏—Ä–æ–≤–∞–Ω–∏–µ–º –ø–ª–∞—Ç–µ–∂–µ–π ===
2026-01-30 03:02:40,138 - __main__ - INFO - === –ë–æ—Ç –∑–∞–ø—É—â–µ–Ω —Å –ª–æ–≥–∏—Ä–æ–≤–∞–Ω–∏–µ–º –ø–ª–∞—Ç–µ–∂–µ–π ===
2026-01-30 03:03:11,651 - __main__ - INFO - === –ë–æ—Ç –∑–∞–ø—É—â–µ–Ω —Å –ª–æ–≥–∏—Ä–æ–≤–∞–Ω–∏–µ–º –ø–ª–∞—Ç–µ–∂–µ–π ===
2026-01-30 03:03:50,253 - __main__ - INFO - === –ë–æ—Ç –∑–∞–ø—É—â–µ–Ω —Å –ª–æ–≥–∏—Ä–æ–≤–∞–Ω–∏–µ–º –ø–ª–∞—Ç–µ–∂–µ–π ===
2026-01-30 03:03:51,381 - __main__ - ERROR - Exception while handling an update: Conflict: terminated by other getUpdates request; make sure that only one bot instance is running
Traceback (most recent call last):
  File "C:\Users\–°–ê–®–ê–î–ê–®–ê\AppData\Local\Programs\Python\Python314\Lib\site-packages\telegram\ext\_utils\networkloop.py", line 134, in network_retry_loop
    await do_action()
  File "C:\Users\–°–ê–®–ê–î–ê–®–ê\AppData\Local\Programs\Python\Python314\Lib\site-packages\telegram\ext\_utils\networkloop.py", line 127, in do_action
    action_cb_task.result()
    ~~~~~~~~~~~~~~~~~~~~~^^
  File "C:\Users\–°–ê–®–ê–î–ê–®–ê\AppData\Local\Programs\Python\Python314\Lib\site-packages\telegram\ext\_updater.py", line 340, in polling_action_cb
    updates = await self.bot.get_updates(
              ^^^^^^^^^^^^^^^^^^^^^^^^^^^
    ...<3 lines>...
    )
    ^
  File "C:\Users\–°–ê–®–ê–î–ê–®–ê\AppData\Local\Programs\Python\Python314\Lib\site-packages\telegram\ext\_extbot.py", line 676, in get_updates
    updates = await super().get_updates(
              ^^^^^^^^^^^^^^^^^^^^^^^^^^
    ...<9 lines>...
    )
    ^
  File "C:\Users\–°–ê–®–ê–î–ê–®–ê\AppData\Local\Programs\Python\Python314\Lib\site-packages\telegram\_bot.py", line 4780, in get_updates
    await self._post(
    ^^^^^^^^^^^^^^^^^
    ...<7 lines>...
    ),
    ^
  File "C:\Users\–°–ê–®–ê–î–ê–®–ê\AppData\Local\Programs\Python\Python314\Lib\site-packages\telegram\_bot.py", line 703, in _post
    return await self._do_post(
           ^^^^^^^^^^^^^^^^^^^^
    ...<6 lines>...
    )
    ^
  File "C:\Users\–°–ê–®–ê–î–ê–®–ê\AppData\Local\Programs\Python\Python314\Lib\site-packages\telegram\ext\_extbot.py", line 372, in _do_post
    return await super()._do_post(
           ^^^^^^^^^^^^^^^^^^^^^^^
    ...<6 lines>...
    )
    ^
  File "C:\Users\–°–ê–®–ê–î–ê–®–ê\AppData\Local\Programs\Python\Python314\Lib\site-packages\telegram\_bot.py", line 732, in _do_post
    result = await request.post(
             ^^^^^^^^^^^^^^^^^^^
    ...<6 lines>...
    )
    ^
  File "C:\Users\–°–ê–®–ê–î–ê–®–ê\AppData\Local\Programs\Python\Python314\Lib\site-packages\telegram\request\_baserequest.py", line 198, in post
    result = await self._request_wrapper(
             ^^^^^^^^^^^^^^^^^^^^^^^^^^^^
    ...<7 lines>...
    )
    ^
  File "C:\Users\–°–ê–®–ê–î–ê–®–ê\AppData\Local\Programs\Python\Python314\Lib\site-packages\telegram\request\_baserequest.py", line 375, in _request_wrapper
    raise exception
telegram.error.Conflict: Conflict: terminated by other getUpdates request; make sure that only one bot instance is running
2026-01-30 03:03:55,458 - __main__ - ERROR - Exception while handling an update: Conflict: terminated by other getUpdates request; make sure that only one bot instance is running
Traceback (most recent call last):
  File "C:\Users\–°–ê–®–ê–î–ê–®–ê\AppData\Local\Programs\Python\Python314\Lib\site-packages\telegram\ext\_utils\networkloop.py", line 134, in network_retry_loop
    await do_action()
  File "C:\Users\–°–ê–®–ê–î–ê–®–ê\AppData\Local\Programs\Python\Python314\Lib\site-packages\telegram\ext\_utils\networkloop.py", line 127, in do_action
    action_cb_task.result()
    ~~~~~~~~~~~~~~~~~~~~~^^
  File "C:\Users\–°–ê–®–ê–î–ê–®–ê\AppData\Local\Programs\Python\Python314\Lib\site-packages\telegram\ext\_updater.py", line 340, in polling_action_cb
    updates = await self.bot.get_updates(
              ^^^^^^^^^^^^^^^^^^^^^^^^^^^
    ...<3 lines>...
    )
    ^
  File "C:\Users\–°–ê–®–ê–î–ê–®–ê\AppData\Local\Programs\Python\Python314\Lib\site-packages\telegram\ext\_extbot.py", line 676, in get_updates
    updates = await super().get_updates(
              ^^^^^^^^^^^^^^^^^^^^^^^^^^
    ...<9 lines>...
    )
    ^
  File "C:\Users\–°–ê–®–ê–î–ê–®–ê\AppData\Local\Programs\Python\Python314\Lib\site-packages\telegram\_bot.py", line 4780, in get_updates
    await self._post(
    ^^^^^^^^^^^^^^^^^
    ...<7 lines>...
    ),
    ^
  File "C:\Users\–°–ê–®–ê–î–ê–®–ê\AppData\Local\Programs\Python\Python314\Lib\site-packages\telegram\_bot.py", line 703, in _post
    return await self._do_post(
           ^^^^^^^^^^^^^^^^^^^^
    ...<6 lines>...
    )
    ^
  File "C:\Users\–°–ê–®–ê–î–ê–®–ê\AppData\Local\Programs\Python\Python314\Lib\site-packages\telegram\ext\_extbot.py", line 372, in _do_post
    return await super()._do_post(
           ^^^^^^^^^^^^^^^^^^^^^^^
    ...<6 lines>...
    )
    ^
  File "C:\Users\–°–ê–®–ê–î–ê–®–ê\AppData\Local\Programs\Python\Python314\Lib\site-packages\telegram\_bot.py", line 732, in _do_post
    result = await request.post(
             ^^^^^^^^^^^^^^^^^^^
    ...<6 lines>...
    )
    ^
  File "C:\Users\–°–ê–®–ê–î–ê–®–ê\AppData\Local\Programs\Python\Python314\Lib\site-packages\telegram\request\_baserequest.py", line 198, in post
    result = await self._request_wrapper(
             ^^^^^^^^^^^^^^^^^^^^^^^^^^^^
    ...<7 lines>...
    )
    ^
  File "C:\Users\–°–ê–®–ê–î–ê–®–ê\AppData\Local\Programs\Python\Python314\Lib\site-packages\telegram\request\_baserequest.py", line 375, in _request_wrapper
    raise exception
telegram.error.Conflict: Conflict: terminated by other getUpdates request; make sure that only one bot instance is running
2026-01-30 03:03:56,542 - __main__ - ERROR - Exception while handling an update: Conflict: terminated by other getUpdates request; make sure that only one bot instance is running
Traceback (most recent call last):
  File "C:\Users\–°–ê–®–ê–î–ê–®–ê\AppData\Local\Programs\Python\Python314\Lib\site-packages\telegram\ext\_utils\networkloop.py", line 134, in network_retry_loop
    await do_action()
  File "C:\Users\–°–ê–®–ê–î–ê–®–ê\AppData\Local\Programs\Python\Python314\Lib\site-packages\telegram\ext\_utils\networkloop.py", line 127, in do_action
    action_cb_task.result()
    ~~~~~~~~~~~~~~~~~~~~~^^
  File "C:\Users\–°–ê–®–ê–î–ê–®–ê\AppData\Local\Programs\Python\Python314\Lib\site-packages\telegram\ext\_updater.py", line 340, in polling_action_cb
    updates = await self.bot.get_updates(
              ^^^^^^^^^^^^^^^^^^^^^^^^^^^
    ...<3 lines>...
    )
    ^
  File "C:\Users\–°–ê–®–ê–î–ê–®–ê\AppData\Local\Programs\Python\Python314\Lib\site-packages\telegram\ext\_extbot.py", line 676, in get_updates
    updates = await super().get_updates(
              ^^^^^^^^^^^^^^^^^^^^^^^^^^
    ...<9 lines>...
    )
    ^
  File "C:\Users\–°–ê–®–ê–î–ê–®–ê\AppData\Local\Programs\Python\Python314\Lib\site-packages\telegram\_bot.py", line 4780, in get_updates
    await self._post(
    ^^^^^^^^^^^^^^^^^
    ...<7 lines>...
    ),
    ^
  File "C:\Users\–°–ê–®–ê–î–ê–®–ê\AppData\Local\Programs\Python\Python314\Lib\site-packages\telegram\_bot.py", line 703, in _post
    return await self._do_post(
           ^^^^^^^^^^^^^^^^^^^^
    ...<6 lines>...
    )
    ^
  File "C:\Users\–°–ê–®–ê–î–ê–®–ê\AppData\Local\Programs\Python\Python314\Lib\site-packages\telegram\ext\_extbot.py", line 372, in _do_post
    return await super()._do_post(
           ^^^^^^^^^^^^^^^^^^^^^^^
    ...<6 lines>...
    )
    ^
  File "C:\Users\–°–ê–®–ê–î–ê–®–ê\AppData\Local\Programs\Python\Python314\Lib\site-packages\telegram\_bot.py", line 732, in _do_post
    result = await request.post(
             ^^^^^^^^^^^^^^^^^^^
    ...<6 lines>...
    )
    ^
  File "C:\Users\–°–ê–®–ê–î–ê–®–ê\AppData\Local\Programs\Python\Python314\Lib\site-packages\telegram\request\_baserequest.py", line 198, in post
    result = await self._request_wrapper(
             ^^^^^^^^^^^^^^^^^^^^^^^^^^^^
    ...<7 lines>...
    )
    ^
  File "C:\Users\–°–ê–®–ê–î–ê–®–ê\AppData\Local\Programs\Python\Python314\Lib\site-packages\telegram\request\_baserequest.py", line 375, in _request_wrapper
    raise exception
telegram.error.Conflict: Conflict: terminated by other getUpdates request; make sure that only one bot instance is running
2026-01-30 03:04:00,982 - bot - INFO - === –ë–æ—Ç –∑–∞–ø—É—â–µ–Ω —Å –ª–æ–≥–∏—Ä–æ–≤–∞–Ω–∏–µ–º –ø–ª–∞—Ç–µ–∂–µ–π ===
2026-01-30 03:04:01,131 - __main__ - ERROR - Exception while handling an update: Conflict: terminated by other getUpdates request; make sure that only one bot instance is running
Traceback (most recent call last):
  File "C:\Users\–°–ê–®–ê–î–ê–®–ê\AppData\Local\Programs\Python\Python314\Lib\site-packages\telegram\ext\_utils\networkloop.py", line 134, in network_retry_loop
    await do_action()
  File "C:\Users\–°–ê–®–ê–î–ê–®–ê\AppData\Local\Programs\Python\Python314\Lib\site-packages\telegram\ext\_utils\networkloop.py", line 127, in do_action
    action_cb_task.result()
    ~~~~~~~~~~~~~~~~~~~~~^^
  File "C:\Users\–°–ê–®–ê–î–ê–®–ê\AppData\Local\Programs\Python\Python314\Lib\site-packages\telegram\ext\_updater.py", line 340, in polling_action_cb
    updates = await self.bot.get_updates(
              ^^^^^^^^^^^^^^^^^^^^^^^^^^^
    ...<3 lines>...
    )
    ^
  File "C:\Users\–°–ê–®–ê–î–ê–®–ê\AppData\Local\Programs\Python\Python314\Lib\site-packages\telegram\ext\_extbot.py", line 676, in get_updates
    updates = await super().get_updates(
              ^^^^^^^^^^^^^^^^^^^^^^^^^^
    ...<9 lines>...
    )
    ^
  File "C:\Users\–°–ê–®–ê–î–ê–®–ê\AppData\Local\Programs\Python\Python314\Lib\site-packages\telegram\_bot.py", line 4780, in get_updates
    await self._post(
    ^^^^^^^^^^^^^^^^^
    ...<7 lines>...
    ),
    ^
  File "C:\Users\–°–ê–®–ê–î–ê–®–ê\AppData\Local\Programs\Python\Python314\Lib\site-packages\telegram\_bot.py", line 703, in _post
    return await self._do_post(
           ^^^^^^^^^^^^^^^^^^^^
    ...<6 lines>...
    )
    ^
  File "C:\Users\–°–ê–®–ê–î–ê–®–ê\AppData\Local\Programs\Python\Python314\Lib\site-packages\telegram\ext\_extbot.py", line 372, in _do_post
    return await super()._do_post(
           ^^^^^^^^^^^^^^^^^^^^^^^
    ...<6 lines>...
    )
    ^
  File "C:\Users\–°–ê–®–ê–î–ê–®–ê\AppData\Local\Programs\Python\Python314\Lib\site-packages\telegram\_bot.py", line 732, in _do_post
    result = await request.post(
             ^^^^^^^^^^^^^^^^^^^
    ...<6 lines>...
    )
    ^
  File "C:\Users\–°–ê–®–ê–î–ê–®–ê\AppData\Local\Programs\Python\Python314\Lib\site-packages\telegram\request\_baserequest.py", line 198, in post
    result = await self._request_wrapper(
             ^^^^^^^^^^^^^^^^^^^^^^^^^^^^
    ...<7 lines>...
    )
    ^
  File "C:\Users\–°–ê–®–ê–î–ê–®–ê\AppData\Local\Programs\Python\Python314\Lib\site-packages\telegram\request\_baserequest.py", line 375, in _request_wrapper
    raise exception
telegram.error.Conflict: Conflict: terminated by other getUpdates request; make sure that only one bot instance is running
2026-01-30 03:04:02,710 - __main__ - ERROR - Exception while handling an update: Conflict: terminated by other getUpdates request; make sure that only one bot instance is running
Traceback (most recent call last):
  File "C:\Users\–°–ê–®–ê–î–ê–®–ê\AppData\Local\Programs\Python\Python314\Lib\site-packages\telegram\ext\_utils\networkloop.py", line 134, in network_retry_loop
    await do_action()
  File "C:\Users\–°–ê–®–ê–î–ê–®–ê\AppData\Local\Programs\Python\Python314\Lib\site-packages\telegram\ext\_utils\networkloop.py", line 127, in do_action
    action_cb_task.result()
    ~~~~~~~~~~~~~~~~~~~~~^^
  File "C:\Users\–°–ê–®–ê–î–ê–®–ê\AppData\Local\Programs\Python\Python314\Lib\site-packages\telegram\ext\_updater.py", line 340, in polling_action_cb
    updates = await self.bot.get_updates(
              ^^^^^^^^^^^^^^^^^^^^^^^^^^^
    ...<3 lines>...
    )
    ^
  File "C:\Users\–°–ê–®–ê–î–ê–®–ê\AppData\Local\Programs\Python\Python314\Lib\site-packages\telegram\ext\_extbot.py", line 676, in get_updates
    updates = await super().get_updates(
              ^^^^^^^^^^^^^^^^^^^^^^^^^^
    ...<9 lines>...
    )
    ^
  File "C:\Users\–°–ê–®–ê–î–ê–®–ê\AppData\Local\Programs\Python\Python314\Lib\site-packages\telegram\_bot.py", line 4780, in get_updates
    await self._post(
    ^^^^^^^^^^^^^^^^^
    ...<7 lines>...
    ),
    ^
  File "C:\Users\–°–ê–®–ê–î–ê–®–ê\AppData\Local\Programs\Python\Python314\Lib\site-packages\telegram\_bot.py", line 703, in _post
    return await self._do_post(
           ^^^^^^^^^^^^^^^^^^^^
    ...<6 lines>...
    )
    ^
  File "C:\Users\–°–ê–®–ê–î–ê–®–ê\AppData\Local\Programs\Python\Python314\Lib\site-packages\telegram\ext\_extbot.py", line 372, in _do_post
    return await super()._do_post(
           ^^^^^^^^^^^^^^^^^^^^^^^
    ...<6 lines>...
    )
    ^
  File "C:\Users\–°–ê–®–ê–î–ê–®–ê\AppData\Local\Programs\Python\Python314\Lib\site-packages\telegram\_bot.py", line 732, in _do_post
    result = await request.post(
             ^^^^^^^^^^^^^^^^^^^
    ...<6 lines>...
    )
    ^
  File "C:\Users\–°–ê–®–ê–î–ê–®–ê\AppData\Local\Programs\Python\Python314\Lib\site-packages\telegram\request\_baserequest.py", line 198, in post
    result = await self._request_wrapper(
             ^^^^^^^^^^^^^^^^^^^^^^^^^^^^
    ...<7 lines>...
    )
    ^
  File "C:\Users\–°–ê–®–ê–î–ê–®–ê\AppData\Local\Programs\Python\Python314\Lib\site-packages\telegram\request\_baserequest.py", line 375, in _request_wrapper
    raise exception
telegram.error.Conflict: Conflict: terminated by other getUpdates request; make sure that only one bot instance is running
2026-01-30 03:04:08,141 - __main__ - ERROR - Exception while handling an update: Conflict: terminated by other getUpdates request; make sure that only one bot instance is running
Traceback (most recent call last):
  File "C:\Users\–°–ê–®–ê–î–ê–®–ê\AppData\Local\Programs\Python\Python314\Lib\site-packages\telegram\ext\_utils\networkloop.py", line 134, in network_retry_loop
    await do_action()
  File "C:\Users\–°–ê–®–ê–î–ê–®–ê\AppData\Local\Programs\Python\Python314\Lib\site-packages\telegram\ext\_utils\networkloop.py", line 127, in do_action
    action_cb_task.result()
    ~~~~~~~~~~~~~~~~~~~~~^^
  File "C:\Users\–°–ê–®–ê–î–ê–®–ê\AppData\Local\Programs\Python\Python314\Lib\site-packages\telegram\ext\_updater.py", line 340, in polling_action_cb
    updates = await self.bot.get_updates(
              ^^^^^^^^^^^^^^^^^^^^^^^^^^^
    ...<3 lines>...
    )
    ^
  File "C:\Users\–°–ê–®–ê–î–ê–®–ê\AppData\Local\Programs\Python\Python314\Lib\site-packages\telegram\ext\_extbot.py", line 676, in get_updates
    updates = await super().get_updates(
              ^^^^^^^^^^^^^^^^^^^^^^^^^^
    ...<9 lines>...
    )
    ^
  File "C:\Users\–°–ê–®–ê–î–ê–®–ê\AppData\Local\Programs\Python\Python314\Lib\site-packages\telegram\_bot.py", line 4780, in get_updates
    await self._post(
    ^^^^^^^^^^^^^^^^^
    ...<7 lines>...
    ),
    ^
  File "C:\Users\–°–ê–®–ê–î–ê–®–ê\AppData\Local\Programs\Python\Python314\Lib\site-packages\telegram\_bot.py", line 703, in _post
    return await self._do_post(
           ^^^^^^^^^^^^^^^^^^^^
    ...<6 lines>...
    )
    ^
  File "C:\Users\–°–ê–®–ê–î–ê–®–ê\AppData\Local\Programs\Python\Python314\Lib\site-packages\telegram\ext\_extbot.py", line 372, in _do_post
    return await super()._do_post(
           ^^^^^^^^^^^^^^^^^^^^^^^
    ...<6 lines>...
    )
    ^
  File "C:\Users\–°–ê–®–ê–î–ê–®–ê\AppData\Local\Programs\Python\Python314\Lib\site-packages\telegram\_bot.py", line 732, in _do_post
    result = await request.post(
             ^^^^^^^^^^^^^^^^^^^
    ...<6 lines>...
    )
    ^
  File "C:\Users\–°–ê–®–ê–î–ê–®–ê\AppData\Local\Programs\Python\Python314\Lib\site-packages\telegram\request\_baserequest.py", line 198, in post
    result = await self._request_wrapper(
             ^^^^^^^^^^^^^^^^^^^^^^^^^^^^
    ...<7 lines>...
    )
    ^
  File "C:\Users\–°–ê–®–ê–î–ê–®–ê\AppData\Local\Programs\Python\Python314\Lib\site-packages\telegram\request\_baserequest.py", line 375, in _request_wrapper
    raise exception
telegram.error.Conflict: Conflict: terminated by other getUpdates request; make sure that only one bot instance is running
2026-01-30 03:04:10,473 - __main__ - ERROR - Exception while handling an update: Conflict: terminated by other getUpdates request; make sure that only one bot instance is running
Traceback (most recent call last):
  File "C:\Users\–°–ê–®–ê–î–ê–®–ê\AppData\Local\Programs\Python\Python314\Lib\site-packages\telegram\ext\_utils\networkloop.py", line 134, in network_retry_loop
    await do_action()
  File "C:\Users\–°–ê–®–ê–î–ê–®–ê\AppData\Local\Programs\Python\Python314\Lib\site-packages\telegram\ext\_utils\networkloop.py", line 127, in do_action
    action_cb_task.result()
    ~~~~~~~~~~~~~~~~~~~~~^^
  File "C:\Users\–°–ê–®–ê–î–ê–®–ê\AppData\Local\Programs\Python\Python314\Lib\site-packages\telegram\ext\_updater.py", line 340, in polling_action_cb
    updates = await self.bot.get_updates(
              ^^^^^^^^^^^^^^^^^^^^^^^^^^^
    ...<3 lines>...
    )
    ^
  File "C:\Users\–°–ê–®–ê–î–ê–®–ê\AppData\Local\Programs\Python\Python314\Lib\site-packages\telegram\ext\_extbot.py", line 676, in get_updates
    updates = await super().get_updates(
              ^^^^^^^^^^^^^^^^^^^^^^^^^^
    ...<9 lines>...
    )
    ^
  File "C:\Users\–°–ê–®–ê–î–ê–®–ê\AppData\Local\Programs\Python\Python314\Lib\site-packages\telegram\_bot.py", line 4780, in get_updates
    await self._post(
    ^^^^^^^^^^^^^^^^^
    ...<7 lines>...
    ),
    ^
  File "C:\Users\–°–ê–®–ê–î–ê–®–ê\AppData\Local\Programs\Python\Python314\Lib\site-packages\telegram\_bot.py", line 703, in _post
    return await self._do_post(
           ^^^^^^^^^^^^^^^^^^^^
    ...<6 lines>...
    )
    ^
  File "C:\Users\–°–ê–®–ê–î–ê–®–ê\AppData\Local\Programs\Python\Python314\Lib\site-packages\telegram\ext\_extbot.py", line 372, in _do_post
    return await super()._do_post(
           ^^^^^^^^^^^^^^^^^^^^^^^
    ...<6 lines>...
    )
    ^
  File "C:\Users\–°–ê–®–ê–î–ê–®–ê\AppData\Local\Programs\Python\Python314\Lib\site-packages\telegram\_bot.py", line 732, in _do_post
    result = await request.post(
             ^^^^^^^^^^^^^^^^^^^
    ...<6 lines>...
    )
    ^
  File "C:\Users\–°–ê–®–ê–î–ê–®–ê\AppData\Local\Programs\Python\Python314\Lib\site-packages\telegram\request\_baserequest.py", line 198, in post
    result = await self._request_wrapper(
             ^^^^^^^^^^^^^^^^^^^^^^^^^^^^
    ...<7 lines>...
    )
    ^
  File "C:\Users\–°–ê–®–ê–î–ê–®–ê\AppData\Local\Programs\Python\Python314\Lib\site-packages\telegram\request\_baserequest.py", line 375, in _request_wrapper
    raise exception
telegram.error.Conflict: Conflict: terminated by other getUpdates request; make sure that only one bot instance is running
2026-01-30 03:04:13,934 - __main__ - ERROR - Exception while handling an update: Conflict: terminated by other getUpdates request; make sure that only one bot instance is running
Traceback (most recent call last):
  File "C:\Users\–°–ê–®–ê–î–ê–®–ê\AppData\Local\Programs\Python\Python314\Lib\site-packages\telegram\ext\_utils\networkloop.py", line 134, in network_retry_loop
    await do_action()
  File "C:\Users\–°–ê–®–ê–î–ê–®–ê\AppData\Local\Programs\Python\Python314\Lib\site-packages\telegram\ext\_utils\networkloop.py", line 127, in do_action
    action_cb_task.result()
    ~~~~~~~~~~~~~~~~~~~~~^^
  File "C:\Users\–°–ê–®–ê–î–ê–®–ê\AppData\Local\Programs\Python\Python314\Lib\site-packages\telegram\ext\_updater.py", line 340, in polling_action_cb
    updates = await self.bot.get_updates(
              ^^^^^^^^^^^^^^^^^^^^^^^^^^^
    ...<3 lines>...
    )
    ^
  File "C:\Users\–°–ê–®–ê–î–ê–®–ê\AppData\Local\Programs\Python\Python314\Lib\site-packages\telegram\ext\_extbot.py", line 676, in get_updates
    updates = await super().get_updates(
              ^^^^^^^^^^^^^^^^^^^^^^^^^^
    ...<9 lines>...
    )
    ^
  File "C:\Users\–°–ê–®–ê–î–ê–®–ê\AppData\Local\Programs\Python\Python314\Lib\site-packages\telegram\_bot.py", line 4780, in get_updates
    await self._post(
    ^^^^^^^^^^^^^^^^^
    ...<7 lines>...
    ),
    ^
  File "C:\Users\–°–ê–®–ê–î–ê–®–ê\AppData\Local\Programs\Python\Python314\Lib\site-packages\telegram\_bot.py", line 703, in _post
    return await self._do_post(
           ^^^^^^^^^^^^^^^^^^^^
    ...<6 lines>...
    )
    ^
  File "C:\Users\–°–ê–®–ê–î–ê–®–ê\AppData\Local\Programs\Python\Python314\Lib\site-packages\telegram\ext\_extbot.py", line 372, in _do_post
    return await super()._do_post(
           ^^^^^^^^^^^^^^^^^^^^^^^
    ...<6 lines>...
    )
    ^
  File "C:\Users\–°–ê–®–ê–î–ê–®–ê\AppData\Local\Programs\Python\Python314\Lib\site-packages\telegram\_bot.py", line 732, in _do_post
    result = await request.post(
             ^^^^^^^^^^^^^^^^^^^
    ...<6 lines>...
    )
    ^
  File "C:\Users\–°–ê–®–ê–î–ê–®–ê\AppData\Local\Programs\Python\Python314\Lib\site-packages\telegram\request\_baserequest.py", line 198, in post
    result = await self._request_wrapper(
             ^^^^^^^^^^^^^^^^^^^^^^^^^^^^
    ...<7 lines>...
    )
    ^
  File "C:\Users\–°–ê–®–ê–î–ê–®–ê\AppData\Local\Programs\Python\Python314\Lib\site-packages\telegram\request\_baserequest.py", line 375, in _request_wrapper
    raise exception
telegram.error.Conflict: Conflict: terminated by other getUpdates request; make sure that only one bot instance is running
2026-01-30 03:04:17,390 - __main__ - ERROR - Exception while handling an update: Conflict: terminated by other getUpdates request; make sure that only one bot instance is running
Traceback (most recent call last):
  File "C:\Users\–°–ê–®–ê–î–ê–®–ê\AppData\Local\Programs\Python\Python314\Lib\site-packages\telegram\ext\_utils\networkloop.py", line 134, in network_retry_loop
    await do_action()
  File "C:\Users\–°–ê–®–ê–î–ê–®–ê\AppData\Local\Programs\Python\Python314\Lib\site-packages\telegram\ext\_utils\networkloop.py", line 127, in do_action
    action_cb_task.result()
    ~~~~~~~~~~~~~~~~~~~~~^^
  File "C:\Users\–°–ê–®–ê–î–ê–®–ê\AppData\Local\Programs\Python\Python314\Lib\site-packages\telegram\ext\_updater.py", line 340, in polling_action_cb
    updates = await self.bot.get_updates(
              ^^^^^^^^^^^^^^^^^^^^^^^^^^^
    ...<3 lines>...
    )
    ^
  File "C:\Users\–°–ê–®–ê–î–ê–®–ê\AppData\Local\Programs\Python\Python314\Lib\site-packages\telegram\ext\_extbot.py", line 676, in get_updates
    updates = await super().get_updates(
              ^^^^^^^^^^^^^^^^^^^^^^^^^^
    ...<9 lines>...
    )
    ^
  File "C:\Users\–°–ê–®–ê–î–ê–®–ê\AppData\Local\Programs\Python\Python314\Lib\site-packages\telegram\_bot.py", line 4780, in get_updates
    await self._post(
    ^^^^^^^^^^^^^^^^^
    ...<7 lines>...
    ),
    ^
  File "C:\Users\–°–ê–®–ê–î–ê–®–ê\AppData\Local\Programs\Python\Python314\Lib\site-packages\telegram\_bot.py", line 703, in _post
    return await self._do_post(
           ^^^^^^^^^^^^^^^^^^^^
    ...<6 lines>...
    )
    ^
  File "C:\Users\–°–ê–®–ê–î–ê–®–ê\AppData\Local\Programs\Python\Python314\Lib\site-packages\telegram\ext\_extbot.py", line 372, in _do_post
    return await super()._do_post(
           ^^^^^^^^^^^^^^^^^^^^^^^
    ...<6 lines>...
    )
    ^
  File "C:\Users\–°–ê–®–ê–î–ê–®–ê\AppData\Local\Programs\Python\Python314\Lib\site-packages\telegram\_bot.py", line 732, in _do_post
    result = await request.post(
             ^^^^^^^^^^^^^^^^^^^
    ...<6 lines>...
    )
    ^
  File "C:\Users\–°–ê–®–ê–î–ê–®–ê\AppData\Local\Programs\Python\Python314\Lib\site-packages\telegram\request\_baserequest.py", line 198, in post
    result = await self._request_wrapper(
             ^^^^^^^^^^^^^^^^^^^^^^^^^^^^
    ...<7 lines>...
    )
    ^
  File "C:\Users\–°–ê–®–ê–î–ê–®–ê\AppData\Local\Programs\Python\Python314\Lib\site-packages\telegram\request\_baserequest.py", line 375, in _request_wrapper
    raise exception
telegram.error.Conflict: Conflict: terminated by other getUpdates request; make sure that only one bot instance is running
2026-01-30 03:04:22,627 - __main__ - ERROR - Exception while handling an update: Conflict: terminated by other getUpdates request; make sure that only one bot instance is running
Traceback (most recent call last):
  File "C:\Users\–°–ê–®–ê–î–ê–®–ê\AppData\Local\Programs\Python\Python314\Lib\site-packages\telegram\ext\_utils\networkloop.py", line 134, in network_retry_loop
    await do_action()
  File "C:\Users\–°–ê–®–ê–î–ê–®–ê\AppData\Local\Programs\Python\Python314\Lib\site-packages\telegram\ext\_utils\networkloop.py", line 127, in do_action
    action_cb_task.result()
    ~~~~~~~~~~~~~~~~~~~~~^^
  File "C:\Users\–°–ê–®–ê–î–ê–®–ê\AppData\Local\Programs\Python\Python314\Lib\site-packages\telegram\ext\_updater.py", line 340, in polling_action_cb
    updates = await self.bot.get_updates(
              ^^^^^^^^^^^^^^^^^^^^^^^^^^^
    ...<3 lines>...
    )
    ^
  File "C:\Users\–°–ê–®–ê–î–ê–®–ê\AppData\Local\Programs\Python\Python314\Lib\site-packages\telegram\ext\_extbot.py", line 676, in get_updates
    updates = await super().get_updates(
              ^^^^^^^^^^^^^^^^^^^^^^^^^^
    ...<9 lines>...
    )
    ^
  File "C:\Users\–°–ê–®–ê–î–ê–®–ê\AppData\Local\Programs\Python\Python314\Lib\site-packages\telegram\_bot.py", line 4780, in get_updates
    await self._post(
    ^^^^^^^^^^^^^^^^^
    ...<7 lines>...
    ),
    ^
  File "C:\Users\–°–ê–®–ê–î–ê–®–ê\AppData\Local\Programs\Python\Python314\Lib\site-packages\telegram\_bot.py", line 703, in _post
    return await self._do_post(
           ^^^^^^^^^^^^^^^^^^^^
    ...<6 lines>...
    )
    ^
  File "C:\Users\–°–ê–®–ê–î–ê–®–ê\AppData\Local\Programs\Python\Python314\Lib\site-packages\telegram\ext\_extbot.py", line 372, in _do_post
    return await super()._do_post(
           ^^^^^^^^^^^^^^^^^^^^^^^
    ...<6 lines>...
    )
    ^
  File "C:\Users\–°–ê–®–ê–î–ê–®–ê\AppData\Local\Programs\Python\Python314\Lib\site-packages\telegram\_bot.py", line 732, in _do_post
    result = await request.post(
             ^^^^^^^^^^^^^^^^^^^
    ...<6 lines>...
    )
    ^
  File "C:\Users\–°–ê–®–ê–î–ê–®–ê\AppData\Local\Programs\Python\Python314\Lib\site-packages\telegram\request\_baserequest.py", line 198, in post
    result = await self._request_wrapper(
             ^^^^^^^^^^^^^^^^^^^^^^^^^^^^
    ...<7 lines>...
    )
    ^
  File "C:\Users\–°–ê–®–ê–î–ê–®–ê\AppData\Local\Programs\Python\Python314\Lib\site-packages\telegram\request\_baserequest.py", line 375, in _request_wrapper
    raise exception
telegram.error.Conflict: Conflict: terminated by other getUpdates request; make sure that only one bot instance is running
2026-01-30 03:04:27,967 - __main__ - ERROR - Exception while handling an update: Conflict: terminated by other getUpdates request; make sure that only one bot instance is running
Traceback (most recent call last):
  File "C:\Users\–°–ê–®–ê–î–ê–®–ê\AppData\Local\Programs\Python\Python314\Lib\site-packages\telegram\ext\_utils\networkloop.py", line 134, in network_retry_loop
    await do_action()
  File "C:\Users\–°–ê–®–ê–î–ê–®–ê\AppData\Local\Programs\Python\Python314\Lib\site-packages\telegram\ext\_utils\networkloop.py", line 127, in do_action
    action_cb_task.result()
    ~~~~~~~~~~~~~~~~~~~~~^^
  File "C:\Users\–°–ê–®–ê–î–ê–®–ê\AppData\Local\Programs\Python\Python314\Lib\site-packages\telegram\ext\_updater.py", line 340, in polling_action_cb
    updates = await self.bot.get_updates(
              ^^^^^^^^^^^^^^^^^^^^^^^^^^^
    ...<3 lines>...
    )
    ^
  File "C:\Users\–°–ê–®–ê–î–ê–®–ê\AppData\Local\Programs\Python\Python314\Lib\site-packages\telegram\ext\_extbot.py", line 676, in get_updates
    updates = await super().get_updates(
              ^^^^^^^^^^^^^^^^^^^^^^^^^^
    ...<9 lines>...
    )
    ^
  File "C:\Users\–°–ê–®–ê–î–ê–®–ê\AppData\Local\Programs\Python\Python314\Lib\site-packages\telegram\_bot.py", line 4780, in get_updates
    await self._post(
    ^^^^^^^^^^^^^^^^^
    ...<7 lines>...
    ),
    ^
  File "C:\Users\–°–ê–®–ê–î–ê–®–ê\AppData\Local\Programs\Python\Python314\Lib\site-packages\telegram\_bot.py", line 703, in _post
    return await self._do_post(
           ^^^^^^^^^^^^^^^^^^^^
    ...<6 lines>...
    )
    ^
  File "C:\Users\–°–ê–®–ê–î–ê–®–ê\AppData\Local\Programs\Python\Python314\Lib\site-packages\telegram\ext\_extbot.py", line 372, in _do_post
    return await super()._do_post(
           ^^^^^^^^^^^^^^^^^^^^^^^
    ...<6 lines>...
    )
    ^
  File "C:\Users\–°–ê–®–ê–î–ê–®–ê\AppData\Local\Programs\Python\Python314\Lib\site-packages\telegram\_bot.py", line 732, in _do_post
    result = await request.post(
             ^^^^^^^^^^^^^^^^^^^
    ...<6 lines>...
    )
    ^
  File "C:\Users\–°–ê–®–ê–î–ê–®–ê\AppData\Local\Programs\Python\Python314\Lib\site-packages\telegram\request\_baserequest.py", line 198, in post
    result = await self._request_wrapper(
             ^^^^^^^^^^^^^^^^^^^^^^^^^^^^
    ...<7 lines>...
    )
    ^
  File "C:\Users\–°–ê–®–ê–î–ê–®–ê\AppData\Local\Programs\Python\Python314\Lib\site-packages\telegram\request\_baserequest.py", line 375, in _request_wrapper
    raise exception
telegram.error.Conflict: Conflict: terminated by other getUpdates request; make sure that only one bot instance is running
2026-01-30 03:05:22,200 - __main__ - INFO - === –ë–æ—Ç –∑–∞–ø—É—â–µ–Ω —Å –ª–æ–≥–∏—Ä–æ–≤–∞–Ω–∏–µ–º –ø–ª–∞—Ç–µ–∂–µ–π ===
2026-01-30 03:05:32,738 - bot - INFO - === –ë–æ—Ç –∑–∞–ø—É—â–µ–Ω —Å –ª–æ–≥–∏—Ä–æ–≤–∞–Ω–∏–µ–º –ø–ª–∞—Ç–µ–∂–µ–π ===
2026-01-30 03:14:58,876 - __main__ - INFO - === –ë–æ—Ç –∑–∞–ø—É—â–µ–Ω —Å –ª–æ–≥–∏—Ä–æ–≤–∞–Ω–∏–µ–º –ø–ª–∞—Ç–µ–∂–µ–π ===
2026-01-30 03:15:09,601 - bot - INFO - === –ë–æ—Ç –∑–∞–ø—É—â–µ–Ω —Å –ª–æ–≥–∏—Ä–æ–≤–∞–Ω–∏–µ–º –ø–ª–∞—Ç–µ–∂–µ–π ===
2026-01-30 03:15:21,659 - __main__ - ERROR - Exception while handling an update: name 'user_id' is not defined
Traceback (most recent call last):
  File "C:\Users\–°–ê–®–ê–î–ê–®–ê\AppData\Local\Programs\Python\Python314\Lib\site-packages\telegram\ext\_application.py", line 1315, in process_update
    await coroutine
  File "C:\Users\–°–ê–®–ê–î–ê–®–ê\AppData\Local\Programs\Python\Python314\Lib\site-packages\telegram\ext\_handlers\basehandler.py", line 159, in handle_update
    return await self.callback(update, context)
           ^^^^^^^^^^^^^^^^^^^^^^^^^^^^^^^^^^^^
  File "C:\Users\–°–ê–®–ê–î–ê–®–ê\Desktop\marafon_bot\bot.py", line 725, in handle_document
    if not is_admin(user_id):
                    ^^^^^^^
NameError: name 'user_id' is not defined
2026-01-30 03:20:51,387 - __main__ - INFO - === –ë–æ—Ç –∑–∞–ø—É—â–µ–Ω —Å –ª–æ–≥–∏—Ä–æ–≤–∞–Ω–∏–µ–º –ø–ª–∞—Ç–µ–∂–µ–π ===
2026-01-30 03:21:02,111 - bot - INFO - === –ë–æ—Ç –∑–∞–ø—É—â–µ–Ω —Å –ª–æ–≥–∏—Ä–æ–≤–∞–Ω–∏–µ–º –ø–ª–∞—Ç–µ–∂–µ–π ===
2026-01-30 03:21:12,266 - __main__ - ERROR - Exception while handling an update: name 'user_id' is not defined
Traceback (most recent call last):
  File "C:\Users\–°–ê–®–ê–î–ê–®–ê\AppData\Local\Programs\Python\Python314\Lib\site-packages\telegram\ext\_application.py", line 1315, in process_update
    await coroutine
  File "C:\Users\–°–ê–®–ê–î–ê–®–ê\AppData\Local\Programs\Python\Python314\Lib\site-packages\telegram\ext\_handlers\basehandler.py", line 159, in handle_update
    return await self.callback(update, context)
           ^^^^^^^^^^^^^^^^^^^^^^^^^^^^^^^^^^^^
  File "C:\Users\–°–ê–®–ê–î–ê–®–ê\Desktop\marafon_bot\bot.py", line 725, in handle_document
    if not is_admin(user_id):
                    ^^^^^^^
NameError: name 'user_id' is not defined
2026-01-30 03:23:18,944 - __main__ - INFO - === –ë–æ—Ç –∑–∞–ø—É—â–µ–Ω —Å –ª–æ–≥–∏—Ä–æ–≤–∞–Ω–∏–µ–º –ø–ª–∞—Ç–µ–∂–µ–π ===
2026-01-30 03:23:29,642 - bot - INFO - === –ë–æ—Ç –∑–∞–ø—É—â–µ–Ω —Å –ª–æ–≥–∏—Ä–æ–≤–∞–Ω–∏–µ–º –ø–ª–∞—Ç–µ–∂–µ–π ===
2026-01-30 03:23:50,963 - __main__ - ERROR - Exception while handling an update: name 'user_id' is not defined
Traceback (most recent call last):
  File "C:\Users\–°–ê–®–ê–î–ê–®–ê\AppData\Local\Programs\Python\Python314\Lib\site-packages\telegram\ext\_application.py", line 1315, in process_update
    await coroutine
  File "C:\Users\–°–ê–®–ê–î–ê–®–ê\AppData\Local\Programs\Python\Python314\Lib\site-packages\telegram\ext\_handlers\basehandler.py", line 159, in handle_update
    return await self.callback(update, context)
           ^^^^^^^^^^^^^^^^^^^^^^^^^^^^^^^^^^^^
  File "C:\Users\–°–ê–®–ê–î–ê–®–ê\Desktop\marafon_bot\bot.py", line 725, in handle_document
    if not is_admin(user_id):
                    ^^^^^^^
NameError: name 'user_id' is not defined
2026-01-30 03:25:36,971 - __main__ - ERROR - Exception while handling an update: name 'user_id' is not defined
Traceback (most recent call last):
  File "C:\Users\–°–ê–®–ê–î–ê–®–ê\AppData\Local\Programs\Python\Python314\Lib\site-packages\telegram\ext\_application.py", line 1315, in process_update
    await coroutine
  File "C:\Users\–°–ê–®–ê–î–ê–®–ê\AppData\Local\Programs\Python\Python314\Lib\site-packages\telegram\ext\_handlers\basehandler.py", line 159, in handle_update
    return await self.callback(update, context)
           ^^^^^^^^^^^^^^^^^^^^^^^^^^^^^^^^^^^^
  File "C:\Users\–°–ê–®–ê–î–ê–®–ê\Desktop\marafon_bot\bot.py", line 725, in handle_document
    if not is_admin(user_id):
                    ^^^^^^^
NameError: name 'user_id' is not defined
2026-01-30 03:32:59,345 - __main__ - INFO - === –ë–æ—Ç –∑–∞–ø—É—â–µ–Ω —Å –ª–æ–≥–∏—Ä–æ–≤–∞–Ω–∏–µ–º –ø–ª–∞—Ç–µ–∂–µ–π ===
2026-01-30 03:33:10,063 - bot - INFO - === –ë–æ—Ç –∑–∞–ø—É—â–µ–Ω —Å –ª–æ–≥–∏—Ä–æ–≤–∞–Ω–∏–µ–º –ø–ª–∞—Ç–µ–∂–µ–π ===
2026-01-30 03:34:42,569 - __main__ - ERROR - Exception while handling an update: httpx.ReadError: 
Traceback (most recent call last):
  File "C:\Users\–°–ê–®–ê–î–ê–®–ê\AppData\Local\Programs\Python\Python314\Lib\site-packages\httpx\_transports\default.py", line 101, in map_httpcore_exceptions
    yield
  File "C:\Users\–°–ê–®–ê–î–ê–®–ê\AppData\Local\Programs\Python\Python314\Lib\site-packages\httpx\_transports\default.py", line 394, in handle_async_request
    resp = await self._pool.handle_async_request(req)
           ^^^^^^^^^^^^^^^^^^^^^^^^^^^^^^^^^^^^^^^^^^
  File "C:\Users\–°–ê–®–ê–î–ê–®–ê\AppData\Local\Programs\Python\Python314\Lib\site-packages\httpcore\_async\connection_pool.py", line 256, in handle_async_request
    raise exc from None
  File "C:\Users\–°–ê–®–ê–î–ê–®–ê\AppData\Local\Programs\Python\Python314\Lib\site-packages\httpcore\_async\connection_pool.py", line 236, in handle_async_request
    response = await connection.handle_async_request(
               ^^^^^^^^^^^^^^^^^^^^^^^^^^^^^^^^^^^^^^
        pool_request.request
        ^^^^^^^^^^^^^^^^^^^^
    )
    ^
  File "C:\Users\–°–ê–®–ê–î–ê–®–ê\AppData\Local\Programs\Python\Python314\Lib\site-packages\httpcore\_async\connection.py", line 103, in handle_async_request
    return await self._connection.handle_async_request(request)
           ^^^^^^^^^^^^^^^^^^^^^^^^^^^^^^^^^^^^^^^^^^^^^^^^^^^^
  File "C:\Users\–°–ê–®–ê–î–ê–®–ê\AppData\Local\Programs\Python\Python314\Lib\site-packages\httpcore\_async\http11.py", line 136, in handle_async_request
    raise exc
  File "C:\Users\–°–ê–®–ê–î–ê–®–ê\AppData\Local\Programs\Python\Python314\Lib\site-packages\httpcore\_async\http11.py", line 106, in handle_async_request
    ) = await self._receive_response_headers(**kwargs)
        ^^^^^^^^^^^^^^^^^^^^^^^^^^^^^^^^^^^^^^^^^^^^^^
  File "C:\Users\–°–ê–®–ê–î–ê–®–ê\AppData\Local\Programs\Python\Python314\Lib\site-packages\httpcore\_async\http11.py", line 177, in _receive_response_headers
    event = await self._receive_event(timeout=timeout)
            ^^^^^^^^^^^^^^^^^^^^^^^^^^^^^^^^^^^^^^^^^^
  File "C:\Users\–°–ê–®–ê–î–ê–®–ê\AppData\Local\Programs\Python\Python314\Lib\site-packages\httpcore\_async\http11.py", line 217, in _receive_event
    data = await self._network_stream.read(
           ^^^^^^^^^^^^^^^^^^^^^^^^^^^^^^^^
        self.READ_NUM_BYTES, timeout=timeout
        ^^^^^^^^^^^^^^^^^^^^^^^^^^^^^^^^^^^^
    )
    ^
  File "C:\Users\–°–ê–®–ê–î–ê–®–ê\AppData\Local\Programs\Python\Python314\Lib\site-packages\httpcore\_backends\anyio.py", line 32, in read
    with map_exceptions(exc_map):
         ~~~~~~~~~~~~~~^^^^^^^^^
  File "C:\Users\–°–ê–®–ê–î–ê–®–ê\AppData\Local\Programs\Python\Python314\Lib\contextlib.py", line 162, in __exit__
    self.gen.throw(value)
    ~~~~~~~~~~~~~~^^^^^^^
  File "C:\Users\–°–ê–®–ê–î–ê–®–ê\AppData\Local\Programs\Python\Python314\Lib\site-packages\httpcore\_exceptions.py", line 14, in map_exceptions
    raise to_exc(exc) from exc
httpcore.ReadError

The above exception was the direct cause of the following exception:

Traceback (most recent call last):
  File "C:\Users\–°–ê–®–ê–î–ê–®–ê\AppData\Local\Programs\Python\Python314\Lib\site-packages\telegram\request\_httpxrequest.py", line 279, in do_request
    res = await self._client.request(
          ^^^^^^^^^^^^^^^^^^^^^^^^^^^
    ...<6 lines>...
    )
    ^
  File "C:\Users\–°–ê–®–ê–î–ê–®–ê\AppData\Local\Programs\Python\Python314\Lib\site-packages\httpx\_client.py", line 1540, in request
    return await self.send(request, auth=auth, follow_redirects=follow_redirects)
           ^^^^^^^^^^^^^^^^^^^^^^^^^^^^^^^^^^^^^^^^^^^^^^^^^^^^^^^^^^^^^^^^^^^^^^
  File "C:\Users\–°–ê–®–ê–î–ê–®–ê\AppData\Local\Programs\Python\Python314\Lib\site-packages\httpx\_client.py", line 1629, in send
    response = await self._send_handling_auth(
               ^^^^^^^^^^^^^^^^^^^^^^^^^^^^^^^
    ...<4 lines>...
    )
    ^
  File "C:\Users\–°–ê–®–ê–î–ê–®–ê\AppData\Local\Programs\Python\Python314\Lib\site-packages\httpx\_client.py", line 1657, in _send_handling_auth
    response = await self._send_handling_redirects(
               ^^^^^^^^^^^^^^^^^^^^^^^^^^^^^^^^^^^^
    ...<3 lines>...
    )
    ^
  File "C:\Users\–°–ê–®–ê–î–ê–®–ê\AppData\Local\Programs\Python\Python314\Lib\site-packages\httpx\_client.py", line 1694, in _send_handling_redirects
    response = await self._send_single_request(request)
               ^^^^^^^^^^^^^^^^^^^^^^^^^^^^^^^^^^^^^^^^
  File "C:\Users\–°–ê–®–ê–î–ê–®–ê\AppData\Local\Programs\Python\Python314\Lib\site-packages\httpx\_client.py", line 1730, in _send_single_request
    response = await transport.handle_async_request(request)
               ^^^^^^^^^^^^^^^^^^^^^^^^^^^^^^^^^^^^^^^^^^^^^
  File "C:\Users\–°–ê–®–ê–î–ê–®–ê\AppData\Local\Programs\Python\Python314\Lib\site-packages\httpx\_transports\default.py", line 393, in handle_async_request
    with map_httpcore_exceptions():
         ~~~~~~~~~~~~~~~~~~~~~~~^^
  File "C:\Users\–°–ê–®–ê–î–ê–®–ê\AppData\Local\Programs\Python\Python314\Lib\contextlib.py", line 162, in __exit__
    self.gen.throw(value)
    ~~~~~~~~~~~~~~^^^^^^^
  File "C:\Users\–°–ê–®–ê–î–ê–®–ê\AppData\Local\Programs\Python\Python314\Lib\site-packages\httpx\_transports\default.py", line 118, in map_httpcore_exceptions
    raise mapped_exc(message) from exc
httpx.ReadError

The above exception was the direct cause of the following exception:

Traceback (most recent call last):
  File "C:\Users\–°–ê–®–ê–î–ê–®–ê\AppData\Local\Programs\Python\Python314\Lib\site-packages\telegram\ext\_utils\networkloop.py", line 134, in network_retry_loop
    await do_action()
  File "C:\Users\–°–ê–®–ê–î–ê–®–ê\AppData\Local\Programs\Python\Python314\Lib\site-packages\telegram\ext\_utils\networkloop.py", line 127, in do_action
    action_cb_task.result()
    ~~~~~~~~~~~~~~~~~~~~~^^
  File "C:\Users\–°–ê–®–ê–î–ê–®–ê\AppData\Local\Programs\Python\Python314\Lib\site-packages\telegram\ext\_updater.py", line 340, in polling_action_cb
    updates = await self.bot.get_updates(
              ^^^^^^^^^^^^^^^^^^^^^^^^^^^
    ...<3 lines>...
    )
    ^
  File "C:\Users\–°–ê–®–ê–î–ê–®–ê\AppData\Local\Programs\Python\Python314\Lib\site-packages\telegram\ext\_extbot.py", line 676, in get_updates
    updates = await super().get_updates(
              ^^^^^^^^^^^^^^^^^^^^^^^^^^
    ...<9 lines>...
    )
    ^
  File "C:\Users\–°–ê–®–ê–î–ê–®–ê\AppData\Local\Programs\Python\Python314\Lib\site-packages\telegram\_bot.py", line 4780, in get_updates
    await self._post(
    ^^^^^^^^^^^^^^^^^
    ...<7 lines>...
    ),
    ^
  File "C:\Users\–°–ê–®–ê–î–ê–®–ê\AppData\Local\Programs\Python\Python314\Lib\site-packages\telegram\_bot.py", line 703, in _post
    return await self._do_post(
           ^^^^^^^^^^^^^^^^^^^^
    ...<6 lines>...
    )
    ^
  File "C:\Users\–°–ê–®–ê–î–ê–®–ê\AppData\Local\Programs\Python\Python314\Lib\site-packages\telegram\ext\_extbot.py", line 372, in _do_post
    return await super()._do_post(
           ^^^^^^^^^^^^^^^^^^^^^^^
    ...<6 lines>...
    )
    ^
  File "C:\Users\–°–ê–®–ê–î–ê–®–ê\AppData\Local\Programs\Python\Python314\Lib\site-packages\telegram\_bot.py", line 732, in _do_post
    result = await request.post(
             ^^^^^^^^^^^^^^^^^^^
    ...<6 lines>...
    )
    ^
  File "C:\Users\–°–ê–®–ê–î–ê–®–ê\AppData\Local\Programs\Python\Python314\Lib\site-packages\telegram\request\_baserequest.py", line 198, in post
    result = await self._request_wrapper(
             ^^^^^^^^^^^^^^^^^^^^^^^^^^^^
    ...<7 lines>...
    )
    ^
  File "C:\Users\–°–ê–®–ê–î–ê–®–ê\AppData\Local\Programs\Python\Python314\Lib\site-packages\telegram\request\_baserequest.py", line 305, in _request_wrapper
    code, payload = await self.do_request(
                    ^^^^^^^^^^^^^^^^^^^^^^
    ...<7 lines>...
    )
    ^
  File "C:\Users\–°–ê–®–ê–î–ê–®–ê\AppData\Local\Programs\Python\Python314\Lib\site-packages\telegram\request\_httpxrequest.py", line 303, in do_request
    raise NetworkError(f"httpx.{err.__class__.__name__}: {err}") from err
telegram.error.NetworkError: httpx.ReadError: 
2026-01-30 14:12:52,519 - __main__ - INFO - === –ë–æ—Ç –∑–∞–ø—É—â–µ–Ω —Å –ª–æ–≥–∏—Ä–æ–≤–∞–Ω–∏–µ–º –ø–ª–∞—Ç–µ–∂–µ–π ===
2026-01-30 14:13:03,119 - bot - INFO - === –ë–æ—Ç –∑–∞–ø—É—â–µ–Ω —Å –ª–æ–≥–∏—Ä–æ–≤–∞–Ω–∏–µ–º –ø–ª–∞—Ç–µ–∂–µ–π ===
2026-01-30 15:40:47,175 - __main__ - INFO - === –ë–æ—Ç –∑–∞–ø—É—â–µ–Ω —Å –ª–æ–≥–∏—Ä–æ–≤–∞–Ω–∏–µ–º –ø–ª–∞—Ç–µ–∂–µ–π ===
2026-01-30 15:40:57,882 - bot - INFO - === –ë–æ—Ç –∑–∞–ø—É—â–µ–Ω —Å –ª–æ–≥–∏—Ä–æ–≤–∞–Ω–∏–µ–º –ø–ª–∞—Ç–µ–∂–µ–π ===
2026-01-30 15:42:10,353 - __main__ - ERROR - Exception while handling an update: Can't parse entities: can't find end of the entity starting at byte offset 343
Traceback (most recent call last):
  File "C:\Users\–°–ê–®–ê–î–ê–®–ê\AppData\Local\Programs\Python\Python314\Lib\site-packages\telegram\ext\_application.py", line 1315, in process_update
    await coroutine
  File "C:\Users\–°–ê–®–ê–î–ê–®–ê\AppData\Local\Programs\Python\Python314\Lib\site-packages\telegram\ext\_handlers\basehandler.py", line 159, in handle_update
    return await self.callback(update, context)
           ^^^^^^^^^^^^^^^^^^^^^^^^^^^^^^^^^^^^
  File "C:\Users\–°–ê–®–ê–î–ê–®–ê\Desktop\marafon_bot\bot.py", line 8745, in handle_admin_files
    await update.message.reply_text(message, parse_mode='Markdown')
  File "C:\Users\–°–ê–®–ê–î–ê–®–ê\AppData\Local\Programs\Python\Python314\Lib\site-packages\telegram\_message.py", line 2060, in reply_text
    return await self.get_bot().send_message(
           ^^^^^^^^^^^^^^^^^^^^^^^^^^^^^^^^^^
    ...<21 lines>...
    )
    ^
  File "C:\Users\–°–ê–®–ê–î–ê–®–ê\AppData\Local\Programs\Python\Python314\Lib\site-packages\telegram\ext\_extbot.py", line 3107, in send_message
    return await super().send_message(
           ^^^^^^^^^^^^^^^^^^^^^^^^^^^
    ...<23 lines>...
    )
    ^
  File "C:\Users\–°–ê–®–ê–î–ê–®–ê\AppData\Local\Programs\Python\Python314\Lib\site-packages\telegram\_bot.py", line 1118, in send_message
    return await self._send_message(
           ^^^^^^^^^^^^^^^^^^^^^^^^^
    ...<21 lines>...
    )
    ^
  File "C:\Users\–°–ê–®–ê–î–ê–®–ê\AppData\Local\Programs\Python\Python314\Lib\site-packages\telegram\ext\_extbot.py", line 634, in _send_message
    result = await super()._send_message(
             ^^^^^^^^^^^^^^^^^^^^^^^^^^^^
    ...<23 lines>...
    )
    ^
  File "C:\Users\–°–ê–®–ê–î–ê–®–ê\AppData\Local\Programs\Python\Python314\Lib\site-packages\telegram\_bot.py", line 819, in _send_message
    result = await self._post(
             ^^^^^^^^^^^^^^^^^
    ...<7 lines>...
    )
    ^
  File "C:\Users\–°–ê–®–ê–î–ê–®–ê\AppData\Local\Programs\Python\Python314\Lib\site-packages\telegram\_bot.py", line 703, in _post
    return await self._do_post(
           ^^^^^^^^^^^^^^^^^^^^
    ...<6 lines>...
    )
    ^
  File "C:\Users\–°–ê–®–ê–î–ê–®–ê\AppData\Local\Programs\Python\Python314\Lib\site-packages\telegram\ext\_extbot.py", line 372, in _do_post
    return await super()._do_post(
           ^^^^^^^^^^^^^^^^^^^^^^^
    ...<6 lines>...
    )
    ^
  File "C:\Users\–°–ê–®–ê–î–ê–®–ê\AppData\Local\Programs\Python\Python314\Lib\site-packages\telegram\_bot.py", line 732, in _do_post
    result = await request.post(
             ^^^^^^^^^^^^^^^^^^^
    ...<6 lines>...
    )
    ^
  File "C:\Users\–°–ê–®–ê–î–ê–®–ê\AppData\Local\Programs\Python\Python314\Lib\site-packages\telegram\request\_baserequest.py", line 198, in post
    result = await self._request_wrapper(
             ^^^^^^^^^^^^^^^^^^^^^^^^^^^^
    ...<7 lines>...
    )
    ^
  File "C:\Users\–°–ê–®–ê–î–ê–®–ê\AppData\Local\Programs\Python\Python314\Lib\site-packages\telegram\request\_baserequest.py", line 375, in _request_wrapper
    raise exception
telegram.error.BadRequest: Can't parse entities: can't find end of the entity starting at byte offset 343
2026-01-30 15:44:44,099 - __main__ - INFO - === –ë–æ—Ç –∑–∞–ø—É—â–µ–Ω —Å –ª–æ–≥–∏—Ä–æ–≤–∞–Ω–∏–µ–º –ø–ª–∞—Ç–µ–∂–µ–π ===
2026-01-30 15:44:54,812 - bot - INFO - === –ë–æ—Ç –∑–∞–ø—É—â–µ–Ω —Å –ª–æ–≥–∏—Ä–æ–≤–∞–Ω–∏–µ–º –ø–ª–∞—Ç–µ–∂–µ–π ===
2026-01-30 15:49:13,149 - __main__ - ERROR - Exception while handling an update: Can't parse entities: can't find end of the entity starting at byte offset 61
Traceback (most recent call last):
  File "C:\Users\–°–ê–®–ê–î–ê–®–ê\AppData\Local\Programs\Python\Python314\Lib\site-packages\telegram\ext\_application.py", line 1315, in process_update
    await coroutine
  File "C:\Users\–°–ê–®–ê–î–ê–®–ê\AppData\Local\Programs\Python\Python314\Lib\site-packages\telegram\ext\_handlers\basehandler.py", line 159, in handle_update
    return await self.callback(update, context)
           ^^^^^^^^^^^^^^^^^^^^^^^^^^^^^^^^^^^^
  File "C:\Users\–°–ê–®–ê–î–ê–®–ê\Desktop\marafon_bot\bot.py", line 480, in handle_buttons
    await show_assignment_from_list(update, context)
  File "C:\Users\–°–ê–®–ê–î–ê–®–ê\Desktop\marafon_bot\bot.py", line 6014, in show_assignment_from_list
    await update.message.reply_text(video_msg, parse_mode='Markdown')
  File "C:\Users\–°–ê–®–ê–î–ê–®–ê\AppData\Local\Programs\Python\Python314\Lib\site-packages\telegram\_message.py", line 2060, in reply_text
    return await self.get_bot().send_message(
           ^^^^^^^^^^^^^^^^^^^^^^^^^^^^^^^^^^
    ...<21 lines>...
    )
    ^
  File "C:\Users\–°–ê–®–ê–î–ê–®–ê\AppData\Local\Programs\Python\Python314\Lib\site-packages\telegram\ext\_extbot.py", line 3107, in send_message
    return await super().send_message(
           ^^^^^^^^^^^^^^^^^^^^^^^^^^^
    ...<23 lines>...
    )
    ^
  File "C:\Users\–°–ê–®–ê–î–ê–®–ê\AppData\Local\Programs\Python\Python314\Lib\site-packages\telegram\_bot.py", line 1118, in send_message
    return await self._send_message(
           ^^^^^^^^^^^^^^^^^^^^^^^^^
    ...<21 lines>...
    )
    ^
  File "C:\Users\–°–ê–®–ê–î–ê–®–ê\AppData\Local\Programs\Python\Python314\Lib\site-packages\telegram\ext\_extbot.py", line 634, in _send_message
    result = await super()._send_message(
             ^^^^^^^^^^^^^^^^^^^^^^^^^^^^
    ...<23 lines>...
    )
    ^
  File "C:\Users\–°–ê–®–ê–î–ê–®–ê\AppData\Local\Programs\Python\Python314\Lib\site-packages\telegram\_bot.py", line 819, in _send_message
    result = await self._post(
             ^^^^^^^^^^^^^^^^^
    ...<7 lines>...
    )
    ^
  File "C:\Users\–°–ê–®–ê–î–ê–®–ê\AppData\Local\Programs\Python\Python314\Lib\site-packages\telegram\_bot.py", line 703, in _post
    return await self._do_post(
           ^^^^^^^^^^^^^^^^^^^^
    ...<6 lines>...
    )
    ^
  File "C:\Users\–°–ê–®–ê–î–ê–®–ê\AppData\Local\Programs\Python\Python314\Lib\site-packages\telegram\ext\_extbot.py", line 372, in _do_post
    return await super()._do_post(
           ^^^^^^^^^^^^^^^^^^^^^^^
    ...<6 lines>...
    )
    ^
  File "C:\Users\–°–ê–®–ê–î–ê–®–ê\AppData\Local\Programs\Python\Python314\Lib\site-packages\telegram\_bot.py", line 732, in _do_post
    result = await request.post(
             ^^^^^^^^^^^^^^^^^^^
    ...<6 lines>...
    )
    ^
  File "C:\Users\–°–ê–®–ê–î–ê–®–ê\AppData\Local\Programs\Python\Python314\Lib\site-packages\telegram\request\_baserequest.py", line 198, in post
    result = await self._request_wrapper(
             ^^^^^^^^^^^^^^^^^^^^^^^^^^^^
    ...<7 lines>...
    )
    ^
  File "C:\Users\–°–ê–®–ê–î–ê–®–ê\AppData\Local\Programs\Python\Python314\Lib\site-packages\telegram\request\_baserequest.py", line 375, in _request_wrapper
    raise exception
telegram.error.BadRequest: Can't parse entities: can't find end of the entity starting at byte offset 61
2026-01-30 15:51:45,936 - __main__ - INFO - === –ë–æ—Ç –∑–∞–ø—É—â–µ–Ω —Å –ª–æ–≥–∏—Ä–æ–≤–∞–Ω–∏–µ–º –ø–ª–∞—Ç–µ–∂–µ–π ===
2026-01-30 15:51:56,668 - bot - INFO - === –ë–æ—Ç –∑–∞–ø—É—â–µ–Ω —Å –ª–æ–≥–∏—Ä–æ–≤–∞–Ω–∏–µ–º –ø–ª–∞—Ç–µ–∂–µ–π ===
2026-01-31 01:23:27,061 - __main__ - INFO - === –ë–æ—Ç –∑–∞–ø—É—â–µ–Ω —Å –ª–æ–≥–∏—Ä–æ–≤–∞–Ω–∏–µ–º –ø–ª–∞—Ç–µ–∂–µ–π ===
2026-01-31 01:23:37,822 - bot - INFO - === –ë–æ—Ç –∑–∞–ø—É—â–µ–Ω —Å –ª–æ–≥–∏—Ä–æ–≤–∞–Ω–∏–µ–º –ø–ª–∞—Ç–µ–∂–µ–π ===
2026-01-31 03:41:33,512 - __main__ - INFO - === –ë–æ—Ç –∑–∞–ø—É—â–µ–Ω —Å –ª–æ–≥–∏—Ä–æ–≤–∞–Ω–∏–µ–º –ø–ª–∞—Ç–µ–∂–µ–π ===
2026-01-31 03:41:44,258 - bot - INFO - === –ë–æ—Ç –∑–∞–ø—É—â–µ–Ω —Å –ª–æ–≥–∏—Ä–æ–≤–∞–Ω–∏–µ–º –ø–ª–∞—Ç–µ–∂–µ–π ===
2026-01-31 03:45:01,999 - __main__ - INFO - === –ë–æ—Ç –∑–∞–ø—É—â–µ–Ω —Å –ª–æ–≥–∏—Ä–æ–≤–∞–Ω–∏–µ–º –ø–ª–∞—Ç–µ–∂–µ–π ===
2026-01-31 03:45:12,536 - bot - INFO - === –ë–æ—Ç –∑–∞–ø—É—â–µ–Ω —Å –ª–æ–≥–∏—Ä–æ–≤–∞–Ω–∏–µ–º –ø–ª–∞—Ç–µ–∂–µ–π ===
2026-01-31 03:49:12,537 - __main__ - ERROR - Exception while handling an update: no such table: users
Traceback (most recent call last):
  File "C:\Users\–°–ê–®–ê–î–ê–®–ê\AppData\Local\Programs\Python\Python314\Lib\site-packages\telegram\ext\_jobqueue.py", line 998, in _run
    await self.callback(context)
  File "C:\Users\–°–ê–®–ê–î–ê–®–ê\Desktop\marafon_bot\bot.py", line 5178, in send_scheduled_notifications
    cursor.execute('''
    ~~~~~~~~~~~~~~^^^^
        SELECT user_id, username, timezone_offset, city, phone
        ^^^^^^^^^^^^^^^^^^^^^^^^^^^^^^^^^^^^^^^^^^^^^^^^^^^^^^
    ...<3 lines>...
        AND phone IS NOT NULL
        ^^^^^^^^^^^^^^^^^^^^^
    ''')
    ^^^^
sqlite3.OperationalError: no such table: users
2026-01-31 03:49:25,113 - __main__ - INFO - === –ë–æ—Ç –∑–∞–ø—É—â–µ–Ω —Å –ª–æ–≥–∏—Ä–æ–≤–∞–Ω–∏–µ–º –ø–ª–∞—Ç–µ–∂–µ–π ===
2026-01-31 03:49:49,938 - __main__ - ERROR - Exception while handling an update: 'NoneType' object is not subscriptable
Traceback (most recent call last):
  File "C:\Users\–°–ê–®–ê–î–ê–®–ê\AppData\Local\Programs\Python\Python314\Lib\site-packages\telegram\ext\_application.py", line 1315, in process_update
    await coroutine
  File "C:\Users\–°–ê–®–ê–î–ê–®–ê\AppData\Local\Programs\Python\Python314\Lib\site-packages\telegram\ext\_handlers\basehandler.py", line 159, in handle_update
    return await self.callback(update, context)
           ^^^^^^^^^^^^^^^^^^^^^^^^^^^^^^^^^^^^
  File "C:\Users\–°–ê–®–ê–î–ê–®–ê\Desktop\marafon_bot\bot.py", line 602, in handle_buttons
    await handle_text(update, context)
  File "C:\Users\–°–ê–®–ê–î–ê–®–ê\Desktop\marafon_bot\bot.py", line 1424, in handle_text
    accept_offer(user_id, phone=formatted_phone, fio=None)
    ~~~~~~~~~~~~^^^^^^^^^^^^^^^^^^^^^^^^^^^^^^^^^^^^^^^^^^
  File "C:\Users\–°–ê–®–ê–î–ê–®–ê\Desktop\marafon_bot\database.py", line 2370, in accept_offer
    print(f"üîç –ü–æ—Å–ª–µ UPDATE –≤ –ë–î: accepted={after_update[0]}, phone={repr(after_update[1])}, fio={repr(after_update[2])}")
                                            ~~~~~~~~~~~~^^^
TypeError: 'NoneType' object is not subscriptable
2026-01-31 03:51:35,697 - bot - INFO - === –ë–æ—Ç –∑–∞–ø—É—â–µ–Ω —Å –ª–æ–≥–∏—Ä–æ–≤–∞–Ω–∏–µ–º –ø–ª–∞—Ç–µ–∂–µ–π ===
2026-01-31 04:01:38,412 - __main__ - INFO - === –ë–æ—Ç –∑–∞–ø—É—â–µ–Ω —Å –ª–æ–≥–∏—Ä–æ–≤–∞–Ω–∏–µ–º –ø–ª–∞—Ç–µ–∂–µ–π ===
2026-01-31 04:03:49,003 - bot - INFO - === –ë–æ—Ç –∑–∞–ø—É—â–µ–Ω —Å –ª–æ–≥–∏—Ä–æ–≤–∞–Ω–∏–µ–º –ø–ª–∞—Ç–µ–∂–µ–π ===
2026-01-31 04:14:47,389 - bot - INFO - === –ë–æ—Ç –∑–∞–ø—É—â–µ–Ω —Å –ª–æ–≥–∏—Ä–æ–≤–∞–Ω–∏–µ–º –ø–ª–∞—Ç–µ–∂–µ–π ===
2026-01-31 04:19:58,675 - __main__ - INFO - === –ë–æ—Ç –∑–∞–ø—É—â–µ–Ω —Å –ª–æ–≥–∏—Ä–æ–≤–∞–Ω–∏–µ–º –ø–ª–∞—Ç–µ–∂–µ–π ===
2026-01-31 04:20:06,985 - bot - INFO - === –ë–æ—Ç –∑–∞–ø—É—â–µ–Ω —Å –ª–æ–≥–∏—Ä–æ–≤–∞–Ω–∏–µ–º –ø–ª–∞—Ç–µ–∂–µ–π ===
2026-01-31 04:20:09,211 - bot - INFO - === –ë–æ—Ç –∑–∞–ø—É—â–µ–Ω —Å –ª–æ–≥–∏—Ä–æ–≤–∞–Ω–∏–µ–º –ø–ª–∞—Ç–µ–∂–µ–π ===
2026-01-31 04:20:44,471 - bot - INFO - === –ë–æ—Ç –∑–∞–ø—É—â–µ–Ω —Å –ª–æ–≥–∏—Ä–æ–≤–∞–Ω–∏–µ–º –ø–ª–∞—Ç–µ–∂–µ–π ===
2026-01-31 04:22:11,363 - bot - INFO - === –ë–æ—Ç –∑–∞–ø—É—â–µ–Ω —Å –ª–æ–≥–∏—Ä–æ–≤–∞–Ω–∏–µ–º –ø–ª–∞—Ç–µ–∂–µ–π ===
2026-01-31 04:23:33,511 - bot - INFO - === –ë–æ—Ç –∑–∞–ø—É—â–µ–Ω —Å –ª–æ–≥–∏—Ä–æ–≤–∞–Ω–∏–µ–º –ø–ª–∞—Ç–µ–∂–µ–π ===
2026-01-31 04:24:46,831 - bot - INFO - === –ë–æ—Ç –∑–∞–ø—É—â–µ–Ω —Å –ª–æ–≥–∏—Ä–æ–≤–∞–Ω–∏–µ–º –ø–ª–∞—Ç–µ–∂–µ–π ===
2026-01-31 04:26:20,360 - bot - INFO - === –ë–æ—Ç –∑–∞–ø—É—â–µ–Ω —Å –ª–æ–≥–∏—Ä–æ–≤–∞–Ω–∏–µ–º –ø–ª–∞—Ç–µ–∂–µ–π ===
2026-01-31 04:29:43,545 - __main__ - INFO - === –ë–æ—Ç –∑–∞–ø—É—â–µ–Ω —Å –ª–æ–≥–∏—Ä–æ–≤–∞–Ω–∏–µ–º –ø–ª–∞—Ç–µ–∂–µ–π ===
2026-01-31 04:29:53,502 - bot - INFO - === –ë–æ—Ç –∑–∞–ø—É—â–µ–Ω —Å –ª–æ–≥–∏—Ä–æ–≤–∞–Ω–∏–µ–º –ø–ª–∞—Ç–µ–∂–µ–π ===
2026-01-31 04:40:16,418 - bot - INFO - === –ë–æ—Ç –∑–∞–ø—É—â–µ–Ω —Å –ª–æ–≥–∏—Ä–æ–≤–∞–Ω–∏–µ–º –ø–ª–∞—Ç–µ–∂–µ–π ===
2026-01-31 04:40:24,177 - bot - INFO - === –ë–æ—Ç –∑–∞–ø—É—â–µ–Ω —Å –ª–æ–≥–∏—Ä–æ–≤–∞–Ω–∏–µ–º –ø–ª–∞—Ç–µ–∂–µ–π ===
2026-01-31 04:41:00,292 - __main__ - INFO - === –ë–æ—Ç –∑–∞–ø—É—â–µ–Ω —Å –ª–æ–≥–∏—Ä–æ–≤–∞–Ω–∏–µ–º –ø–ª–∞—Ç–µ–∂–µ–π ===
2026-01-31 04:41:07,371 - bot - INFO - === –ë–æ—Ç –∑–∞–ø—É—â–µ–Ω —Å –ª–æ–≥–∏—Ä–æ–≤–∞–Ω–∏–µ–º –ø–ª–∞—Ç–µ–∂–µ–π ===
2026-01-31 04:51:17,294 - __main__ - INFO - === –ë–æ—Ç –∑–∞–ø—É—â–µ–Ω —Å –ª–æ–≥–∏—Ä–æ–≤–∞–Ω–∏–µ–º –ø–ª–∞—Ç–µ–∂–µ–π ===
2026-01-31 04:51:28,036 - bot - INFO - === –ë–æ—Ç –∑–∞–ø—É—â–µ–Ω —Å –ª–æ–≥–∏—Ä–æ–≤–∞–Ω–∏–µ–º –ø–ª–∞—Ç–µ–∂–µ–π ===
2026-01-31 04:52:21,338 - __main__ - ERROR - Exception while handling an update: show_test_result_details() takes 7 positional arguments but 8 were given
Traceback (most recent call last):
  File "C:\Users\–°–ê–®–ê–î–ê–®–ê\AppData\Local\Programs\Python\Python314\Lib\site-packages\telegram\ext\_application.py", line 1315, in process_update
    await coroutine
  File "C:\Users\–°–ê–®–ê–î–ê–®–ê\AppData\Local\Programs\Python\Python314\Lib\site-packages\telegram\ext\_handlers\basehandler.py", line 159, in handle_update
    return await self.callback(update, context)
           ^^^^^^^^^^^^^^^^^^^^^^^^^^^^^^^^^^^^
  File "C:\Users\–°–ê–®–ê–î–ê–®–ê\Desktop\marafon_bot\bot.py", line 603, in handle_buttons
    await handle_text(update, context)
  File "C:\Users\–°–ê–®–ê–î–ê–®–ê\Desktop\marafon_bot\bot.py", line 1648, in handle_text
    await process_test_answer(update, context)
  File "C:\Users\–°–ê–®–ê–î–ê–®–ê\Desktop\marafon_bot\bot.py", line 9269, in process_test_answer
    await finish_test(update, context)
  File "C:\Users\–°–ê–®–ê–î–ê–®–ê\Desktop\marafon_bot\bot.py", line 9302, in finish_test
    await show_test_results(update, context, user_id, arc_id, week_num)
  File "C:\Users\–°–ê–®–ê–î–ê–®–ê\Desktop\marafon_bot\bot.py", line 9334, in show_test_results
    await show_test_result_details(update, context, arc_id, arc_title, week_num, score, answers, question_map)
          ~~~~~~~~~~~~~~~~~~~~~~~~^^^^^^^^^^^^^^^^^^^^^^^^^^^^^^^^^^^^^^^^^^^^^^^^^^^^^^^^^^^^^^^^^^^^^^^^^^^^
TypeError: show_test_result_details() takes 7 positional arguments but 8 were given
2026-01-31 05:04:23,978 - __main__ - INFO - === –ë–æ—Ç –∑–∞–ø—É—â–µ–Ω —Å –ª–æ–≥–∏—Ä–æ–≤–∞–Ω–∏–µ–º –ø–ª–∞—Ç–µ–∂–µ–π ===
2026-01-31 05:04:34,704 - bot - INFO - === –ë–æ—Ç –∑–∞–ø—É—â–µ–Ω —Å –ª–æ–≥–∏—Ä–æ–≤–∞–Ω–∏–µ–º –ø–ª–∞—Ç–µ–∂–µ–π ===
2026-01-31 05:19:03,349 - __main__ - INFO - === –ë–æ—Ç –∑–∞–ø—É—â–µ–Ω —Å –ª–æ–≥–∏—Ä–æ–≤–∞–Ω–∏–µ–º –ø–ª–∞—Ç–µ–∂–µ–π ===
2026-01-31 05:19:13,117 - bot - INFO - === –ë–æ—Ç –∑–∞–ø—É—â–µ–Ω —Å –ª–æ–≥–∏—Ä–æ–≤–∞–Ω–∏–µ–º –ø–ª–∞—Ç–µ–∂–µ–π ===
2026-01-31 05:29:29,911 - __main__ - INFO - === –ë–æ—Ç –∑–∞–ø—É—â–µ–Ω —Å –ª–æ–≥–∏—Ä–æ–≤–∞–Ω–∏–µ–º –ø–ª–∞—Ç–µ–∂–µ–π ===
2026-01-31 05:29:40,626 - bot - INFO - === –ë–æ—Ç –∑–∞–ø—É—â–µ–Ω —Å –ª–æ–≥–∏—Ä–æ–≤–∞–Ω–∏–µ–º –ø–ª–∞—Ç–µ–∂–µ–π ===
2026-01-31 12:42:19,905 - __main__ - INFO - === –ë–æ—Ç –∑–∞–ø—É—â–µ–Ω —Å –ª–æ–≥–∏—Ä–æ–≤–∞–Ω–∏–µ–º –ø–ª–∞—Ç–µ–∂–µ–π ===
2026-01-31 12:42:30,487 - bot - INFO - === –ë–æ—Ç –∑–∞–ø—É—â–µ–Ω —Å –ª–æ–≥–∏—Ä–æ–≤–∞–Ω–∏–µ–º –ø–ª–∞—Ç–µ–∂–µ–π ===
2026-01-31 12:44:33,379 - __main__ - INFO - === –ë–æ—Ç –∑–∞–ø—É—â–µ–Ω —Å –ª–æ–≥–∏—Ä–æ–≤–∞–Ω–∏–µ–º –ø–ª–∞—Ç–µ–∂–µ–π ===
2026-01-31 13:03:43,969 - bot - INFO - === –ë–æ—Ç –∑–∞–ø—É—â–µ–Ω —Å –ª–æ–≥–∏—Ä–æ–≤–∞–Ω–∏–µ–º –ø–ª–∞—Ç–µ–∂–µ–π ===
2026-01-31 13:07:48,024 - __main__ - INFO - === –ë–æ—Ç –∑–∞–ø—É—â–µ–Ω —Å –ª–æ–≥–∏—Ä–æ–≤–∞–Ω–∏–µ–º –ø–ª–∞—Ç–µ–∂–µ–π ===
2026-01-31 13:12:39,885 - __main__ - INFO - === –ë–æ—Ç –∑–∞–ø—É—â–µ–Ω —Å –ª–æ–≥–∏—Ä–æ–≤–∞–Ω–∏–µ–º –ø–ª–∞—Ç–µ–∂–µ–π ===
2026-01-31 13:12:50,613 - bot - INFO - === –ë–æ—Ç –∑–∞–ø—É—â–µ–Ω —Å –ª–æ–≥–∏—Ä–æ–≤–∞–Ω–∏–µ–º –ø–ª–∞—Ç–µ–∂–µ–π ===
2026-01-31 13:15:59,900 - __main__ - INFO - === –ë–æ—Ç –∑–∞–ø—É—â–µ–Ω —Å –ª–æ–≥–∏—Ä–æ–≤–∞–Ω–∏–µ–º –ø–ª–∞—Ç–µ–∂–µ–π ===
2026-01-31 13:16:06,663 - bot - INFO - === –ë–æ—Ç –∑–∞–ø—É—â–µ–Ω —Å –ª–æ–≥–∏—Ä–æ–≤–∞–Ω–∏–µ–º –ø–ª–∞—Ç–µ–∂–µ–π ===
2026-01-31 13:32:25,910 - __main__ - INFO - === –ë–æ—Ç –∑–∞–ø—É—â–µ–Ω —Å –ª–æ–≥–∏—Ä–æ–≤–∞–Ω–∏–µ–º –ø–ª–∞—Ç–µ–∂–µ–π ===
2026-01-31 13:32:36,644 - bot - INFO - === –ë–æ—Ç –∑–∞–ø—É—â–µ–Ω —Å –ª–æ–≥–∏—Ä–æ–≤–∞–Ω–∏–µ–º –ø–ª–∞—Ç–µ–∂–µ–π ===
2026-01-31 13:33:46,730 - __main__ - INFO - === –ë–æ—Ç –∑–∞–ø—É—â–µ–Ω —Å –ª–æ–≥–∏—Ä–æ–≤–∞–Ω–∏–µ–º –ø–ª–∞—Ç–µ–∂–µ–π ===
2026-01-31 13:33:57,459 - bot - INFO - === –ë–æ—Ç –∑–∞–ø—É—â–µ–Ω —Å –ª–æ–≥–∏—Ä–æ–≤–∞–Ω–∏–µ–º –ø–ª–∞—Ç–µ–∂–µ–π ===
2026-01-31 13:44:19,467 - __main__ - INFO - === –ë–æ—Ç –∑–∞–ø—É—â–µ–Ω —Å –ª–æ–≥–∏—Ä–æ–≤–∞–Ω–∏–µ–º –ø–ª–∞—Ç–µ–∂–µ–π ===
2026-01-31 13:44:30,210 - bot - INFO - === –ë–æ—Ç –∑–∞–ø—É—â–µ–Ω —Å –ª–æ–≥–∏—Ä–æ–≤–∞–Ω–∏–µ–º –ø–ª–∞—Ç–µ–∂–µ–π ===
2026-01-31 13:54:11,155 - __main__ - INFO - === –ë–æ—Ç –∑–∞–ø—É—â–µ–Ω —Å –ª–æ–≥–∏—Ä–æ–≤–∞–Ω–∏–µ–º –ø–ª–∞—Ç–µ–∂–µ–π ===
2026-01-31 13:54:18,330 - bot - INFO - === –ë–æ—Ç –∑–∞–ø—É—â–µ–Ω —Å –ª–æ–≥–∏—Ä–æ–≤–∞–Ω–∏–µ–º –ø–ª–∞—Ç–µ–∂–µ–π ===
2026-01-31 14:29:06,620 - __main__ - INFO - === –ë–æ—Ç –∑–∞–ø—É—â–µ–Ω —Å –ª–æ–≥–∏—Ä–æ–≤–∞–Ω–∏–µ–º –ø–ª–∞—Ç–µ–∂–µ–π ===
2026-01-31 14:29:17,344 - bot - INFO - === –ë–æ—Ç –∑–∞–ø—É—â–µ–Ω —Å –ª–æ–≥–∏—Ä–æ–≤–∞–Ω–∏–µ–º –ø–ª–∞—Ç–µ–∂–µ–π ===
2026-01-31 14:34:08,564 - __main__ - INFO - === –ë–æ—Ç –∑–∞–ø—É—â–µ–Ω —Å –ª–æ–≥–∏—Ä–æ–≤–∞–Ω–∏–µ–º –ø–ª–∞—Ç–µ–∂–µ–π ===
2026-01-31 14:34:14,696 - bot - INFO - === –ë–æ—Ç –∑–∞–ø—É—â–µ–Ω —Å –ª–æ–≥–∏—Ä–æ–≤–∞–Ω–∏–µ–º –ø–ª–∞—Ç–µ–∂–µ–π ===
2026-01-31 14:38:21,780 - __main__ - INFO - === –ë–æ—Ç –∑–∞–ø—É—â–µ–Ω —Å –ª–æ–≥–∏—Ä–æ–≤–∞–Ω–∏–µ–º –ø–ª–∞—Ç–µ–∂–µ–π ===
2026-01-31 14:38:29,044 - bot - INFO - === –ë–æ—Ç –∑–∞–ø—É—â–µ–Ω —Å –ª–æ–≥–∏—Ä–æ–≤–∞–Ω–∏–µ–º –ø–ª–∞—Ç–µ–∂–µ–π ===
